Case #1: CAB
Case #2: MJA
Case #3: OCDE
Case #4: BBAAA
Case #5: CCCABBBAB
Case #6: CCCBAABAB
Case #7: ZXCASDQWE
Case #8: A
Case #9: CCCCCBBAAAABABB
Case #10: ONGFACEKIBDHMJL
Case #11: CCCCCBBBBBAAAAA
Case #12: DCCCCCBBBBCCBC
Case #13: CCCCCCBBBAAAAAA
Case #14: BAA
Case #15: BAAA
Case #16: RRBAACADABA
Case #17: CCCCCAAAABBBBBA
Case #18: BAAA
Case #19: YTMHFNGPMXTXJXV
Case #20: MMBCGLAKJIHFEDA
Case #21: OBNIDMGHEJLKFCA
Case #22: CCCCBABAABBABAB
Case #23: BAA
Case #24: BAAA
Case #25: CBA
Case #26: ZDABC
Case #27: CCCABABABBAABAA
Case #28: CBA
Case #29: DCBBBAAAAAAAAB
Case #30: CCCCCBBBBBAAAAA
Case #31: CCCCCCBBBBABBAB
Case #32: CCCCCBBBBAAAAAB
Case #33: BA
Case #34: ONMFCBAELHIJKGD
Case #35: ZAAAA
Case #36: CCCBBBBBAAAAABA
Case #37: CCCCCBAAABBBABA
Case #38: CCCCCABBBBBAAAA
Case #39: DDCCBBAAAABCA
Case #40: ZXWVFKFBVFFGJMQ
Case #41: CCCBAAABAAAAAAA
Case #42: CCCCAAABABBBBBB
Case #43: ZABYCXDWEU
Case #44: ONLDKBIFGJECMAH
Case #45: CCCCCBBBBBAAAAA
Case #46: BAAA
Case #47: BBA
Case #48: MMAJICBADEFGHKL
Case #49: ZABCD
Case #50: CCBBBBAAABBAA
Case #51: BA
Case #52: BBB
Case #53: CCCCCBBBBAAAABA
Case #54: OANLFJDHEKGICBM
Case #55: BBA
Case #56: CCBAAAAABAAAB
Case #57: ONGCIBFAHDJMLKE
Case #58: CCCCBBBABABABBB
Case #59: CBBBBAAAAAAAAA
Case #60: BBA
Case #61: ZNFWLRYBNRWDWJW
Case #62: CCCCCBBBBAAAABA
Case #63: MMAHFEDCBAGIJKL
Case #64: ZAYBXCWDUE
Case #65: CBBBBBBBAAAAAA
Case #66: Z
Case #67: OMANKJIEGFDHCBL
Case #68: ZACBA
Case #69: CCCCBBAAABBBABB
Case #70: ZADBC
Case #71: ONFALKJIHGEDCBM
Case #72: DCBBBBBBBBAAAB
Case #73: DDCBBBBBBAAAAC
Case #74: CCCCCBBBBBAAAAA
Case #75: MMAJFECABDGHIKL
Case #76: BAA
Case #77: CAB
Case #78: CCBBBBAAAAAAABB
Case #79: CCCCCCCBBAAABAA
Case #80: CCBBBAAABABABAA
Case #81: CBA
Case #82: ZEDCBAYXWU
Case #83: MMLJIGFECAKHDBA
Case #84: AA
Case #85: YYTRQNWKBSQFTQH
Case #86: OMGELKAIJCFDHBN
Case #87: CCCCCABBBBBAAAA
Case #88: AAA
Case #89: MMAEFGIJALKHDCB
Case #90: OKJIHGFEDCBALNM
Case #91: BBBBBAAAAAAAA
Case #92: CCCCCBBBBAABAAA
Case #93: CBA
Case #94: ZYTBHJHHMTSDPVF
Case #95: ZDCBA
Case #96: CBBBBBBBBAAAA
Case #97: BB
Case #98: CCCCAAABBBABABB
Case #99: CCCCCAAAABBBBBA
Case #100: CCCBBABBAAABABB
