Case #1: 3 4 6
Case #2: 3 6 9 12 13 14 15 17
Case #3: 1 4 7 10 13 17
Case #4: 43 44 45 46 47 48 49
Case #5: 6 10 13
Case #6: 19 20 25 29 36 43 48 55
Case #7: 1 3 6 9 12
Case #8: 1 2 3 4
Case #9: 9 10 12
Case #10: 9 10 11 12
Case #11: 6 9 11 13 17 19
Case #12: 8 10 13 16 17
Case #13: 4 6 8 9 11 13 15 16 17 19
Case #14: 1 2 3
Case #15: 1 3 4 5 7
Case #16: 6 7 9
Case #17: 2 4
Case #18: 32 63 77 102
Case #19: 4 5 6 8 9
Case #20: 4 8
Case #21: 3 4 5
Case #22:
Case #23:
Case #24: 27 34 41 42 47 52 55 57 59
Case #25: 6 8
Case #26: 5 9 13
Case #27: 9 10
Case #28: 3 5 6 7 8 9
Case #29: 10 11 13 17
Case #30: 14 18 25 26 30
Case #31:
Case #32: 9 17 24 30 35 39 42 44 45 63
Case #33: 4 9 13 16 17 18 29
Case #34: 1 4 7 9
Case #35: 20 26 27 29 37 39 41 45 47 53
Case #36: 6 7 10 13 14 16 17
Case #37: 6 8 11 15 17 18 23
Case #38: 2 6
Case #39: 1 2 3 8
Case #40: 91 92 93 94 95 96 97 98 99 100
Case #41: 7 9 11 12 13 16 18
Case #42:
Case #43:
Case #44: 21 27 29 30 33 36 38 39 43 46
Case #45:
Case #46: 114 127 141 165 178 206 216 240 250 268
Case #47:
Case #48: 25 57 97 109 124 135 153
Case #49: 2 3 4 5 8 9 12
Case #50:
