bad
Case #1:
bad
Case #2:
bad
Case #3:
bad
Case #4:
bad
Case #5:
bad
Case #6:
bad
Case #7:
bad
Case #8:
bad
Case #9:
bad
Case #10:
Case #11: 22 222
bad
Case #12:
Case #13: 4 5 6 7 8 9 10
bad
Case #14:
bad
Case #15:
bad
Case #16:
Case #17: 2 22
bad
Case #18:
bad
Case #19:
bad
Case #20:
bad
Case #21:
bad
Case #22:
bad
Case #23:
bad
Case #24:
bad
Case #25:
Case #26: 2 3 4 5 6 7 8 9 10 11
bad
Case #27:
Case #28: 3 4 5
bad
Case #29:
Case #30: 2 3 4
bad
Case #31:
bad
Case #32:
bad
Case #33:
Case #34: 1 2 3
Case #35: 1 2 3 4
bad
Case #36:
bad
Case #37:
bad
Case #38:
bad
Case #39:
bad
Case #40:
bad
Case #41:
bad
Case #42:
bad
Case #43:
bad
Case #44:
bad
Case #45:
bad
Case #46:
bad
Case #47:
bad
Case #48:
bad
Case #49:
bad
Case #50:
