Case #1: [E, A]
Case #2: [R, I, R]
Case #3: [F, D, T]
Case #4: [Z, E, R, A]
Case #5: []
Case #6: [E, D]
Case #7: [C, W, Q]
Case #8: [L, Q, W, A, L, W, L]
Case #9: [D]
Case #10: [S, R, F, A, Q, E, Q, Q, Z]
Case #11: [E, S, W, U, S, Q, W, W, D]
Case #12: [V, E, W, S]
Case #13: [S, A, R, S, F, A, W, X, S]
Case #14: [Q, A, S, E]
Case #15: [Q, G, D]
Case #16: [S, R, S, F, A, E, O, R, D]
Case #17: [W, B, F, E, R, E, A, S, S]
Case #18: [D, Z, E, S]
Case #19: [Q, F]
Case #20: [A, W, Q]
Case #21: []
Case #22: [Z, E, S, Z, E]
Case #23: [D, E, A]
Case #24: [A, E, D, E, F, F, F, O, F]
Case #25: [W, K, S, D, S, Q, D, F, D]
Case #26: [Q, R, G, S, A, W, A, A, E]
Case #27: [A, A, S, G, G, E, A, R]
Case #28: [D, W, S, S, G]
Case #29: [A]
Case #30: [D, A, R, J, F, A, E, Q, R]
Case #31: [V, F, W, F, W, F]
Case #32: [A, S, E, A, W, Q, V, A, Q]
Case #33: [M, E, F, S, A, E, A, S, E]
Case #34: [A, S, D, D, R, N, F, W, R]
Case #35: [R, E, R, A, S, D, S, W, J]
Case #36: [D, R, P, P, S]
Case #37: [W, C, E, W, Q, F, R, A, W]
Case #38: [S, E, A, S, H, H, E, D]
Case #39: [W, A, A, G, W, D, A, Q, A]
Case #40: [F, F, S, R, I, D, D, F, D]
Case #41: [E, W]
Case #42: [Q, Q, W, E, R, G, D, F, S]
Case #43: [A, W, A, R, E, N, E, S, S]
Case #44: [E, R, P, D, D, E, W, Q, R]
Case #45: [Q, S, A, E, S, E, S, F, J]
Case #46: [D, W, W, F, Q, U, Q, W, D]
Case #47: [S, E, R, Q, Y, A, S, A, D]
Case #48: [E, E, E, T, W, A, E, D, S]
Case #49: [E, R]
Case #50: [H, R, Q, A, D, D, W, R, E]
Case #51: [W, F, Q, W, W, N, D, S, W]
Case #52: [E, R, C, D, R, R, R, W, S]
Case #53: [E]
Case #54: [D, E, D, Q, D, W, E, Q, H]
Case #55: [E, A, A, F, F, C, F, F, Q]
Case #56: [S, D, F, Q, R, E, B, F, A]
Case #57: [R, A, Q, L, D, A]
Case #58: [R, W, E, Q, E, D, Q, B, R]
Case #59: [Z, Z, Z, Z, Z]
Case #60: [A, E, F, W, Q, N, Q, Q, F]
Case #61: [D]
Case #62: [D, R, W, B, W, E]
Case #63: [Q, Q, A, A, B, E, D, R, F]
Case #64: [E, R]
Case #65: [F, E, F, S, R, E, F, F, Y]
Case #66: [R, K, S, A, A, E, A, E, R]
Case #67: [F, R, S, C, W, E, S, W, E]
Case #68: [R, U, S, E, R, D, W, W, R]
Case #69: [W, S, R, D, D, S, R, W, M]
Case #70: [F, Q, D]
Case #71: [F]
Case #72: [W, W, D]
Case #73: [A, F, Q, W, W, K, Q, E, W]
Case #74: [W, D, C, A, R, S, R, A, S]
Case #75: [S, P, Q, R]
Case #76: [S, W, G, G, S, E, R, D]
Case #77: [S, W, W, L, E, Q, L, Q]
Case #78: [F, F, E, W, S, Q, I, S, S]
Case #79: [A, A, A, A, A, A, A, A, A, A]
Case #80: [R, Q, F, X, A, R]
Case #81: [F, T, D, S, A, S, F, Q, W]
Case #82: []
Case #83: [W, W, A, W, D, Q, R, T, Q]
Case #84: [Q]
Case #85: [S, J, F, A, D]
Case #86: [Q, R, W]
Case #87: [A, E, E, Q, R, W, E, W, Z]
Case #88: [D, D, R, E, M, S, M, Q]
Case #89: [S, F, R, F, E, A, F, B, E]
Case #90: [A, R, W, W, S, N, E, R, W]
Case #91: [W, W, E]
Case #92: [D, E, A, F, D, E, A, R, S]
Case #93: [D, N]
Case #94: [D, S, F, F, D, H, A, Q, S]
Case #95: []
Case #96: []
Case #97: [W, F, D, F, D, A, Q, W]
Case #98: [A, D, D, F, R, M, E, E, W]
Case #99: [W, A, F, F, Q, S, E, T, F]
Case #100: [F, E, F]
