Case #1:
10000000000000000000000000000111 3 5 5 3 7 5 3 5 11
10000000000000000000000000010011 3 11 5 3 7 17 3 5 11
10000000000000000000000000011001 3 7 5 3 7 23 3 5 7
10000000000000000000000000011111 3 31 3 3 7 3 3 5 3
10000000000000000000000000100101 3 5 5 3 7 5 3 5 11
10000000000000000000000000101111 5 5 3 13 11 3 5 7 3
10000000000000000000000000111101 3 7 3 3 7 3 3 5 3
10000000000000000000000001000011 3 5 5 3 7 5 3 5 11
10000000000000000000000001010111 5 5 3 13 37 3 5 19 3
10000000000000000000000001011011 3 19 3 3 7 3 3 5 3
10000000000000000000000001100001 3 5 5 3 7 5 3 5 11
10000000000000000000000001100111 3 13 3 3 7 3 3 5 3
10000000000000000000000001101011 5 5 3 7 23 3 5 41 3
10000000000000000000000001101101 3 11 3 3 7 3 3 5 3
10000000000000000000000001110101 5 5 3 13 37 3 5 7 3
10000000000000000000000001111111 3 5 5 3 7 5 3 5 11
10000000000000000000000010011001 31 11 7 11 5 37 31 11 41
10000000000000000000000010011101 3 23 3 3 7 3 3 5 3
10000000000000000000000010100111 5 5 3 13 37 3 5 41 3
10000000000000000000000011001101 3 5 3 3 7 3 3 5 3
10000000000000000000000011100011 5 5 3 13 37 3 5 11 3
10000000000000000000000011100101 3 13 3 3 7 3 3 5 3
10000000000000000000000011110001 3 17 3 3 7 3 3 5 3
10000000000000000000000011110111 3 5 5 3 7 5 3 5 11
10000000000000000000000100000001 5 13 3 31 11 3 17 7 3
10000000000000000000000100001001 3 43 5 3 7 47 3 5 11
10000000000000000000000100001111 3 13 3 3 7 3 3 5 3
10000000000000000000000100010101 3 11 11 3 5 5 3 11 41
10000000000000000000000100011011 3 5 3 3 7 3 3 5 3
10000000000000000000000100011101 7 13 3 17 43 3 11 7 3
10000000000000000000000100100111 3 11 3 3 7 3 3 5 3
10000000000000000000000100110011 3 37 3 3 7 3 3 5 3
10000000000000000000000100111001 3 5 3 3 7 3 3 5 3
10000000000000000000000101000111 5 5 3 13 13 3 5 7 3
10000000000000000000000101001011 3 17 3 3 7 3 3 5 3
10000000000000000000000101100011 3 13 3 3 7 3 3 5 3
10000000000000000000000101100101 5 5 3 13 37 3 5 41 3
10000000000000000000000101101001 3 31 3 3 7 3 3 5 3
10000000000000000000000101101111 3 5 5 3 7 5 3 5 11
10000000000000000000000101110001 7 13 3 31 43 3 29 7 3
10000000000000000000000101111111 7 13 3 31 43 3 43 7 3
10000000000000000000000110000001 3 17 5 3 7 17 3 5 11
10000000000000000000000110000111 3 7 3 3 7 3 3 5 3
10000000000000000000000110001101 3 13 3 3 7 3 3 5 3
10000000000000000000000110010011 3 5 3 3 7 3 3 5 3
10000000000000000000000110110001 3 5 3 3 7 3 3 5 3
10000000000000000000000110111101 3 37 5 3 7 29 3 5 11
10000000000000000000000111000001 11 5 13 43 5 29 5 23 19
10000000000000000000000111000011 3 23 3 3 7 3 3 5 3
10000000000000000000000111001001 3 19 3 3 7 3 3 5 3
10000000000000000000000111001111 3 7 5 3 7 17 3 5 7
10000000000000000000000111100001 3 11 3 3 7 3 3 5 3
10000000000000000000000111100111 3 5 5 3 7 5 3 5 11
10000000000000000000000111101101 3 23 5 3 7 11 3 5 11
10000000000000000000000111101111 7 13 3 19 19 3 17 7 3
10000000000000000000000111111101 7 5 3 31 43 3 5 7 3
10000000000000000000001000000101 3 5 5 3 7 5 3 5 11
10000000000000000000001000001101 31 11 11 11 5 17 31 11 41
10000000000000000000001000001111 5 5 3 13 37 3 5 41 3
10000000000000000000001000010001 3 7 5 3 7 43 3 5 7
10000000000000000000001000101001 3 7 13 3 5 23 3 37 7
10000000000000000000001000101101 5 5 3 13 37 3 5 41 3
10000000000000000000001000110101 3 7 3 3 7 3 3 5 3
10000000000000000000001000111011 3 5 13 3 31 43 3 11 7
10000000000000000000001001000001 3 5 5 3 7 5 3 5 11
10000000000000000000001001001011 5 5 3 13 13 3 5 41 3
10000000000000000000001001001101 3 19 3 3 7 3 3 5 3
10000000000000000000001001010101 5 5 3 13 19 3 5 11 3
10000000000000000000001001011001 3 7 3 3 7 3 3 5 3
10000000000000000000001001011111 3 5 5 3 7 5 3 5 11
10000000000000000000001001101001 5 5 3 13 37 3 5 41 3
10000000000000000000001001110001 3 29 3 3 7 3 3 5 3
10000000000000000000001001111101 3 5 5 3 7 5 3 5 7
10000000000000000000001010000111 5 5 3 13 19 3 5 41 3
10000000000000000000001010001001 3 5 11 3 5 13 3 7 41
10000000000000000000001010100101 5 5 3 11 37 3 5 7 3
10000000000000000000001011000011 5 5 3 13 37 3 5 41 3
10000000000000000000001011000101 3 53 3 3 7 3 3 5 3
10000000000000000000001011010111 3 5 5 3 7 5 3 5 11
10000000000000000000001011100001 5 5 3 7 37 3 5 37 3
10000000000000000000001011101011 5 5 17 11 37 5 5 7 7
10000000000000000000001011110101 3 5 5 3 7 5 3 5 11
10000000000000000000001100000101 17 7 11 11 5 23 31 11 7
10000000000000000000001100000111 3 13 3 3 7 3 3 5 3
10000000000000000000001100010101 7 13 3 31 43 3 43 7 3
10000000000000000000001100011001 3 5 3 3 7 3 3 5 3
10000000000000000000001100100101 3 17 3 3 7 3 3 5 3
10000000000000000000001100110001 3 7 3 3 7 3 3 5 3
10000000000000000000001100111111 7 5 3 31 43 3 5 7 3
10000000000000000000001101000101 5 5 3 7 37 3 5 41 3
10000000000000000000001101001001 3 29 3 3 7 3 3 5 3
10000000000000000000001101001111 3 5 5 3 7 5 3 5 11
10000000000000000000001101011111 41 7 3 29 59 3 17 37 3
10000000000000000000001101101101 3 5 5 3 7 5 3 5 11
10000000000000000000001101110111 5 11 3 31 23 3 11 7 3
10000000000000000000001101111001 3 7 5 3 7 11 3 5 7
10000000000000000000001110000001 5 11 11 7 5 5 31 11 41
10000000000000000000001110000101 3 13 3 3 7 3 3 5 3
10000000000000000000001110010001 3 5 3 3 7 3 3 5 3
10000000000000000000001110010111 3 23 5 3 7 31 3 5 11
10000000000000000000001110100001 7 13 3 31 43 3 11 7 3
10000000000000000000001110101111 3 13 3 3 43 3 3 7 3
10000000000000000000001110110101 3 31 5 3 7 47 3 5 11
10000000000000000000001111000111 3 5 5 3 7 5 3 5 7
10000000000000000000001111100101 3 5 5 3 7 5 3 5 11
10000000000000000000001111101111 5 5 17 13 5 5 5 29 13
10000000000000000000001111111101 3 11 5 3 5 11 3 5 11
10000000000000000000010000000011 3 5 5 3 7 5 3 5 11
10000000000000000000010000001001 3 7 5 3 7 11 3 5 7
10000000000000000000010000001111 3 11 3 3 7 3 3 5 3
10000000000000000000010000010111 5 5 3 13 19 3 5 41 3
10000000000000000000010000011011 3 7 3 3 7 3 3 5 3
10000000000000000000010000100001 3 5 5 3 7 5 3 5 11
10000000000000000000010000101011 5 5 3 13 37 3 5 41 3
10000000000000000000010000101101 3 7 3 3 7 3 3 5 3
10000000000000000000010000110101 5 5 3 13 37 3 5 41 3
10000000000000000000010000111111 3 5 5 3 7 5 3 5 7
10000000000000000000010001010011 5 5 3 13 13 3 5 41 3
10000000000000000000010001110001 5 5 3 7 37 3 5 29 3
10000000000000000000010001111011 3 5 5 3 7 5 3 5 11
10000000000000000000010010001101 3 5 3 3 7 3 3 5 3
10000000000000000000010010011001 3 7 3 3 7 3 3 5 3
10000000000000000000010010100011 5 5 3 7 37 3 5 41 3
10000000000000000000010010100101 3 19 3 3 7 3 3 5 3
10000000000000000000010010110111 3 5 5 3 7 5 3 5 11
10000000000000000000010010111101 3 7 5 3 7 13 3 5 7
10000000000000000000010011001001 3 5 3 3 7 3 3 5 3
10000000000000000000010011110011 3 5 5 3 7 5 3 5 11
10000000000000000000010100000111 5 5 3 7 37 3 5 41 3
10000000000000000000010100100011 3 53 3 3 7 3 3 5 3
10000000000000000000010100100101 5 5 3 13 37 3 5 41 3
10000000000000000000010100101001 3 7 3 3 7 3 3 5 3
10000000000000000000010100101111 3 5 5 3 7 5 3 5 11
10000000000000000000010100111011 3 7 5 3 7 43 3 5 7
10000000000000000000010101000011 5 5 3 13 37 3 5 23 3
10000000000000000000010101011001 3 5 13 3 11 43 3 19 7
10000000000000000000010101100001 5 5 3 13 37 3 5 7 3
10000000000000000000010101101011 3 5 5 3 7 5 3 5 11
10000000000000000000010101111101 3 7 3 3 17 3 3 7 3
10000000000000000000010110000011 3 11 3 3 7 3 3 5 3
10000000000000000000010110001001 3 31 3 3 7 3 3 5 3
10000000000000000000010110001011 7 5 11 7 11 11 5 7 29
10000000000000000000010110100111 3 5 5 3 7 5 3 5 11
10000000000000000000010110111001 3 7 5 3 7 43 3 5 7
10000000000000000000010111100011 3 5 5 3 7 5 3 5 11
10000000000000000000010111110111 5 5 7 13 5 5 5 41 7
10000000000000000000011000000001 3 5 5 3 7 5 3 5 7
10000000000000000000011000001011 5 5 3 13 37 3 5 41 3
10000000000000000000011000010011 3 7 3 3 7 3 3 5 3
10000000000000000000011000010101 5 5 3 13 11 3 5 41 3
10000000000000000000011000011111 3 5 5 3 7 5 3 5 11
10000000000000000000011000100101 3 7 3 3 7 3 3 5 3
10000000000000000000011000101001 5 5 3 13 37 3 5 41 3
10000000000000000000011000110111 3 7 5 3 7 43 3 5 7
10000000000000000000011000111101 3 5 5 3 7 5 3 5 11
10000000000000000000011001001001 3 7 3 3 7 3 3 5 3
10000000000000000000011001001111 3 19 5 3 7 29 3 5 11
10000000000000000000011001010001 5 5 3 13 37 3 5 41 3
10000000000000000000011001011011 3 5 5 3 7 5 3 5 7
10000000000000000000011001011111 19 11 3 47 19 3 23 23 3
10000000000000000000011001100001 3 37 3 3 7 3 3 5 3
10000000000000000000011001101101 3 7 5 3 7 41 3 5 7
10000000000000000000011001111001 3 5 5 3 7 5 3 5 11
10000000000000000000011001111111 3 7 5 3 5 43 3 5 7
10000000000000000000011010000011 5 5 3 13 23 3 5 41 3
10000000000000000000011010010001 3 7 3 3 7 3 3 5 3
10000000000000000000011010010111 3 5 5 3 7 5 3 5 11
10000000000000000000011010011101 3 37 5 3 7 11 3 5 11
10000000000000000000011010100001 5 5 3 13 13 3 5 41 3
10000000000000000000011010110101 3 5 5 3 7 5 3 5 7
10000000000000000000011011010011 3 5 5 3 7 5 3 5 11
10000000000000000000011011011001 3 7 5 3 7 43 3 5 7
10000000000000000000011011110001 3 5 5 3 7 5 3 5 11
10000000000000000000011011111101 3 7 5 3 5 43 3 5 7
10000000000000000000011100000101 5 5 3 13 37 3 5 7 3
10000000000000000000011100001111 3 5 5 3 7 5 3 5 11
10000000000000000000011100100001 3 7 3 3 7 3 3 5 3
10000000000000000000011100101101 3 5 5 3 7 5 3 5 11
10000000000000000000011100101111 7 13 3 11 43 3 11 7 3
10000000000000000000011100110011 3 7 5 3 7 43 3 5 7
10000000000000000000011101000001 5 5 3 13 37 3 5 41 3
10000000000000000000011101001011 3 5 5 3 7 5 3 5 11
10000000000000000000011101010001 3 7 13 3 31 11 3 11 7
10000000000000000000011101011111 5 5 17 13 5 5 5 41 59
10000000000000000000011101100011 3 17 5 3 7 13 3 5 11
10000000000000000000011101100111 7 5 3 31 29 3 5 7 3
10000000000000000000011101101001 3 5 5 3 7 5 3 5 7
10000000000000000000011101110101 3 7 3 3 31 3 3 7 3
10000000000000000000011101111011 3 7 5 3 5 17 3 5 7
10000000000000000000011101111101 5 5 17 13 5 5 5 41 19
10000000000000000000011110000001 3 19 3 3 7 3 3 5 3
10000000000000000000011110000111 3 5 5 3 7 5 3 5 11
10000000000000000000011110100101 3 5 5 3 7 5 3 5 11
10000000000000000000011110101111 5 5 17 13 5 5 5 37 7
10000000000000000000011110110001 3 7 5 3 7 29 3 5 7
10000000000000000000011110110101 19 29 3 19 11 3 29 11 3
10000000000000000000011111000011 3 5 5 3 7 5 3 5 11
10000000000000000000011111010111 5 5 17 7 5 5 5 7 23
10000000000000000000011111100001 3 5 5 3 7 5 3 5 11
10000000000000000000011111111001 3 7 5 3 5 13 3 5 7
10000000000000000000011111111111 3 5 3 3 7 3 3 5 3
10000000000000000000100000000001 7 5 3 11 43 3 5 7 3
10000000000000000000100000011101 3 7 3 3 7 3 3 5 3
10000000000000000000100000100111 5 5 3 7 37 3 5 11 3
10000000000000000000100001000111 3 11 3 3 7 3 3 5 3
10000000000000000000100001001101 3 5 3 3 7 3 3 5 3
10000000000000000000100001010011 3 47 3 3 7 3 3 5 3
10000000000000000000100001010101 7 13 3 29 43 3 11 7 3
10000000000000000000100001011111 3 19 5 3 7 13 3 5 11
10000000000000000000100001100011 5 5 3 11 13 3 5 7 3
10000000000000000000100001110001 3 13 3 3 7 3 3 5 3
10000000000000000000100001110111 3 5 5 3 7 5 3 5 11
10000000000000000000100010010101 3 29 3 3 7 3 3 5 3
10000000000000000000100011000101 3 5 3 3 7 3 3 5 3
10000000000000000000100011101111 3 13 3 3 43 3 3 7 3
10000000000000000000100100010011 3 5 3 3 7 3 3 5 3
10000000000000000000100100011001 3 7 3 3 7 3 3 5 3
10000000000000000000100100100101 3 11 3 3 7 3 3 5 3
10000000000000000000100100110001 3 5 3 3 7 3 3 5 3
10000000000000000000100100111101 3 7 5 3 7 11 3 5 7
10000000000000000000100101000011 3 13 3 3 7 3 3 5 3
10000000000000000000100101001001 3 23 3 3 7 3 3 5 3
10000000000000000000100101011111 7 5 3 31 29 3 5 7 3
10000000000000000000100101100111 3 5 5 3 7 5 3 5 11
10000000000000000000100101111011 5 13 3 31 43 3 59 7 3
10000000000000000000100101111111 3 17 5 3 5 11 3 5 11
10000000000000000000100110001001 7 5 3 11 17 3 5 7 3
10000000000000000000100110010001 3 19 3 3 7 3 3 5 3
10000000000000000000100110101111 3 5 3 3 23 3 3 29 3
10000000000000000000100111000001 3 13 3 3 7 3 3 5 3
10000000000000000000100111000111 3 17 5 3 7 23 3 5 11
10000000000000000000100111001111 7 13 3 23 13 3 37 7 3
10000000000000000000100111010011 3 37 5 3 7 11 3 5 11
10000000000000000000100111101011 3 5 3 3 19 3 3 7 3
10000000000000000000100111111101 3 47 5 3 5 5 3 5 11
10000000000000000000101000000111 5 5 3 13 29 3 5 7 3
10000000000000000000101000010101 3 7 3 3 7 3 3 5 3
10000000000000000000101000100101 5 5 3 13 37 3 5 41 3
10000000000000000000101000101111 5 5 17 11 37 5 5 41 17
10000000000000000000101000110001 7 13 3 23 43 3 17 7 3
10000000000000000000101000111111 3 7 3 3 17 3 3 7 3
10000000000000000000101001000011 5 5 3 7 17 3 5 29 3
10000000000000000000101001010001 3 59 3 3 7 3 3 5 3
10000000000000000000101001010111 3 5 5 3 7 5 3 5 11
10000000000000000000101001011101 3 7 5 3 7 43 3 5 7
10000000000000000000101001100001 5 5 3 13 37 3 5 41 3
10000000000000000000101001110101 3 5 5 3 7 5 3 5 11
10000000000000000000101010100111 5 5 17 13 37 5 5 41 7
10000000000000000000101010111101 3 5 3 3 23 3 3 7 3
10000000000000000000101011100011 5 5 17 13 11 5 5 41 13
10000000000000000000101011100111 3 13 3 3 43 3 3 7 3
10000000000000000000101011110111 5 5 17 7 5 5 5 41 23
10000000000000000000101100010001 3 5 3 3 7 3 3 5 3
10000000000000000000101100011101 3 23 5 3 7 17 3 5 11
10000000000000000000101100101001 3 7 13 3 31 5 3 17 7
10000000000000000000101100110101 3 7 5 3 7 43 3 5 7
10000000000000000000101100111011 3 7 3 3 13 3 3 7 3
10000000000000000000101101000111 3 5 5 3 7 5 3 5 11
10000000000000000000101101001101 3 11 5 3 7 37 3 5 11
10000000000000000000101101010111 7 13 3 31 43 3 17 7 3
10000000000000000000101101011001 3 7 5 3 7 43 3 5 7
10000000000000000000101101100101 3 5 5 3 7 5 3 5 11
10000000000000000000101101110001 3 19 5 3 7 13 3 5 11
10000000000000000000101101110011 7 5 3 11 43 3 5 7 3
10000000000000000000101101111101 3 7 5 3 5 43 3 5 7
10000000000000000000101110001111 3 5 3 3 43 3 3 7 3
10000000000000000000101110101011 5 13 3 31 43 3 11 5 3
10000000000000000000101110111001 3 7 3 3 31 3 3 7 3
10000000000000000000101111010101 7 5 3 11 11 3 5 7 3
10000000000000000000101111011101 3 17 5 3 5 5 3 5 11
10000000000000000000101111100011 3 13 3 3 43 3 3 7 3
10000000000000000000101111100111 5 5 13 13 5 5 5 41 31
10000000000000000000110000000111 3 17 3 3 7 3 3 5 3
10000000000000000000110000001101 3 5 3 3 7 3 3 5 3
10000000000000000000110000011001 3 53 3 3 7 3 3 5 3
10000000000000000000110000011111 3 7 5 3 7 11 3 5 7
10000000000000000000110000100011 5 5 3 13 37 3 5 41 3
10000000000000000000110000110111 3 5 5 3 7 5 3 5 11
10000000000000000000110001001001 3 5 3 3 7 3 3 5 3
10000000000000000000110001100001 3 13 3 3 7 3 3 5 3
10000000000000000000110001101111 7 5 3 31 43 3 5 7 3
10000000000000000000110001110011 3 5 5 3 7 5 3 5 11
10000000000000000000110001111101 5 13 3 31 43 3 23 7 3
10000000000000000000110010000101 3 5 3 3 7 3 3 5 3
10000000000000000000110010011101 3 7 5 3 7 43 3 5 7
10000000000000000000110011000001 3 5 3 3 7 3 3 5 3
10000000000000000000110011011001 3 41 5 3 7 29 3 5 11
10000000000000000000110011101101 7 13 3 17 43 3 13 7 3
10000000000000000000110011111101 3 5 5 3 5 31 3 5 11
10000000000000000000110100000011 3 29 3 3 7 3 3 5 3
10000000000000000000110100001001 3 7 3 3 7 3 3 5 3
10000000000000000000110100010101 3 5 13 3 31 11 3 53 7
10000000000000000000110100011011 3 7 5 3 7 43 3 5 7
10000000000000000000110100100111 3 5 5 3 7 5 3 5 11
10000000000000000000110100101101 3 7 5 3 7 43 3 5 7
10000000000000000000110100111001 3 29 5 3 7 41 3 5 11
10000000000000000000110100111111 3 7 5 3 5 43 3 5 7
10000000000000000000110101001111 5 11 3 11 17 3 41 7 3
10000000000000000000110101011101 3 7 3 3 13 3 3 7 3
10000000000000000000110101100011 3 5 5 3 7 5 3 5 11
10000000000000000000110101111001 7 5 3 31 43 3 5 7 3
10000000000000000000110110000001 3 11 3 3 7 3 3 5 3
10000000000000000000110110001101 3 17 5 3 7 17 3 5 11
10000000000000000000110110011001 3 5 5 3 7 43 3 5 7
10000000000000000000110110100101 3 29 5 3 7 29 3 5 11
10000000000000000000110110110001 3 31 5 3 7 11 3 5 11
10000000000000000000110110111101 3 7 5 3 5 5 3 5 7
10000000000000000000110111001101 7 13 3 31 43 3 31 7 3
10000000000000000000110111001111 3 5 5 3 5 47 3 5 11
10000000000000000000110111011011 3 59 5 3 5 5 3 5 11
10000000000000000000110111101001 7 13 3 19 19 3 11 7 3
10000000000000000000110111110011 3 11 5 3 5 11 3 5 11
10000000000000000000111000000011 5 5 3 13 11 3 5 41 3
10000000000000000000111000000101 3 7 3 3 7 3 3 5 3
10000000000000000000111000001011 3 7 13 3 31 11 3 19 7
10000000000000000000111000010111 3 5 5 3 7 5 3 5 7
10000000000000000000111000100001 5 5 3 11 37 3 5 7 3
10000000000000000000111000101111 3 7 3 3 31 3 3 7 3
10000000000000000000111000110101 3 5 5 3 7 5 3 5 11
10000000000000000000111001000001 3 17 3 3 7 3 3 5 3
10000000000000000000111001001101 3 7 5 3 7 43 3 5 7
10000000000000000000111001010011 3 5 5 3 7 5 3 5 11
10000000000000000000111001011111 3 7 5 3 5 43 3 5 7
10000000000000000000111001100101 3 37 5 3 7 47 3 5 11
10000000000000000000111001100111 5 13 3 19 43 3 11 7 3
10000000000000000000111001110001 3 5 5 3 7 5 3 5 11
10000000000000000000111001111011 5 5 17 13 5 5 5 41 17
10000000000000000000111010010101 3 7 5 3 7 43 3 5 7
10000000000000000000111010011011 3 5 3 3 31 3 3 43 3
10000000000000000000111010101101 3 7 3 3 11 3 3 7 3
10000000000000000000111010110011 3 17 3 3 13 3 3 11 3
10000000000000000000111010111111 3 7 13 3 31 43 3 47 7
10000000000000000000111011000101 3 11 5 3 7 17 3 5 11
10000000000000000000111011011101 3 5 5 3 5 11 3 5 7
10000000000000000000111011100101 7 5 3 11 43 3 5 7 3
10000000000000000000111011110011 5 5 17 11 5 5 5 7 7
10000000000000000000111100000001 3 7 3 3 7 3 3 5 3
10000000000000000000111100000111 3 5 5 3 7 5 3 5 11
10000000000000000000111100010011 3 7 5 3 7 43 3 5 7
10000000000000000000111100011101 7 5 3 31 43 3 5 7 3
10000000000000000000111100100101 3 5 5 3 7 5 3 5 7
10000000000000000000111100101011 3 7 3 3 31 3 3 7 3
10000000000000000000111100110111 3 7 5 3 5 17 3 5 7
10000000000000000000111101000011 3 5 5 3 7 5 3 5 11
10000000000000000000111101001001 3 7 5 3 7 43 3 5 7
10000000000000000000111101010101 3 7 3 3 31 3 3 7 3
10000000000000000000111101011011 3 7 5 3 5 43 3 5 7
10000000000000000000111101100001 3 5 5 3 7 5 3 5 11
10000000000000000000111101101101 3 7 5 3 5 43 3 5 7
10000000000000000000111101110001 7 13 3 17 11 3 41 7 3
10000000000000000000111101110011 3 19 5 3 5 23 3 5 11
10000000000000000000111101111001 3 37 5 3 5 37 3 5 11
10000000000000000000111101111111 3 5 3 3 7 3 3 5 3
10000000000000000000111110000101 3 19 5 3 7 11 3 5 11
10000000000000000000111110001011 3 5 3 3 13 3 3 11 3
10000000000000000000111110010001 3 7 5 3 7 13 3 5 7
10000000000000000000111110011101 3 11 5 3 5 5 3 5 11
10000000000000000000111110101001 3 5 3 3 31 3 3 7 3
10000000000000000000111110110101 3 7 5 3 5 43 3 5 7
10000000000000000000111111000101 5 13 3 31 43 3 11 7 3
10000000000000000000111111011001 3 7 5 3 5 5 3 5 7
10000000000000000000111111100001 7 13 3 23 13 3 17 7 3
10000000000000000000111111110111 3 5 3 3 7 3 3 5 3
10000000000000000000111111111101 3 7 3 3 7 3 3 5 3
10000000000000000001000000001001 3 41 5 3 7 13 3 5 11
10000000000000000001000000011011 3 5 3 3 7 3 3 5 3
10000000000000000001000000100111 3 13 3 3 7 3 3 5 3
10000000000000000001000000101011 17 11 3 7 11 3 17 17 3
10000000000000000001000000111001 3 5 3 3 7 3 3 5 3
10000000000000000001000001000111 5 5 3 11 37 3 5 41 3
10000000000000000001000001010001 3 19 23 3 5 5 3 7 19
10000000000000000001000001100011 3 7 3 3 7 3 3 5 3
10000000000000000001000001100101 5 5 3 13 17 3 5 41 3
10000000000000000001000001101001 3 11 3 3 7 3 3 5 3
10000000000000000001000001101111 3 5 5 3 7 5 3 5 11
10000000000000000001000001111011 3 59 5 3 7 13 3 5 11
10000000000000000001000010000111 3 17 3 3 7 3 3 5 3
10000000000000000001000010010011 3 5 3 3 7 3 3 5 3
10000000000000000001000010100101 3 13 3 3 7 3 3 5 3
10000000000000000001000010110001 3 5 3 3 7 3 3 5 3
10000000000000000001000011000011 3 19 3 3 7 3 3 5 3
10000000000000000001000011001001 3 29 3 3 7 3 3 5 3
10000000000000000001000011100001 3 7 3 3 7 3 3 5 3
10000000000000000001000011100111 3 5 5 3 7 5 3 5 11
10000000000000000001000011111001 3 23 5 3 7 41 3 5 11
10000000000000000001000100001011 3 5 3 3 7 3 3 5 3
10000000000000000001000100010101 7 5 3 31 43 3 5 7 3
10000000000000000001000100100011 3 11 3 3 7 3 3 5 3
10000000000000000001000100101001 3 5 3 3 7 3 3 5 3
10000000000000000001000100110001 7 13 3 31 11 3 43 7 3
10000000000000000001000100111011 3 37 5 3 7 11 3 5 11
10000000000000000001000101110111 3 5 3 3 43 3 3 7 3
10000000000000000001000110000011 3 5 3 3 7 3 3 5 3
10000000000000000001000110000101 7 13 3 31 43 3 29 7 3
10000000000000000001000110001111 3 7 5 3 7 13 3 5 7
10000000000000000001000110011011 3 29 5 3 7 5 3 5 11
10000000000000000001000110100001 3 5 3 3 7 3 3 5 3
10000000000000000001000110111101 7 13 3 11 43 3 13 7 3
10000000000000000001000110111111 3 5 5 3 5 11 3 5 11
10000000000000000001000111100111 7 7 3 19 19 3 11 7 3
10000000000000000001000111101001 3 17 5 3 7 11 3 5 11
10000000000000000001000111110101 3 11 3 3 13 3 3 7 3
10000000000000000001001000001001 5 11 11 11 5 5 31 11 41
10000000000000000001001000011001 3 5 3 3 7 3 3 5 3
10000000000000000001001000110001 3 11 3 3 7 3 3 5 3
10000000000000000001001000111101 3 7 5 3 7 43 3 5 7
10000000000000000001001001000101 5 5 3 13 37 3 5 41 3
10000000000000000001001001001111 3 5 5 3 7 5 3 5 11
10000000000000000001001001100001 3 23 3 3 7 3 3 5 3
10000000000000000001001001101101 3 5 5 3 7 5 3 5 11
10000000000000000001001010010001 3 5 3 3 7 3 3 5 3
10000000000000000001001011000001 3 17 3 3 7 3 3 5 3
10000000000000000001001011000111 3 5 5 3 7 5 3 5 11
10000000000000000001001011011001 3 47 5 3 7 37 3 5 11
10000000000000000001001011011111 3 13 5 3 5 13 3 5 11
10000000000000000001001011100101 3 5 5 3 7 5 3 5 11
10000000000000000001001011101111 5 5 7 13 5 5 5 41 19
10000000000000000001001100001001 3 5 3 3 7 3 3 5 3
10000000000000000001001100110011 3 5 5 3 7 23 3 5 11
10000000000000000001001100111001 3 7 5 3 7 43 3 5 7
10000000000000000001001100111111 3 11 5 3 5 5 3 5 11
10000000000000000001001101100011 3 47 5 3 7 29 3 5 11
10000000000000000001001101101001 3 13 5 3 7 17 3 5 11
10000000000000000001001101111101 7 11 11 11 5 41 17 7 41
10000000000000000001001110000001 3 5 3 3 7 3 3 5 3
10000000000000000001001110010011 3 17 5 3 7 17 3 5 11
10000000000000000001001110011001 3 31 5 3 7 5 3 5 11
10000000000000000001001110100101 3 19 5 3 7 31 3 5 11
10000000000000000001001110100111 7 5 3 31 43 3 5 7 3
10000000000000000001001110110101 7 13 3 17 41 3 11 7 3
10000000000000000001001111001111 3 7 5 3 5 29 3 5 7
10000000000000000001001111110011 3 23 5 3 5 5 3 5 11
10000000000000000001001111111001 3 5 5 3 5 11 3 5 11
10000000000000000001010000000111 5 5 3 13 23 3 5 41 3
10000000000000000001010000001011 3 11 3 3 7 3 3 5 3
10000000000000000001010000100011 3 23 3 3 7 3 3 5 3
10000000000000000001010000100101 5 5 3 13 37 3 5 7 3
10000000000000000001010000101001 3 17 3 3 7 3 3 5 3
10000000000000000001010000101111 3 5 5 3 7 5 3 5 11
10000000000000000001010001000011 5 5 3 13 11 3 5 11 3
10000000000000000001010001010111 5 5 7 7 37 5 5 41 23
10000000000000000001010001100001 5 5 3 13 37 3 5 41 3
10000000000000000001010001101011 3 5 5 3 7 5 3 5 11
10000000000000000001010001110101 5 5 17 13 37 5 5 37 7
10000000000000000001010010001001 3 59 3 3 7 3 3 5 3
10000000000000000001010010100111 3 5 5 3 7 5 3 5 11
10000000000000000001010010111001 3 11 5 3 7 17 3 5 11
10000000000000000001010011100011 3 5 5 3 7 5 3 5 7
10000000000000000001010011110111 5 5 11 13 5 5 5 7 13
10000000000000000001010100000101 7 13 3 31 13 3 11 7 3
10000000000000000001010100111101 3 7 3 3 11 3 3 7 3
10000000000000000001010101100111 3 13 3 3 43 3 3 7 3
10000000000000000001010101101111 5 5 17 13 5 5 5 11 7
10000000000000000001010110101101 7 5 3 29 43 3 5 7 3
10000000000000000001010111001001 5 7 29 47 23 5 37 7 7
10000000000000000001010111100101 3 13 3 3 19 3 3 7 3
10000000000000000001011000000101 5 5 3 11 37 3 5 41 3
10000000000000000001011000001001 3 7 3 3 7 3 3 5 3
10000000000000000001011000001111 3 5 5 3 7 5 3 5 11
10000000000000000001011000011011 3 7 5 3 7 43 3 5 7
10000000000000000001011000101101 3 5 5 3 7 5 3 5 7
10000000000000000001011000111111 3 7 5 3 5 41 3 5 7
10000000000000000001011001000001 5 5 3 13 17 3 5 41 3
10000000000000000001011001001011 3 5 5 3 7 5 3 5 11
10000000000000000001011001010101 5 5 17 13 37 5 5 7 59
10000000000000000001011001011101 3 7 3 3 31 3 3 23 3
10000000000000000001011001101001 3 5 5 3 7 5 3 5 11
10000000000000000001011010000111 3 5 5 3 7 5 3 5 11
10000000000000000001011010011001 3 7 5 3 7 11 3 5 7
10000000000000000001011010100101 3 5 5 3 7 5 3 5 11
10000000000000000001011010101111 5 5 17 13 5 5 5 41 17
10000000000000000001011010111101 3 7 5 3 5 23 3 5 7
10000000000000000001011011000011 3 5 5 3 7 5 3 5 11
10000000000000000001011011010111 5 5 17 11 5 5 5 13 7
10000000000000000001011011011011 3 17 5 3 5 11 3 5 11
10000000000000000001011011100001 3 5 5 3 7 5 3 5 11
10000000000000000001011011111001 3 13 5 3 5 29 3 5 11
10000000000000000001011011111111 3 5 3 3 7 3 3 5 3
10000000000000000001011100010001 3 7 13 3 23 17 3 29 7
10000000000000000001011100101001 3 7 5 3 7 13 3 5 7
10000000000000000001011100101111 3 43 5 3 5 11 3 5 11
10000000000000000001011100110101 3 5 3 3 31 3 3 7 3
10000000000000000001011100111011 3 7 5 3 5 5 3 5 7
10000000000000000001011101011001 3 7 3 3 19 3 3 31 3
10000000000000000001011110011011 3 5 5 3 5 59 3 5 11
10000000000000000001011110100001 3 11 5 3 7 37 3 5 11
10000000000000000001011110111001 3 5 5 3 5 43 3 5 7
10000000000000000001011111000101 3 11 3 3 11 3 3 47 3
10000000000000000001011111100101 5 5 17 13 5 5 5 41 7
10000000000000000001011111101111 3 5 3 3 7 3 3 5 3
10000000000000000001100000000111 3 13 3 3 7 3 3 5 3
10000000000000000001100000010011 3 5 3 3 7 3 3 5 3
10000000000000000001100000010101 7 13 3 31 13 3 59 7 3
10000000000000000001100000100011 7 13 3 31 29 3 11 7 3
10000000000000000001100000110001 3 5 3 3 7 3 3 5 3
10000000000000000001100000111111 5 13 3 31 43 3 23 7 3
10000000000000000001100001000011 3 7 3 3 7 3 3 5 3
10000000000000000001100001000101 11 41 3 11 19 3 17 17 3
10000000000000000001100001100111 3 5 5 3 7 5 3 5 7
10000000000000000001100010000101 3 13 3 3 7 3 3 5 3
