Case #1: 8 2
Case #2: 0 0
Case #3: 7 2
Case #4: 6 1
Case #5: 0 0
Case #6: 9 3
Case #7: 0 0
Case #8: 7 0
Case #9: 4 0
Case #10: 10 3
Case #11: 6 2
Case #12: 0 0
Case #13: 8 3
Case #14: 3 2
Case #15: 0 0
Case #16: 5 3
Case #17: 8 2
Case #18: 10 10
Case #19: 1 1
Case #20: 1 1
Case #21: 0 0
Case #22: 7 3
Case #23: 7 2
Case #24: 6 2
Case #25: 0 0
Case #26: 2 1
Case #27: 0 0
Case #28: 8 1
Case #29: 9 3
Case #30: 8 3
Case #31: 0 0
Case #32: 5 2
Case #33: 3 2
Case #34: 8 3
Case #35: 0 0
Case #36: 7 1
Case #37: 0 0
Case #38: 7 2
Case #39: 0 0
Case #40: 3 3
Case #41: 5 1
Case #42: 9 3
Case #43: 7 0
Case #44: 8 4
Case #45: 0 0
Case #46: 10 10
Case #47: 5 2
Case #48: 7 4
Case #49: 0 0
Case #50: 7 1
