Case #1:
GGG
CCC
JJJ
Case #2:
CODE
CODE
JJAM
Case #3:
CA
KE
Case #4:
FFA
BCC
DDD
EEE
Case #5:
CCJJ
CCJJ
CCJJ
Case #6:
GCK
DIE
FJL
AHB
Case #7:
EAC
DBB
DBB
DBB
Case #8:
AAB
Case #9:
CCC
AAB
FFF
DDE
Case #10:
BBBB
EEAA
CDDD
Case #11:
CCB
EEE
FFF
DDA
Case #12:
AAB
CCC
DDE
FFF
Case #13:
EEEE
ABBB
DFCC
Case #14:
AAA
Case #15:
CDBF
AAEE
AAEE
Case #16:
FEE
FEE
BDC
AAA
Case #17:
ADD
BBB
CCE
Case #18:
A
A
B
B
C
C
D
D
E
E
F
F
Case #19:
CD
BA
Case #20:
AAA
CEF
DDD
BBB
Case #21:
CCBF
DDHG
AAAE
Case #22:
AAAA
BBBB
CCCC
Case #23:
AAA
EEE
DCB
FFF
Case #24:
AAAA
BBBB
CCCC
Case #25:
AA
AA
AA
BB
Case #26:
BBB
CAD
FFF
EEE
Case #27:
GDBI
HJCF
AAEK
Case #28:
ECB
DDA
Case #29:
FAH
CEI
GBB
DDD
Case #30:
ABC
Case #31:
DDDD
EEEB
CCAA
Case #32:
AAA
AAA
Case #33:
BBA
DDD
FEE
CCC
Case #34:
ECBB
FAHH
GDDD
Case #35:
AA
Case #36:
EDDD
BBAA
CCCC
Case #37:
AAAE
CCCC
BBBD
Case #38:
BBB
ECA
ECA
DFF
Case #39:
AA
CC
BB
DD
DD
EE
Case #40:
EAD
BCF
BCF
BCF
Case #41:
DAHF
EJIG
KLCB
Case #42:
EEA
DDF
DDF
CCB
Case #43:
FFE
AGC
BBD
BBD
Case #44:
EBBB
FAAA
DCGG
Case #45:
DDCC
EEAA
BBBB
Case #46:
IIG
AAC
DEH
BBF
Case #47:
CCCC
AAED
BBBB
Case #48:
BB
AA
Case #49:
EEEE
BBBB
DDAC
Case #50:
CA
BB
Case #51:
HHH
CFF
DGG
EAB
Case #52:
AA
BB
CC
DD
EE
FF
Case #53:
AAAA
BBBB
EDDC
Case #54:
CCC
BAD
Case #55:
FACG
HDBB
EEEE
Case #56:
DHI
AEC
GGB
FFF
Case #57:
A
Case #58:
AAD
FFB
EEE
CCC
Case #59:
ACDD
EEEE
BBBB
Case #60:
AAA
DDF
CEE
BBB
Case #61:
HCA
GBD
EEF
III
Case #62:
A
A
Case #63:
AAJK
FCHD
EGBI
Case #64:
DCBB
DCBB
EEEA
Case #65:
ABCD
ABCD
ABCD
Case #66:
AA
AA
Case #67:
B
A
Case #68:
ACCC
EEEE
BBDF
Case #69:
ECCC
BBBB
AAAD
Case #70:
CCB
AAA
Case #71:
ABCD
ABCD
ABCD
Case #72:
HJII
KBCD
GAEF
Case #73:
DEAA
CCCB
CCCB
Case #74:
BBBA
EEED
CCCC
Case #75:
ABC
DDD
EEE
Case #76:
AAAA
BBBB
CCCC
Case #77:
EDDC
BBBB
AAAA
Case #78:
AB
Case #79:
AAB
CCC
DDD
EEF
Case #80:
AAAA
BBBC
DDEF
Case #81:
GGG
FFF
BHA
EDC
Case #82:
BBB
DDD
FAE
CCC
Case #83:
CCBB
DDFA
EEEE
Case #84:
AABB
CCCD
EEFF
Case #85:
AAD
EEB
FFF
CCC
Case #86:
EBA
DCF
Case #87:
DDD
EEE
ACF
BBB
Case #88:
EEE
CFF
BAA
DDD
Case #89:
AABBCCDDEEFF
Case #90:
AAAA
BBBB
CCCC
Case #91:
BBB
DFI
JAH
CEG
Case #92:
CCCC
DDDA
EBBB
Case #93:
BBBB
AAAA
Case #94:
BCC
AED
FFF
FFF
Case #95:
BBBB
CCAD
EEEE
Case #96:
CEK
DGI
BHJ
FFA
Case #97:
BBA
BBA
Case #98:
HDEF
CCIB
AAAG
Case #99:
AABBCC
DDDEEF
Case #100:
ABCD
ABCD
ABCD
