636026206
2
3
2
4
3
2
3
4
9
2
7
2
4
6
5
6
4
12
3
5
4
6
10
2
4
46
7
6
7
2
3
52
8
4
3
5
28
4
9
6
5
2
7
2
10
5
3
22
9
7
5
2
6
14
18
10
5
78
3
8
3
5
11
2
6
28
5
8
14
3
6
2
46
18
11
8
5
2
3
10
16
102
5
4
52
2
11
5
21
6
3
8
5
22
28
6
9
2
11
3
11
6
5
4523
4816
2923
3429
13626
250
5676
1665
1185
1916
2783
2733
3762
1873
4888
5838
1799
21357
62
2076
3506
1001
1180
2824
2566
2250
3221
10634
2428
2733
1538
2606
1824
4161
1277
2684
2155
3702
2795
6360
1851
230
6876
1716
5741
4697
6838
2989
1361
2610
3394
2092
31003
2295
743
50005506
2273
14140
5608
2943
4770
23732
6168
17152
6170
41906
9284
11356
1218
2346
58633
1955
2903
1128
2623
4196
2693
2820
1515
3486
5375
8427
2406
5090
14503
4565
937
11927
2162
3610
5292
4372
4922
6464
1671
2613
2263
2142108328
3691
2539
1690
1297
2001
5474
1961
6057
22308
3724
2133
3342
3092
3326
1941
1569
3563
11256
140
4047
2839
2174
2030
1969
21468
4862
2047
3180
18249
2728
13084
1929
3574
1749
1810
5264
5329
7188
18187
1415
2186
1818
55452
4192
2916
146720
2074
2029
3761
2503
1439
8478
2499
1776
4623
2861
2199
1888
2033
3566
3307
1459
122
3928
1864
2342
2329
1792
2093
1883
1683
813
2225
7617
2681
50143
2000
3998
6734
1834
2688
26201
1019
2368
2666
1826
5739
4461
2250
2335
28163
2836
18590
1603
2671
9896
13008
1186
4239
4967
3240
1085
10497
4645
2441
2659
1392
19279
2189
3025
7323
2999
3836
1587
497658
27695
1691
6728
2693
2142
4391
10735
2971
1515
7247
2112
3137
11161
3712
3554
2014
1433
1646
2516
4311
10762
10003
2350
1566
3160
3330
6680
2253
6677
2019
8263
3916
21335
3634
1637
6117
1953
99
3148
1104
5442
2512
2159
4779
1645
10134
3264
1537
89418
4092
4779
1766
6012
2066
1427
2006
1058
1962
3112
2385
2173
3316
2229
4112
4228
3903
241
1354
2359
2724
134046
1764
2293
1570
3220
1313
4337
2708
4473
941
1287
5598
2838
3832
1549
668
4121
1107
1091
4607
2322
3163
1537
1156
32946
6793
2498
1917
1782
2901
19445
7100
2031
1198
4813
1652
1647
3302
17397
1011
6882
21266
3810
1555
3152
9943
2103
13517
2264
2076
2168
2944
22560
3257
5284
1814
6394
14693
1401
524
18097
28047
652
2091
2049
2937
3521
1739
3380
469
2766
9434
645
271
9764
584
5473
2220
6755
1470
1207
2371
547
10018
2260
779
341
3460
1165
2701
1287
1491
1013
1577
610
1392
12605
1411
1038
2192
1326
816
50
58
1160
5001
1520
1343
4357
402
3361
1153
17227
365
2698
83
602
201
239
4383
1115
3469
1157
967
1180
1707
4178
608
1533
1599
817
1352
469
1650
2197
4947
250
242
617
145
675
1213
77
22277
188
1244
245
4964
1589
71
1053
207
6273
1637
6249
371
518
851
1068
3380
4335
8861
849
8933
2041
1672
852
888
2055
2
2625
2
1951
2
5455
1742
985
2
2
2
2
2
188
2
2
17953
2
2
2757
1476
1959
84948
2
3328
2027
2
43635
2
2
2048
2
2
1742
3060
5719276
2403
2
2
2
2
3874
2
1906
2
2
1155
2432
2
