111010011111111
10011110110110
1110101110001
101010001000000
11111000101110
10101001110
10100011001111
111011011001100
101010101100101
111100010010
101001100110111
10011100011001000
100001010010011
100100011110
11111110111010
10010100111111100
100010110101111
101001011011011110
1001010011001111
11111000010000
111100100111011
10001001100011110
1000011111010101
1000001001100
1000110110100
11010111001110
1011000101100011
10110000001000
11110100011101
11101010
111010011011101
10100101001100
11011001100001
110100100010110
1100111101110
110100111100000
10101001001011111
110110110110010
10110011110011
11111000000100
11000101110111
11000110001010
10111101
1011101110101000
1010001110111010
110000001000001010
101000001100011
1011101011011100
10100010111001
111101111100
11010110000001
11011010000
1100100011101011
1101110000000010
100111011110110
10111111010100
1101000010100011
11010111010110
101111111010111
11100000011000
11111111001
11111001011010
101101011010101
110110000100100
11010001001010
1110110011000110
10000001001010111
10101000000000
101100000110011
10000010111010
1001111101011
1011011100100
1110100101111111
1000000000100010
110110110100
100011000111000
110000101101111
1011101101100100010
111011010101111
11111111111111111111111111100
110010011111
111000010
111100001001111
1111001100010000
111010000010
110111011000110
110110011001111
1110000100100
110101011100011
11110000001110
101011011001111
11111110000011000
111101101
11111110000000010
111110011111110
11110000000011100
10000010100111001

11111000000001111
100000
