0.0402046
0.053426
0.0666687
0.0662729
0.065948
0.0657123
0.0654735
0.065182
0.0649019
0.0647
0.0644786
0.0642443
0.0591903
0.0589864
0.0452556
0.0325073
0.0403568
0.0485317
0.0395813
0.0206292
0.040897
0.053462
0.0633198
0.0629649
0.0626662
0.0624431
0.0622102
0.0619243
0.0616494
0.061464
0.0612434
0.0610097
0.0571845
0.056998
0.0535582
0.0465924
0.0361109
0.0426741
0.0519429
0.0487633
0.0420555
0.0235845
0.0184681
0.0231112
0.0277656
0.0249496
0.0408131
0.0528647
0.0607093
0.0603814
0.060101
0.0598876
0.0596604
0.0593799
0.0591194
0.0589364
0.058718
0.0585032
0.0554162
0.0552319
0.0524336
0.0468247
0.0391073
0.0389169
0.038276
0.0435052
0.0508894
0.0483448
0.0429827
0.0429292
0.0376427
0.0282436
0.0241419
0.0275329
0.0335631
0.0334293
0.0378926
0.0377678
0.0348327
0.0417615
0.0412459
0.0502309
0.0550379
0.0547575
0.0545221
0.0543358
0.05412
0.0538595
0.0536091
0.0534356
0.0532433
0.0530535
0.0528692
0.0527001
0.0499165
0.0471551
0.0422864
0.0420467
0.0418555
0.044259
0.0466422
0.0511851
0.0486396
0.0461359
0.0460804
0.0436309
0.0370661
0.0329734
0.0226622
0.0317303
0.0358638
0.0418248
0.0435023
0.0450489
0.0447855
0.0417364
0.0430068
0.0425249
0.048768
0.0508614
0.050626
0.0504178
0.0502429
0.0500471
0.0497967
0.0495558
0.0494085
0.0492411
0.0490568
0.0488877
0.0487332
0.0484843
0.0482542
0.0459342
0.0456985
0.0455178
0.045388
0.0452475
0.0472574
0.0472571
0.0472959
0.0472606
0.0473269
0.043294
0.0391974
0.0332164
0.0272987
0.0405301
0.0277243
0.038737
0.0426304
0.0458136
0.0464887
0.0479651
0.0469754
0.0465785
0.0459719
0.0454144
0.0448692
0.0444374
0.0483484
0.0481372
0.047929
0.0477321
0.0475772
0.0473915
0.0471507
0.0469359
0.0468135
0.0466516
0.0464825
0.046328
0.0461466
0.0458715
0.0456318
0.0454639
0.0452388
0.0450866
0.0449905
0.0448752
0.0447592
0.0447735
0.0448324
0.0448045
0.0448842
0.0429762
0.0409986
0.0371533
0.0333669
0.0277883
0.0224317
0.0493826
0.0545738
0.0593323
0.0468907
0.0475486
0.048682
0.0477557
0.0468954
0.0463697
0.0458325
0.0453088
0.0448137
0.0444293
0.0461566
0.0459725
0.0457757
0.0455988
0.0454541
0.0452779
0.0450631
0.0448733
0.0447564
0.0446097
0.0444553
0.0442738
0.0440661
0.0437815
0.0435458
0.0433885
0.0431918
0.0430732
0.0430024
0.0429093
0.0428079
0.0428424
0.0429088
0.0428942
0.0429616
0.0430391
0.0430585
0.0412213
0.0394267
0.0358684
0.0305512
0.0252104
0.0574867
0.0649136
0.0718038
0.0393666
0.0319989
0.029602
0.032835
0.0427645
0.0463035
0.0474198
0.0487634
0.0479665
0.047199
0.0465644
0.046061
0.0455874
0.0451397
0.0448004
0.0444658
0.0442931
0.0441163
0.0439495
0.0438144
0.0436642
0.0434744
0.0432901
0.0431884
0.0430564
0.0428749
0.0426672
0.04245
0.0421694
0.0419442
0.0418154
0.0416523
0.0415591
0.0415105
0.041432
0.0413508
0.0413927
0.0414723
0.0414455
0.0414949
0.0415846
0.041628
0.0416854
0.0417878
0.0401481
0.0367293
0.0332694
0.0282347
0.023297
0.0602123
0.0665049
0.0724649
0.050164
0.0422253
0.0345671
0.0353617
0.0429662
0.0443271
0.0456535
0.0471265
0.0464224
0.0457245
0.0451237
0.0446703
0.0442442
0.0438415
0.0435293
0.0432061
0.0430535
0.0428867
0.0427295
0.0426204
0.0424952
0.0423109
0.0421418
0.0420547
0.0418957
0.041688
0.0414708
0.0412576
0.0409875
0.0407908
0.0406956
0.0405579
0.0404868
0.0404528
0.0403945
0.0403207
0.0403759
0.0404434
0.0403985
0.0404601
0.0405738
0.0406295
0.0407117
0.040851
0.0409846
0.0393442
0.0376627
0.0344767
0.0314107
0.0249201
0.0183864
0.0509931
0.0593718
0.0645961
0.052528
0.0489889
0.0441953
0.0426892
0.0481241
0.047312
0.0464936
0.0458627
0.0452281
0.0445639
0.0440132
0.0436073
0.0432262
0.0428506
0.0425498
0.0422467
0.0421041
0.0419469
0.0418158
0.0417316
0.0416119
0.0414428
0.0412884
0.0411743
0.0409891
0.0407718
0.0405586
0.0403559
0.0401143
0.0399513
0.0398814
0.0397659
0.0397094
0.0396956
0.0396447
0.0395842
0.0396272
0.0396766
0.0396439
0.0397295
0.0398554
0.039936
0.0400551
0.0401821
0.0402917
0.0404167
0.0405007
0.0374425
0.0345224
0.0281836
0.0200183
0.0118877
0.0225691
0.0350677
0.0466226
0.0542906
0.0589197
0.0511488
0.048423
0.0464221
0.0448211
0.0437733
0.0471377
0.0464551
0.0457294
0.045168
0.0445672
0.0439531
0.0434498
0.043089
0.042735
0.0423708
0.04209
0.041797
0.041664
0.0415328
0.0414266
0.0413479
0.0412435
0.0410891
0.0409076
0.0407673
0.0405725
0.0403593
0.0401566
0.0399824
0.0397744
0.0396367
0.039589
0.0394881
0.0394518
0.0394454
0.0394078
0.0393351
0.03936
0.0394216
0.0394129
0.0395108
0.0396617
0.0397791
0.039886
0.0399889
0.0400804
0.0401931
0.0402652
0.038955
0.0360868
0.0297999
0.0216805
0.0378415
0.0486769
0.0532207
0.0552157
0.0504078
0.0483534
0.0468728
0.0457302
0.0448926
0.0462366
0.0456467
0.0449906
0.044463
0.0439122
0.0433455
0.0428873
0.0425536
0.042211
0.0418668
0.0415961
0.0413126
0.0412057
0.0410995
0.0409988
0.0409354
0.0408456
0.0406641
0.0404564
0.0403066
0.0401158
0.0399131
0.0397389
0.0395983
0.0394157
0.0393001
0.039267
0.0391863
0.0391574
0.0391643
0.0391145
0.0390237
0.0390609
0.0391465
0.03915
0.0392728
0.0394605
0.0395657
0.0396486
0.0397334
0.0398127
0.0399134
0.0400104
0.0370708
0.0325504
0.0264167
0.050982
0.0528835
0.0524467
0.0503887
0.0488546
0.0478324
0.0468999
0.0461917
0.0455501
0.0450297
0.0444073
0.0439298
0.0434265
0.0429049
0.0424737
0.0421514
0.0418288
0.0414948
0.0412337
0.0409762
0.0408942
0.0407935
0.0407081
0.0406593
0.0405424
0.0403347
0.0401175
0.0399717
0.0397914
0.0396172
0.0394767
0.0393614
0.0392009
0.0391
0.0390871
0.0390138
0.0389982
0.0389929
0.038925
0.0388464
0.0389076
0.0390055
0.0390339
0.0391935
0.0393691
0.0394502
0.0395149
0.0395875
0.0396548
0.0397804
0.0383007
0.0337201
0.0275241
0.0195618
0.035412
0.035412
0.0322916
0.0280783
0.0353933
0.0453282
0.0502361
0.0504708
0.0489331
0.0478574
0.0470453
0.0462422
0.0456268
0.0450547
0.0445681
0.0439958
0.0435657
0.0431075
0.042613
0.0421932
0.0418909
0.0415784
0.0412539
0.0410189
0.0407864
0.0407099
0.0406244
0.0405536
0.0404778
0.0403347
0.0401175
0.0399043
0.039769
0.0396172
0.0394767
0.0393614
0.0392683
0.0391224
0.0390417
0.0390362
0.0389762
0.0389484
0.038925
0.0388694
0.0388148
0.0388882
0.039011
0.0390763
0.0392237
0.0393752
0.0394382
0.0394907
0.0395513
0.0396435
0.0398266
0.0383972
0.0321638
0.02428
0.0452303
0.0458491
0.0480291
0.0332445
0.0378736
0.0453121
0.0478544
0.0486093
0.04753
0.0466644
0.0459817
0.0452715
0.0447256
0.0441873
0.0437507
0.0432259
0.0428409
0.0424097
0.0419266
0.0415268
0.0412346
0.0409317
0.0406333
0.0404232
0.0401962
0.0401349
0.0400641
0.0399663
0.0398642
0.0397116
0.0394984
0.0392957
0.0391889
0.0390708
0.0389555
0.0388625
0.038784
0.0386583
0.038585
0.0385928
0.0385206
0.0384747
0.0384635
0.0384319
0.0383896
0.0384879
0.0386475
0.0387006
0.0388239
0.0389573
0.0390081
0.0390486
0.0391341
0.0392837
0.0395172
0.0381482
0.031996
0.0542416
0.053749
0.0550294
0.043129
0.0481838
0.0484921
0.0471704
0.0463011
0.045565
0.0449751
0.0443344
0.0438223
0.043334
0.0429449
0.0424651
0.0421072
0.0416875
0.0412243
0.0408347
0.0405521
0.0402752
0.0400017
0.0397971
0.0395854
0.0395387
0.0394409
0.0393168
0.0392052
0.0390567
0.038854
0.0386798
0.0386066
0.0385138
0.0384207
0.0383422
0.038284
0.0381657
0.0381057
0.0381013
0.038011
0.0379773
0.0379902
0.0379708
0.0379534
0.0380885
0.0382359
0.038265
0.0383702
0.0384913
0.0385301
0.0385955
0.0387385
0.0389385
0.0392324
0.0379042
0.0317466
0.0239681
0.0328376
0.0590104
0.0545702
0.0551454
0.0473212
0.0437556
0.040823
0.04364
0.0464659
0.0472326
0.046121
0.0453812
0.0447378
0.0442175
0.0436105
0.0431484
0.0427076
0.0423636
0.0419109
0.0415644
0.0411646
0.0407116
0.0403316
0.040075
0.0398231
0.0395551
0.0393657
0.0391686
0.0390949
0.0389709
0.0388373
0.0387297
0.0385916
0.0384174
0.0382769
0.038229
0.0381584
0.0380799
0.0380217
0.0379708
0.0378658
0.0377936
0.0377711
0.037693
0.0376834
0.0377085
0.037714
0.0377334
0.0378564
0.0379797
0.0379906
0.0380836
0.0381927
0.0382565
0.0383793
0.0385727
0.0388331
0.0391678
0.0378342
0.033311
0.0255466
0.0419994
0.0512015
0.059766
0.054592
0.0545774
0.0487698
0.0460174
0.0437563
0.0443328
0.0450546
0.0460314
0.0450492
0.0444022
0.0438284
0.0433418
0.0427849
0.0423703
0.0419746
0.0416576
0.0412163
0.0408898
0.0405002
0.0400567
0.0397027
0.0394711
0.0392246
0.0389719
0.0387972
0.038573
0.0384731
0.0383396
0.03821
0.0381129
0.0380034
0.0378628
0.0377476
0.0377219
0.0376659
0.0376076
0.0375567
0.0375191
0.037402
0.0373116
0.0373014
0.0372473
0.0372499
0.0372999
0.0373423
0.0373495
0.0374484
0.0375536
0.0375523
0.0376333
0.0377673
0.0378885
0.0380618
0.0383156
0.0386167
0.038946
0.0391942
0.0363311
0.0285951
0.02074
0.0513336
0.056534
0.0615833
0.055791
0.0554211
0.05262
0.0505391
0.0487982
0.0472706
0.0458747
0.0447875
0.0438982
0.0433207
0.0427806
0.0423441
0.0418347
0.0414651
0.0410965
0.0407909
0.0403696
0.0400532
0.0396732
0.0392558
0.0389267
0.0387006
0.0384694
0.0382313
0.0380295
0.0377791
0.0376697
0.0375402
0.0374211
0.0373525
0.0372766
0.0371614
0.0370683
0.0370572
0.0370214
0.0369705
0.0369329
0.0368832
0.0367479
0.0366698
0.0366836
0.0366417
0.0366693
0.0367561
0.0367863
0.0367694
0.0368502
0.0369432
0.0369299
0.0370358
0.0372273
0.0373988
0.0376325
0.037927
0.0382229
0.0384997
0.0387166
0.0374905
0.0314279
0.0253089
0.0374955
0.0501203
0.0553639
0.0570711
0.058963
0.0551871
0.0523677
0.050238
0.0486774
0.0473949
0.0460775
0.044811
0.0438166
0.0429968
0.0424531
0.0419631
0.041574
0.0411096
0.0407671
0.0404099
0.0401243
0.0397132
0.0394063
0.0390523
0.0386599
0.0383363
0.0381254
0.0379088
0.0376437
0.0374157
0.0371558
0.0370504
0.0369314
0.0368408
0.0368059
0.0367553
0.0366622
0.0365837
0.0365929
0.0365644
0.0365269
0.0364771
0.0364093
0.0362862
0.0362321
0.0362581
0.0362412
0.0363056
0.0363802
0.0363863
0.0363513
0.0364199
0.0365009
0.0365125
0.0366759
0.0369177
0.0371497
0.0374241
0.0377133
0.0379566
0.0382022
0.0383428
0.0387233
0.0343104
0.029918
0.0292089
0.0386269
0.0503024
0.0547912
0.0558591
0.0550826
0.0521199
0.0499719
0.0483626
0.0472604
0.046188
0.045
0.0438262
0.0429014
0.0421153
0.0416217
0.0411791
0.0408351
0.0403978
0.0400667
0.0397295
0.0394541
0.0390525
0.0387717
0.0384426
0.0380557
0.0377473
0.0375511
0.0373075
0.0370162
0.0367786
0.0365228
0.0364279
0.0363373
0.0362804
0.0362708
0.0362423
0.0361639
0.0361056
0.0361221
0.036107
0.0360573
0.0359894
0.0359337
0.0358347
0.0357929
0.0358438
0.0358637
0.0359159
0.0359664
0.0359544
0.0359072
0.0359637
0.0360697
0.0361388
0.0363525
0.0366548
0.0369275
0.0371966
0.0374333
0.0376454
0.0378146
0.0379001
0.0382602
0.0355115
0.0328045
0.0251562
0.0223198
0.0112214
0.0370971
0.0425415
0.0506952
0.0545237
0.0551658
0.0519104
0.0496192
0.0479915
0.0468405
0.0459484
0.0450055
0.0439102
0.042806
0.041915
0.041179
0.0407327
0.0403353
0.0400183
0.0395925
0.0392814
0.0389542
0.0386884
0.0383128
0.038057
0.0377334
0.0373617
0.037068
0.0368447
0.0365749
0.0362741
0.0360406
0.0357952
0.0357288
0.0356719
0.0356403
0.0356528
0.035639
0.0355807
0.0355298
0.0355597
0.0355324
0.0354645
0.0354089
0.0353773
0.0352905
0.0352736
0.0353613
0.035369
0.0353971
0.0354295
0.0354053
0.0353461
0.0354276
0.035591
0.0357104
0.0359846
0.0363276
0.036595
0.0368116
0.037017
0.0371528
0.037267
0.037332
0.0377063
0.0366005
0.035608
0.0296785
0.0285142
0.0175137
0.00948061
0.0284696
0.0370823
0.0493532
0.0504742
0.0519294
0.0493454
0.0475746
0.0464052
0.0454644
0.0447017
0.0438516
0.0428259
0.0417554
0.0409144
0.0402259
0.0398247
0.0394543
0.0391488
0.0387429
0.0384419
0.0381244
0.0378846
0.037534
0.0372836
0.0369753
0.0366182
0.0362975
0.036048
0.0357687
0.0354718
0.0352488
0.0350319
0.0349992
0.0349676
0.0349581
0.0349853
0.0349917
0.0349408
0.0349033
0.0349209
0.0348755
0.0348198
0.0347882
0.0347688
0.034707
0.0347269
0.0348024
0.0347861
0.0347961
0.0348163
0.03478
0.0347458
0.0348847
0.0350984
0.0352783
0.0355932
0.0359309
0.0361458
0.0363312
0.0364603
0.0365409
0.0366347
0.0367139
0.037074
0.0376215
0.0383102
0.0340872
0.0345621
0.0252247
0.0218138
0.0171673
0.0173395
0.0128441
0.0359825
0.0434635
0.0471221
0.0454757
0.0474099
0.0495366
0.0474729
0.0461604
0.0452012
0.0443898
0.0437199
0.0429393
0.0419474
0.040927
0.0401334
0.0394899
0.0391159
0.0387569
0.0384714
0.0380756
0.0377842
0.0374927
0.0372779
0.0369327
0.0366976
0.0364039
0.0360198
0.0356729
0.0354139
0.0351385
0.0348522
0.0346577
0.0344745
0.034467
0.0344576
0.0344628
0.0345101
0.0345239
0.0344863
0.0344366
0.0344361
0.0344029
0.0343713
0.0343519
0.0343575
0.0343324
0.0343401
0.0343916
0.0343571
0.0343549
0.0343631
0.0343518
0.034375
0.0345643
0.0348385
0.0350591
0.0353686
0.0356538
0.0358375
0.0359465
0.0360205
0.0360808
0.0361887
0.0362537
0.0366358
0.0371908
0.0379004
0.0353354
0.0358175
0.0312804
0.0296984
0.0278195
0.0248405
0.0191399
0.0143905
0.0112682
0.0360075
0.0457295
0.0522698
0.0524115
0.0465145
0.0426614
0.0424515
0.0450571
0.0477042
0.0460988
0.0449965
0.0441667
0.043448
0.0428477
0.0421009
0.041159
0.0401861
0.0394375
0.0388211
0.0384585
0.0381195
0.0378441
0.0374579
0.0371925
0.036926
0.0367166
0.0363868
0.0361663
0.0358456
0.0354353
0.0350788
0.0348238
0.0345589
0.0343011
0.0341402
0.0339823
0.0339971
0.0340022
0.0340276
0.0340824
0.0341095
0.0340597
0.0339918
0.0340036
0.0339944
0.033975
0.0339806
0.0340229
0.0339857
0.0339693
0.0340027
0.033956
0.0339418
0.0339749
0.0340211
0.0340946
0.0343443
0.0346592
0.0348745
0.0351316
0.0353856
0.0354929
0.0355468
0.0356004
0.0356748
0.0357686
0.0358556
0.0362452
0.036821
0.0375235
0.0366157
0.0370977
0.0341742
0.0341671
0.0308468
0.0322146
0.0308262
0.030902
0.031196
0.0298819
0.0238331
0.0496984
0.0554153
0.0548968
0.0510164
0.0479765
0.0454008
0.0457725
0.0463577
0.0449625
0.0439896
0.0432526
0.0426035
0.0420369
0.0413401
0.0404457
0.0395178
0.0387964
0.0381914
0.0378487
0.0375199
0.037254
0.0368939
0.0366535
0.0363924
0.0361983
0.0358831
0.0356356
0.0352886
0.0348688
0.0345164
0.0342718
0.0340355
0.0338113
0.0336758
0.03354
0.0335694
0.0335947
0.0336275
0.0336956
0.0337105
0.0336426
0.033587
0.0336228
0.0336258
0.0336314
0.0336737
0.0337039
0.0336426
0.0336081
0.0336293
0.0335705
0.0335812
0.0336718
0.0337683
0.0339023
0.0341928
0.0345024
0.0346651
0.034891
0.0350686
0.0351209
0.0351543
0.0352221
0.0352824
0.035398
0.0354926
0.035903
0.0364718
0.0371814
0.0379009
0.0383898
0.0370432
0.0370221
0.0352623
0.0349892
0.0335942
0.0336929
0.0340009
0.0327879
0.0268226
0.0221916
0.0408226
0.0519269
0.056936
0.0559918
0.0529245
0.0505561
0.0485007
0.0467957
0.0453264
0.0440606
0.0431805
0.042513
0.0418977
0.0413812
0.0407318
0.0398824
0.0389817
0.0382717
0.0376867
0.0373541
0.0370348
0.036795
0.0364599
0.0362249
0.0359791
0.0357996
0.0354574
0.0351837
0.0348272
0.0344114
0.0340694
0.0338534
0.0336507
0.0334518
0.0333385
0.0332173
0.0332669
0.0332996
0.0333457
0.0334016
0.0333984
0.0333427
0.0333111
0.0333591
0.0333871
0.0334295
0.0334597
0.0334658
0.0333863
0.0333396
0.0333488
0.033315
0.0333832
0.0335241
0.0336811
0.0338558
0.0341409
0.034398
0.0345295
0.0346791
0.0348016
0.0348334
0.034881
0.0349346
0.0350168
0.0351401
0.0352555
0.0356588
0.0362347
0.0369443
0.0376706
0.0381385
0.0383548
0.0383202
0.0380999
0.0378202
0.038025
0.0381603
0.0384885
0.0357426
0.028176
0.0321424
0.0431494
0.0510424
0.0533091
0.0531781
0.0507823
0.0489341
0.0473371
0.0458422
0.0445024
0.0433294
0.0425188
0.0418851
0.0413198
0.0408508
0.0402465
0.0394242
0.0385348
0.0378448
0.0372699
0.036947
0.0366537
0.0364389
0.0361092
0.0358895
0.0356583
0.0354518
0.0350833
0.0348001
0.0344476
0.0340423
0.0337289
0.0335465
0.0333691
0.0331924
0.0330936
0.0329927
0.0330496
0.0330957
0.0331296
0.0331674
0.0331764
0.0331448
0.0331254
0.0331983
0.0332632
0.0332933
0.0332994
0.0332874
0.0331958
0.033137
0.0331711
0.0331948
0.0333133
0.0335147
0.0337124
0.0338818
0.0341144
0.0343402
0.0343955
0.0344899
0.034592
0.034638
0.0346714
0.034747
0.0348367
0.0349808
0.0350891
0.0354995
0.0360754
0.0367919
0.0374972
0.0379511
0.0381538
0.0381057
0.0378788
0.0375926
0.0378114
0.0379668
0.0383153
0.0371851
0.0312508
0.0282729
0.0143704
0.0408889
0.0486459
0.0537966
0.0535105
0.0510103
0.0491348
0.047745
0.0463581
0.0449926
0.0437456
0.0426421
0.0418653
0.0412817
0.0407638
0.0403398
0.0397626
0.0389517
0.0380824
0.0374025
0.0368372
0.0365402
0.036272
0.0360626
0.0357482
0.0355431
0.0352849
0.0350522
0.0346742
0.0343949
0.034053
0.0336762
0.0333964
0.0332393
0.0330841
0.032922
0.0328434
0.0327499
0.0328201
0.032854
0.0328698
0.0329198
0.0329529
0.0329335
0.032939
0.0330488
0.0331014
0.0331075
0.0330955
0.0330712
0.0329676
0.0329338
0.0330253
0.0330994
0.0332783
0.0335204
0.0337128
0.0338297
0.0340311
0.0341806
0.0341807
0.0342547
0.034371
0.0344028
0.0344582
0.0345413
0.0346519
0.0347889
0.0349043
0.0353147
0.0358975
0.0365929
0.0372842
0.0377246
0.0379138
0.0378589
0.0376256
0.0373534
0.0375924
0.037768
0.0381298
0.0370068
0.0326911
0.0313202
0.0191387
0.0359628
0.0464582
0.0514343
0.0540321
0.0512932
0.0493133
0.0478962
0.0467165
0.0454591
0.0441864
0.0430089
0.0419392
0.0412124
0.0406762
0.0402034
0.0398065
0.0392407
0.0384498
0.0375906
0.0369203
0.036381
0.036109
0.0358462
0.0356521
0.0353523
0.0351202
0.0348358
0.0345936
0.0342196
0.0339508
0.0336374
0.0332942
0.0330397
0.0329048
0.0327642
0.0326223
0.0325512
0.0324709
0.032529
0.0325448
0.0325728
0.0326468
0.0326921
0.0326976
0.03274
0.0328375
0.0328661
0.0328541
0.0328298
0.0327936
0.0327149
0.0327385
0.0328804
0.0330149
0.0332346
0.0334714
0.0336112
0.0336969
0.033822
0.0339164
0.0338961
0.0339842
0.0340863
0.0341401
0.0342031
0.034307
0.0344105
0.0345546
0.03467
0.0350873
0.035649
0.0363304
0.0370082
0.037435
0.0376176
0.0375563
0.0373369
0.0370849
0.0373441
0.0375331
0.0379019
0.0383748
0.0356777
0.0359204
0.0332038
0.0271847
0.0210943
0.0309349
0.0415997
0.0492665
0.0516684
0.0518306
0.049612
0.0480904
0.0468834
0.0458332
0.0446686
0.0434654
0.0423216
0.041302
0.0406227
0.0401316
0.0396859
0.0393004
0.0387546
0.0379738
0.0371241
0.0364799
0.0359655
0.0356991
0.0354515
0.035272
0.0349452
0.0346869
0.0343929
0.0341547
0.0337912
0.033551
0.0332712
0.0329533
0.032721
0.0326007
0.0324803
0.0323458
0.0322879
0.0321955
0.0322355
0.0322635
0.0323155
0.0324018
0.032472
0.0325143
0.0325445
0.032618
0.0326284
0.0326042
0.0325679
0.0325566
0.0325354
0.0326094
0.0328118
0.0329869
0.0332013
0.0333856
0.0334942
0.0335036
0.0335735
0.0336475
0.0336414
0.0337153
0.0338394
0.0339007
0.0339845
0.0340814
0.034192
0.034336
0.0344583
0.0348546
0.0354023
0.0360702
0.0367344
0.0371546
0.0373306
0.0372834
0.0370842
0.0368524
0.0371249
0.037321
0.0376767
0.0381363
0.037047
0.0372831
0.0362451
0.0319925
0.0277143
0.0370141
0.0473041
0.0523319
0.0522595
0.0501049
0.0483447
0.0470332
0.0459557
0.0449982
0.0439031
0.0427337
0.04164
0.0406679
0.0400336
0.0395696
0.0391353
0.0387697
0.0382341
0.0374629
0.0366392
0.0360199
0.0355111
0.0352599
0.0350269
0.0348204
0.0344674
0.0341996
0.0339096
0.0336819
0.0333469
0.0331403
0.0328858
0.0325901
0.0323724
0.0322723
0.0321593
0.0320381
0.0319681
0.0318576
0.0319097
0.0319618
0.032026
0.0321372
0.0322442
0.0322744
0.0322805
0.0323359
0.0323341
0.0322978
0.0322865
0.0323327
0.0323618
0.0324963
0.0327393
0.0329092
0.033071
0.0332241
0.0332564
0.0332106
0.0332601
0.0333483
0.033328
0.033424
0.0335556
0.0336377
0.0337144
0.0338184
0.033929
0.0340799
0.0341811
0.0345634
0.0350976
0.0357519
0.0364095
0.0368232
0.0370133
0.0369862
0.0368072
0.0365887
0.0368684
0.0370513
0.0373937
0.0378466
0.0383653
0.0386143
0.0392822
0.0367896
0.0343169
0.0302104
0.0262647
0.0349309
0.0429854
0.0505211
0.0530259
0.0506141
0.0489179
0.0473678
0.0461857
0.045201
0.0443131
0.0432517
0.0421324
0.0410861
0.040159
0.0395518
0.0390992
0.0386849
0.0383295
0.0378034
0.0370583
0.0362596
0.0356458
0.0351522
0.0349156
0.0346556
0.0344229
0.0340603
0.0337965
0.0335171
0.0333179
0.0330165
0.0328352
0.0326029
0.0323218
0.0321243
0.0320316
0.031932
0.0317986
0.0317104
0.0316121
0.0316883
0.0317525
0.0318417
0.0319897
0.0320846
0.0320907
0.0320786
0.0321218
0.032108
0.0320967
0.0321428
0.0322393
0.0323289
0.0325041
0.0327418
0.0328592
0.0329898
0.0330666
0.0330437
0.0329775
0.0330413
0.0331152
0.0331169
0.0332204
0.0333728
0.0334479
0.0335317
0.0336357
0.0337531
0.033883
0.0339702
0.034339
0.0348596
0.0355073
0.0361584
0.0365861
0.0367963
0.0367895
0.0366238
0.0364125
0.0366789
0.0368485
0.0371842
0.0376305
0.0381621
0.0384513
0.0391466
0.0383913
0.0377081
0.0355191
0.0335139
0.0274623
0.0227809
0.0362452
0.0440452
0.0513677
0.0514734
0.04952
0.0480339
0.0466132
0.045524
0.0446088
0.0437547
0.0427434
0.0416715
0.0406703
0.0397703
0.0391745
0.0387418
0.0383377
0.0379919
0.0374918
0.0367716
0.0359784
0.0353798
0.0349009
0.0346373
0.0343511
0.0341088
0.0337503
0.033497
0.033246
0.0330804
0.0328044
0.0326453
0.0324276
0.0321667
0.0319766
0.0318972
0.0317854
0.0316338
0.0315579
0.0314836
0.031572
0.0316612
0.0317872
0.031923
0.0319938
0.0319818
0.0319576
0.0319887
0.0319999
0.032046
0.0321425
0.0322994
0.0324297
0.0325996
0.0327848
0.032871
0.0329253
0.0329469
0.0329036
0.0328516
0.0329012
0.0329971
0.0330063
0.0331306
0.033276
0.0333581
0.033442
0.0335528
0.0336492
0.0337651
0.0338388
0.034194
0.034708
0.0353492
0.0360143
0.0364622
0.0366926
0.0366991
0.0365405
0.036316
0.0365691
0.0367321
0.0370611
0.0375203
0.0380922
0.0384087
0.0391179
0.0400948
0.0411968
0.0408922
0.0388858
0.0328396
0.0264454
0.0176352
0.0100908
0.0356049
0.0402298
0.0425765
0.0477065
0.0525085
0.0503614
0.0486181
0.0472615
0.0459336
0.0449139
0.0440324
0.0432284
0.0422645
0.0412377
0.0402636
0.039375
0.0387992
0.0383767
0.0379821
0.0376623
0.0371872
0.0364725
0.0356946
0.0351106
0.0346046
0.0343148
0.0340191
0.0337808
0.0334328
0.033208
0.0329907
0.0328504
0.0325965
0.032452
0.0322545
0.032001
0.0318242
0.0317327
0.0316027
0.0314634
0.0314115
0.0313495
0.0314628
0.0315888
0.0317026
0.0318144
0.031867
0.0318428
0.0318065
0.0318626
0.0319312
0.0320277
0.0321847
0.0323823
0.0325073
0.0326247
0.0327787
0.0327885
0.0327877
0.0327889
0.0327598
0.0326936
0.0327651
0.0328686
0.0328986
0.0330159
0.0331683
0.0332504
0.0333411
0.0334309
0.0335133
0.0336157
0.0336759
0.0340244
0.0345319
0.0351871
0.0358724
0.0363405
0.0365843
0.0365978
0.0364261
0.0361883
0.0364348
0.036591
0.036933
0.0374324
0.0380316
0.0383621
0.0390853
0.0400836
0.0411585
0.0427423
0.0426819
0.0366447
0.0302455
0.0463993
0.0489922
0.0514242
0.0494872
0.0478733
0.0466095
0.0453511
0.0443652
0.0435338
0.0427772
0.0418584
0.0408586
0.0398959
0.0390273
0.0384617
0.0380487
0.0376802
0.0373854
0.0369157
0.0362163
0.035453
0.034842
0.0343098
0.0340104
0.0337187
0.033491
0.0331714
0.0329803
0.0327883
0.0326702
0.0324309
0.0323066
0.0321165
0.0318763
0.0316874
0.0315777
0.0314599
0.0313447
0.031305
0.0312679
0.0314181
0.0315319
0.0316216
0.0317152
0.0317557
0.0317194
0.0317081
0.0318216
0.0319406
0.0320975
0.0322952
0.0324875
0.03256
0.0326461
0.0327238
0.0326785
0.0326573
0.0326727
0.0326294
0.0325852
0.0326642
0.0327885
0.0328115
0.0329358
0.0330883
0.0331773
0.0332469
0.0333227
0.0333916
0.0334804
0.0335339
0.033876
0.0343975
0.0350729
0.0357784
0.0362598
0.0365107
0.0365111
0.0363261
0.0360815
0.0363214
0.0364905
0.0368728
0.0373995
0.0380127
0.0383571
0.0391018
0.040073
0.0411346
0.0427117
0.0426446
0.0387541
0.0499341
0.0504134
0.0503573
0.0505585
0.0506155
0.048808
0.0472869
0.0460926
0.044868
0.0439321
0.0431482
0.0424366
0.0415449
0.0405566
0.0396139
0.0387554
0.0381993
0.0378124
0.0374688
0.0371795
0.0367251
0.0360403
0.0352499
0.0346127
0.034071
0.0337757
0.0334944
0.0332952
0.0330093
0.0328435
0.0326737
0.0325702
0.0323511
0.0322342
0.0320574
0.031805
0.0315979
0.0315005
0.0314068
0.0313037
0.031289
0.0312887
0.0314267
0.0315164
0.031588
0.0316694
0.0316978
0.0316865
0.0317327
0.0318966
0.032076
0.0322736
0.032466
0.0326058
0.032647
0.0326569
0.0326794
0.0326137
0.0326067
0.0326079
0.0325866
0.0325499
0.0326498
0.032767
0.032797
0.0329214
0.0330807
0.0331486
0.0332043
0.0332666
0.0333219
0.0334041
0.0334511
0.0338072
0.0343489
0.0350445
0.0357633
0.0362518
0.0364896
0.0364766
0.0362849
0.0360337
0.0362865
0.0364959
0.0369054
0.0374461
0.0380733
0.0384392
0.0391568
0.0401147
0.0411696
0.04274
0.042645
0.0366004
0.0323528
0.0486845
0.0492881
0.0493601
0.0497714
0.0499579
0.0482431
0.0467916
0.045631
0.0444565
0.0435681
0.0428292
0.0421447
0.0412644
0.0402961
0.0393635
0.0385146
0.0379845
0.0376226
0.0372845
0.0370104
0.0365706
0.0358588
0.0350422
0.0343955
0.0338578
0.0335729
0.0333202
0.0331547
0.0328941
0.0327504
0.0325952
0.0325119
0.0323002
0.0321966
0.0320076
0.0317372
0.0315423
0.0314689
0.0313874
0.0313093
0.0313313
0.0313188
0.0314328
0.0315044
0.0315638
0.0316332
0.0316865
0.0317327
0.0318292
0.0320535
0.0322736
0.032466
0.0326058
0.0327144
0.0326793
0.032634
0.0326362
0.0325847
0.0325634
0.0325866
0.0325728
0.032557
0.0326498
0.0327741
0.0328041
0.0329353
0.0330736
0.0331276
0.0331697
0.0332184
0.0332671
0.0333428
0.0334038
0.0337801
0.034342
0.0350509
0.0357768
0.0362522
0.0364766
0.036457
0.0362586
0.0360204
0.0363134
0.0365501
0.0369736
0.0375283
0.0381769
0.0385157
0.03922
0.0401712
0.0412195
0.042762
0.0426819
0.0366299
0.032375
0.0235876
0.0141643
0.0559202
0.0545768
0.0534669
0.0514824
0.0493256
0.0476804
0.0462626
0.0451521
0.044025
0.0431816
0.0424699
0.0417968
0.0409365
0.0399783
0.0390553
0.0382324
0.0377273
0.0373708
0.037048
0.0367885
0.0363218
0.0355837
0.0347576
0.0341149
0.0335877
0.0333313
0.0331123
0.032972
0.0327336
0.0326045
0.0324695
0.0323936
0.0321953
0.0320795
0.0318724
0.0316141
0.0314433
0.0313821
0.0313255
0.0312842
0.0312941
0.0312575
0.0313533
0.0314127
0.0314601
0.0315545
0.0316653
0.0317618
0.0319187
0.0321838
0.0323986
0.0325384
0.032647
0.0326793
0.0325891
0.0325234
0.0325397
0.032474
0.0324747
0.0325054
0.0325125
0.0324896
0.0325894
0.0327138
0.0327507
0.0328608
0.0329851
0.0330256
0.0330542
0.0330962
0.0331384
0.0332281
0.0333093
0.0337058
0.0342811
0.0349971
0.0357098
0.0361719
0.0363896
0.0363633
0.0361779
0.0359799
0.0363002
0.0365509
0.0369884
0.0375645
0.038186
0.0385115
0.0392091
0.0401538
0.0411741
0.0427314
0.0446099
0.0385641
0.0343153
0.0161167
0.0551632
0.0538653
0.0527877
0.050896
0.0488087
0.0471973
0.0458295
0.0447665
0.0436845
0.0428682
0.0421678
0.0415147
0.0406645
0.0397159
0.0388189
0.038021
0.0375214
0.0371802
0.036872
0.0365855
0.0360925
0.0353449
0.0345228
0.0338906
0.0333919
0.0331692
0.0329755
0.0328574
0.0326335
0.0325247
0.0323971
0.0323345
0.032124
0.0319901
0.0317952
0.031561
0.0314023
0.0313661
0.0313463
0.0312928
0.0312787
0.031224
0.0313076
0.0313549
0.0314273
0.0315791
0.0317402
0.0318972
0.0320948
0.0323546
0.0325169
0.0326255
0.0326578
0.0326349
0.0325243
0.0324728
0.0324749
0.0324312
0.0324394
0.032491
0.032491
0.0324751
0.032575
0.0327062
0.032722
0.0328182
0.032929
0.0329559
0.0329778
0.0330134
0.0330696
0.0331795
0.0332809
0.0336907
0.034273
0.0349759
0.0356753
0.0361307
0.0363418
0.0363284
0.0361832
0.0360126
0.0363468
0.0366115
0.0370704
0.0376195
0.0382277
0.0385465
0.0392375
0.0401542
0.0411894
0.0427548
0.0426931
0.0366444
0.0345545
0.0545054
0.0532246
0.052162
0.0503398
0.0482863
0.0467249
0.0454046
0.0443866
0.0433317
0.0425268
0.0418464
0.0412035
0.0403629
0.0394402
0.0385682
0.0377758
0.0372914
0.0369649
0.0366296
0.0363169
0.0358144
0.0350708
0.0342592
0.0336555
0.0331905
0.0329931
0.0328215
0.032718
0.0325144
0.0324129
0.0322986
0.0322239
0.0319952
0.0318735
0.0317027
0.0314807
0.031347
0.0313476
0.0313156
0.0312381
0.0312058
0.0311389
0.0312104
0.0312828
0.0314126
0.0316147
0.0318363
0.032034
0.0322263
0.0324336
0.0325646
0.0325969
0.0325741
0.0325308
0.0324344
0.0323686
0.0323928
0.0323566
0.0323856
0.0324301
0.0324372
0.0324213
0.0325281
0.0326382
0.0326401
0.0327228
0.03282
0.0328402
0.0328557
0.0329052
0.0329816
0.0331117
0.0332265
0.0336434
0.0342126
0.0349021
0.0355949
0.0360436
0.0362676
0.0362945
0.0361766
0.0360199
0.0363681
0.0366542
0.0370861
0.0376218
0.0382233
0.0385356
0.0391986
0.0401301
0.0411734
0.0427719
0.0427433
0.0367263
0.0346544
0.0539012
0.0526247
0.0515847
0.0497962
0.0477928
0.0462788
0.0450036
0.0440127
0.0429692
0.0421843
0.041514
0.0408807
0.0400661
0.0391684
0.0383019
0.0375247
0.037055
0.0367014
0.0363399
0.0360177
0.0355192
0.0347861
0.0340031
0.033433
0.0329932
0.032818
0.0326611
0.0325778
0.0323815
0.0322934
0.0321669
0.032074
0.0318576
0.03176
0.0316013
0.0314043
0.0313074
0.0312957
0.0312397
0.0311441
0.0310995
0.0310206
0.0311171
0.0312469
0.0314271
0.0316897
0.031952
0.0321443
0.0322842
0.0324602
0.0325149
0.0324921
0.0324488
0.0324198
0.0323091
0.0322654
0.032297
0.0322817
0.0323037
0.0323552
0.0323623
0.0323533
0.032439
0.0325352
0.0325235
0.0325926
0.0326832
0.032697
0.0327264
0.0327962
0.0328928
0.0330362
0.033158
0.0335618
0.0341176
0.0348005
0.0354866
0.0359483
0.0362125
0.0362667
0.0361628
0.03602
0.0363897
0.0366488
0.0370673
0.0375964
0.0381913
0.0384755
0.0391534
0.040093
0.0411694
0.0428009
0.0428042
0.0389741
0.0281886
0.0207462
0.0532491
0.0520037
0.051
0.0492617
0.0473057
0.0458368
0.0445887
0.0436092
0.0425856
0.0418109
0.0411502
0.0405428
0.0397532
0.0388611
0.0380098
0.0372472
0.0367505
0.0363707
0.0359997
0.0356815
0.0351934
0.0344889
0.0337395
0.0331947
0.0327771
0.0326165
0.0324798
0.0324039
0.0322209
0.0321206
0.031976
0.0318953
0.0317029
0.0316175
0.0314838
0.0313236
0.0312145
0.0311788
0.0311047
0.0309968
0.0309403
0.0308863
0.0310402
0.0312204
0.031461
0.0317643
0.0320213
0.0321611
0.0322698
0.0323694
0.0323691
0.0323258
0.0322967
0.0322535
0.0321648
0.0321286
0.0321811
0.0321586
0.0321877
0.0322393
0.0322532
0.0322232
0.0322949
0.0323776
0.0323524
0.0324148
0.0324989
0.0325266
0.0325763
0.0326663
0.0327762
0.0329267
0.0330354
0.0334258
0.033975
0.0346512
0.0353502
0.0358521
0.0361437
0.0362119
0.0361219
0.0360006
0.0363432
0.036589
0.0370008
0.0375232
0.0380902
0.0383893
0.0390753
0.040048
0.0411574
0.0428207
0.042842
0.041194
0.0412502
0.0395294
0.0373696
0.0322231
0.0358097
0.0335342
0.0526466
0.0514421
0.0504655
0.0487746
0.0468636
0.0454219
0.0441851
0.0432256
0.0422122
0.041447
0.0408123
0.04023
0.0394459
0.0385689
0.0377323
0.0369427
0.0364197
0.0360304
0.0356634
0.0353557
0.0348962
0.0342253
0.0335012
0.0329786
0.0325756
0.0324352
0.0323058
0.0322433
0.0320482
0.0319297
0.0317973
0.0317407
0.0315605
0.0315
0.0314032
0.0312307
0.0310976
0.0310437
0.0309574
0.0308375
0.0308059
0.0308094
0.0310137
0.0312543
0.0315356
0.0318336
0.0320381
0.0321467
0.032179
0.0322236
0.0322028
0.0321737
0.0321305
0.0321092
0.032028
0.0320127
0.0320581
0.0320427
0.0320718
0.0321302
0.0321231
0.0320791
0.0321373
0.0322064
0.0321745
0.0322305
0.0323286
0.0323765
0.0324464
0.0325497
0.0326667
0.0328041
0.0328994
0.0332832
0.0338257
0.0345148
0.0352541
0.0357833
0.0360888
0.036171
0.0361025
0.0359541
0.0362834
0.0365225
0.0369277
0.0374222
0.038004
0.0383112
0.0390302
0.040036
0.0411772
0.0428585
0.0428808
0.0433985
0.0456001
0.046294
0.0466017
0.0441268
0.0480883
0.0463601
0.0521365
0.0509583
0.0499999
0.0483541
0.0464703
0.0450399
0.0438231
0.0428738
0.0418699
0.0411307
0.0405211
0.0399442
0.0391753
0.038313
0.0374493
0.0366335
0.036101
0.0357157
0.0353592
0.03508
0.0346542
0.0340085
0.0333066
0.0327986
0.0324159
0.0322828
0.0321668
0.032092
0.0318788
0.0317726
0.0316642
0.0316198
0.0314646
0.0314409
0.0313318
0.0311353
0.0309841
0.030918
0.0308197
0.0307247
0.0307506
0.0308044
0.0310692
0.0313505
0.0316265
0.031872
0.0320452
0.0320775
0.0320547
0.0320788
0.0320722
0.032029
0.0320077
0.0319939
0.0319336
0.0319112
0.0319637
0.0319483
0.0319843
0.0320216
0.0320006
0.031943
0.0319877
0.0320501
0.0320118
0.0320817
0.0322
0.0322682
0.0323514
0.0324617
0.0325656
0.0326897
0.0327783
0.0331554
0.0337109
0.0344402
0.0352068
0.03575
0.0360695
0.0361731
0.0360775
0.0359158
0.0362385
0.0364709
0.0368482
0.0373575
0.0379474
0.0382877
0.0390398
0.0400773
0.0412365
0.0429189
0.0448739
0.0475712
0.0498085
0.0529118
0.0556991
0.0539577
0.0557626
0.0562147
0.0550354
0.0517757
0.05061
0.0496614
0.0480427
0.0461702
0.0447598
0.0435532
0.0426134
0.0416356
0.0409214
0.0403172
0.0397556
0.0390013
0.038112
0.0372221
0.0363968
0.0358683
0.0354935
0.0351655
0.0349199
0.0345194
0.0338959
0.0332086
0.0327209
0.0323455
0.0322258
0.0320975
0.0320047
0.0318036
0.0317215
0.0316253
0.0316059
0.0314874
0.0314516
0.0313184
0.0311038
0.0309403
0.0308623
0.0307889
0.0307514
0.0308276
0.0309418
0.0312473
0.0315233
0.0317468
0.0319611
0.032058
0.0320352
0.0319919
0.0320303
0.0320095
0.0319882
0.0319744
0.0319815
0.0319141
0.0318988
0.0319513
0.0319428
0.0319577
0.0319811
0.0319465
0.0318754
0.0319133
0.0319693
0.031945
0.0320351
0.0321736
0.0322551
0.0323454
0.0324426
0.0325332
0.0326505
0.0327326
0.0331226
0.0337183
0.034475
0.0352555
0.0358126
0.0361536
0.0362301
0.0361212
0.0359529
0.0362689
0.0364734
0.0368655
0.0373829
0.0380059
0.0383792
0.0391631
0.0402187
0.0413789
0.0430209
0.0449537
0.0476866
0.0499499
0.0531043
0.0559732
0.0569039
0.0586762
0.059788
0.0596938
0.0514722
0.0503124
0.0493695
0.0477621
0.0459097
0.0445094
0.0433124
0.0423987
0.0414458
0.0407371
0.0401481
0.0396011
0.0388198
0.0379043
0.0370049
0.0361836
0.0356656
0.0353193
0.0350249
0.0348047
0.0344263
0.0338175
0.0331504
0.03267
0.0323079
0.032176
0.0320297
0.031949
0.031772
0.0317021
0.0316309
0.0316482
0.0315176
0.0314577
0.0313064
0.0310796
0.0309041
0.030851
0.030835
0.0308478
0.0309845
0.0311395
0.0314397
0.0316632
0.0318554
0.0319934
0.0320352
0.0319919
0.0319629
0.031987
0.0319882
0.0319744
0.0319815
0.0319815
0.0319212
0.0319059
0.0319652
0.0319357
0.0319366
0.0319465
0.0318983
0.0318206
0.0318521
0.031922
0.0319179
0.0320282
0.0321801
0.0322687
0.0323458
0.0324297
0.0325136
0.0326243
0.0327192
0.0331495
0.0337725
0.0345431
0.0353377
0.0359163
0.0362301
0.0362933
0.0361778
0.0360028
0.0362908
0.0365102
0.0369104
0.0374609
0.0381169
0.0385221
0.0393239
0.0403805
0.0415003
0.0431201
0.0450886
0.0478476
0.050162
0.053398
0.0563122
0.0598776
0.0590536
0.0601755
0.0600743
0.0511808
0.0500265
0.049089
0.0475016
0.0456593
0.0442686
0.0430976
0.0422088
0.0412615
0.040568
0.0399937
0.0394196
0.0386121
0.0376871
0.0367917
0.0359809
0.0354914
0.0351787
0.0349097
0.0347116
0.0343478
0.0337592
0.0330995
0.0326324
0.0322582
0.0321081
0.031974
0.0319174
0.0317526
0.0317076
0.0316732
0.0316784
0.0315237
0.0314456
0.0312822
0.0310433
0.0308928
0.0308971
0.0309315
0.0310048
0.0311822
0.0313319
0.0315795
0.0317718
0.0318877
0.0319705
0.0319919
0.0319629
0.0319196
0.0319657
0.0319744
0.0319815
0.0319815
0.0319886
0.0319283
0.0319198
0.0319581
0.0319146
0.031902
0.0318983
0.0318435
0.0317593
0.0318048
0.0318949
0.031911
0.0320347
0.0321936
0.032269
0.0323328
0.0324101
0.0324873
0.0326109
0.0327461
0.0332037
0.0338407
0.0346253
0.0354413
0.0359928
0.0362933
0.0363499
0.0362277
0.0360247
0.0363277
0.0365551
0.0369884
0.0375719
0.0382598
0.0386829
0.0394858
0.040502
0.0415996
0.0432551
0.0452496
0.0480596
0.0504556
0.0537369
0.0566185
0.0601857
0.0593418
0.0604336
0.0603127
0.0509007
0.0497517
0.0488285
0.0472512
0.0454185
0.0440538
0.0429078
0.0420245
0.0410924
0.0404135
0.0398122
0.0392119
0.0383949
0.0374739
0.036589
0.0358067
0.0353508
0.0350635
0.0348166
0.0346331
0.0342896
0.0337083
0.0330619
0.0325827
0.0321903
0.0320525
0.0319424
0.031898
0.0317582
0.03175
0.0317034
0.0316845
0.0315117
0.0314214
0.0312459
0.031032
0.0309389
0.0309936
0.0310884
0.0312025
0.0313745
0.0314717
0.0316881
0.0318041
0.0318649
0.0319273
0.0319629
0.0319196
0.0318983
0.031952
0.0319815
0.0319815
0.0319886
0.0319957
0.0319423
0.0319127
0.0319371
0.03188
0.0318539
0.0318435
0.0317822
0.031712
0.0317777
0.0318881
0.0319175
0.0320482
0.032194
0.0322561
0.0323132
0.0323838
0.0324739
0.0326378
0.0328003
0.0332719
0.0339228
0.0347289
0.0355178
0.036056
0.0363499
0.0363998
0.0362496
0.0360616
0.0363725
0.036633
0.0370994
0.0377148
0.0384206
0.0388448
0.0396073
0.0406012
0.0417346
0.043416
0.0454616
0.0483533
0.0507946
0.0540432
0.0569266
0.0604739
0.0595861
0.0606597
0.0506313
0.0494988
0.0485781
0.0470104
0.0452037
0.043864
0.0427235
0.0418554
0.0409379
0.0402321
0.0396045
0.0389947
0.0381817
0.0372711
0.0364148
0.0356661
0.0352356
0.0349704
0.0347381
0.0345748
0.0342387
0.0336707
0.0330122
0.0325148
0.0321346
0.0320209
0.031923
0.0319035
0.0318005
0.0317801
0.0317095
0.0316724
0.0314874
0.0313852
0.0312346
0.0310781
0.0310354
0.0311505
0.0312861
0.0313948
0.0315144
0.0315803
0.0317204
0.0317812
0.0318216
0.0318982
0.0319196
0.0318983
0.0318846
0.0319591
0.0319815
0.0319886
0.0319957
0.0320097
0.0319352
0.0318917
0.0319025
0.0318319
0.031799
0.0317822
0.0317349
0.0316849
0.0317708
0.0318945
0.031931
0.0320486
0.0321811
0.0322365
0.032287
0.0323705
0.0325009
0.032692
0.0328685
0.033354
0.0340264
0.0348054
0.035581
0.0361125
0.0363998
0.0364218
0.0362865
0.0361064
0.0364505
0.0367441
0.0372422
0.0378756
0.0385824
0.0389662
0.0397065
0.0407362
0.0418955
0.0436281
0.0457553
0.0486922
0.0511009
0.0543513
0.0572147
0.0607182
0.0598049
0.0608895
0.0607614
0.0503875
0.0492558
0.0483373
0.0467956
0.0450139
0.0436797
0.0425544
0.0417009
0.0407564
0.0400244
0.0393872
0.0387815
0.037979
0.0370969
0.0362742
0.0355508
0.0351425
0.0348919
0.0346798
0.034524
0.0342011
0.033621
0.0329443
0.0324591
0.032103
0.0320015
0.0319286
0.0319459
0.0318307
0.0317862
0.0316975
0.0316482
0.0314512
0.0313739
0.0312807
0.0311746
0.0311924
0.0313482
0.0314785
0.0315347
0.031623
0.0316126
0.0316976
0.031738
0.0317926
0.0318549
0.0318983
0.0318846
0.0318917
0.0319591
0.0319886
0.0319957
0.0320097
0.0320026
0.0319141
0.0318571
0.0318543
0.0317771
0.0317378
0.0317349
0.0317079
0.031678
0.0317773
0.0319081
0.0319314
0.0320357
0.0321614
0.0322102
0.0322736
0.0323974
0.0325551
0.0327602
0.0329507
0.0334576
0.034103
0.0348686
0.0356376
0.0361625
0.0364218
0.0364586
0.0363314
0.0361844
0.0365616
0.0368869
0.0374031
0.0380374
0.0387039
0.0390655
0.0398415
0.0408972
0.0421076
0.0439218
0.0460942
0.0489986
0.051409
0.0546395
0.057459
0.0609369
0.0600282
0.0610929
0.0609534
0.0501337
0.0490026
0.048103
0.0465863
0.0448101
0.0434911
0.0423804
0.0415
0.0405292
0.0397876
0.0391545
0.0385593
0.0377853
0.0369369
0.0361394
0.0354383
0.0350445
0.0348141
0.0346095
0.0344669
0.0341319
0.0335336
0.0328691
0.032408
0.0320641
0.0319875
0.0319514
0.0319566
0.0318173
0.0317547
0.0316537
0.0315925
0.0314204
0.0314005
0.0313577
0.0313121
0.0313705
0.031521
0.0315988
0.0316238
0.0316358
0.0315703
0.0316348
0.0316894
0.0317298
0.0318142
0.0318651
0.0318722
0.0318722
0.0319467
0.0319762
0.0319902
0.0319831
0.031962
0.03186
0.0317894
0.03178
0.0316963
0.031671
0.0316884
0.0316815
0.031665
0.0317713
0.031889
0.031899
0.0319966
0.0321157
0.0321774
0.032281
0.0324321
0.0326037
0.0328229
0.0330348
0.0335146
0.0341467
0.0349057
0.035668
0.0361649
0.0364391
0.036484
0.0363898
0.036276
0.0366849
0.0370282
0.0375454
0.0381394
0.0387836
0.0391809
0.0399829
0.0410897
0.0423817
0.0442412
0.046381
0.0492872
0.0516776
0.0548643
0.0576583
0.0611408
0.0628283
0.0645385
0.065491
0.0499084
0.0487989
0.0479132
0.046402
0.044641
0.0433366
0.0421989
0.0412923
0.040312
0.0395744
0.0389518
0.0383851
0.0376447
0.0368216
0.0360464
0.0353598
0.0349862
0.0347632
0.0345719
0.0344171
0.034064
0.033478
0.0328375
0.0323886
0.0320697
0.0320299
0.0319816
0.0319627
0.0318053
0.0317305
0.0316175
0.0315812
0.0314665
0.031497
0.0315147
0.0315097
0.0315629
0.0316609
0.0317074
0.031656
0.0316129
0.031527
0.0316058
0.0316462
0.0317085
0.0318004
0.0318722
0.0318722
0.0318793
0.0319538
0.0319902
0.0319831
0.031962
0.0319274
0.0318119
0.0317346
0.0317187
0.031649
0.0316439
0.0316815
0.0316879
0.0316785
0.0317717
0.031876
0.0318793
0.0319703
0.0321023
0.0322043
0.0323352
0.0325003
0.0326859
0.0329265
0.0331113
0.0335779
0.0342032
0.0349556
0.0356899
0.0362017
0.036484
0.0365619
0.0365009
0.0364188
0.0368457
0.0371901
0.0376669
0.0382386
0.0389186
0.0393419
0.040195
0.0413834
0.0427206
0.0445475
0.0466891
0.0495753
0.0519219
0.055083
0.0578816
0.0613623
0.0631261
0.0648635
0.0658612
0.0497045
0.0486124
0.0477288
0.0462329
0.0444865
0.0431552
0.0419912
0.041075
0.0400988
0.0393717
0.0387776
0.0382445
0.0375294
0.0367285
0.0359679
0.0353015
0.0349353
0.0347257
0.0345221
0.0343493
0.0340083
0.0334464
0.0328181
0.0323942
0.032112
0.03206
0.0319877
0.0319506
0.031781
0.0316942
0.0316062
0.0316273
0.031563
0.0316539
0.0317124
0.0317021
0.0317027
0.0317695
0.0317397
0.0316332
0.0315697
0.0314979
0.0315625
0.0316249
0.0316948
0.0318075
0.0318722
0.0318793
0.0318863
0.0319677
0.0319831
0.031962
0.0319274
0.0318793
0.0317571
0.0316733
0.0316714
0.0316219
0.031637
0.0316879
0.0317015
0.0316789
0.0317588
0.0318564
0.0318531
0.031957
0.0321292
0.0322585
0.0324034
0.0325824
0.0327895
0.033003
0.0331745
0.0336344
0.0342531
0.0349775
0.0357268
0.0362466
0.0365619
0.036673
0.0366437
0.0365796
0.0370076
0.0373116
0.0377661
0.0383736
0.0390796
0.0395539
0.0404886
0.0417223
0.043027
0.0448556
0.0469773
0.0498196
0.0521407
0.0553064
0.0581031
0.0616602
0.0635159
0.0653034
0.066382
0.0495361
0.0484421
0.0475597
0.0460784
0.044305
0.0429475
0.041774
0.0408618
0.039896
0.0391975
0.038637
0.0381292
0.0374364
0.0366501
0.0359096
0.0352506
0.0348978
0.0346759
0.0344543
0.0342936
0.0339767
0.033427
0.0328237
0.0324365
0.0321422
0.0320661
0.0319756
0.0319264
0.0317448
0.0316829
0.0316523
0.0317238
0.0317199
0.0318516
0.0319047
0.0318419
0.0318113
0.0318018
0.0317169
0.03159
0.0315406
0.0314547
0.0315412
0.0316111
0.0317019
0.0318075
0.0318793
0.0318863
0.0319003
0.0319606
0.031962
0.0319274
0.0318793
0.0318245
0.0316958
0.031626
0.0316444
0.031615
0.0316435
0.0317015
0.0317019
0.031666
0.0317392
0.0318301
0.0318397
0.0319839
0.0321835
0.0323267
0.0324856
0.032686
0.032866
0.0330662
0.0332311
0.0336843
0.0342751
0.0350144
0.0357716
0.0363246
0.036673
0.0368158
0.0368045
0.0367415
0.037129
0.0374108
0.0379011
0.0385346
0.0392916
0.0398476
0.0408276
0.0420286
0.0433351
0.0451437
0.0472216
0.0500384
0.052364
0.0555279
0.058401
0.06205
0.0639977
0.0658563
0.0670211
0.0493864
0.0482888
0.0474053
0.0458969
0.0440973
0.0427302
0.0415608
0.0406591
0.0397218
0.0390569
0.0385218
0.0380361
0.0373579
0.0365918
0.0358587
0.0352131
0.034848
0.0346081
0.0343986
0.034262
0.0339573
0.0334325
0.032866
0.0324667
0.0321483
0.0320541
0.0319514
0.0318901
0.0317335
0.031729
0.0317488
0.0318807
0.0319176
0.0320439
0.0320445
0.0319506
0.0318436
0.0317789
0.0316736
0.0315609
0.0314974
0.0314334
0.0315275
0.0316182
0.0317019
0.0318146
0.0318863
0.0319003
0.0318932
0.0319396
0.0319274
0.0318793
0.0318245
0.0317632
0.0316485
0.031599
0.0316375
0.0316215
0.031657
0.0317019
0.0316889
0.0316464
0.0317129
0.0318168
0.0318666
0.0320381
0.0322516
0.0324088
0.0325892
0.0327625
0.0329292
0.0331228
0.033281
0.0337063
0.0343119
0.0350593
0.0358496
0.0364356
0.0368158
0.0369766
0.0369664
0.036863
0.0372283
0.0375458
0.0380621
0.0387466
0.0395853
0.0401865
0.0411339
0.0423367
0.0436232
0.045388
0.0474403
0.0502617
0.0525855
0.0558258
0.0587908
0.0625317
0.0645761
0.0665058
0.0676807
0.0492282
0.0481305
0.0472238
0.0456892
0.0438801
0.042517
0.0413581
0.0404849
0.0395813
0.0389417
0.0384287
0.0379577
0.0372996
0.0365409
0.0358212
0.0351633
0.0347802
0.0345524
0.034367
0.0342426
0.0339629
0.0334749
0.0328962
0.0324728
0.0321363
0.0320299
0.0319152
0.0318788
0.0317796
0.0318255
0.0319057
0.0320784
0.03211
0.0321838
0.0321532
0.0319828
0.0318208
0.0317357
0.0316445
0.0315176
0.0314761
0.0314197
0.0315346
0.0316182
0.0317089
0.0318217
0.0319003
0.0318932
0.0318722
0.031905
0.0318793
0.0318245
0.0317632
0.0317159
0.0316214
0.0315921
0.0316439
0.031635
0.0316574
0.0316889
0.0316693
0.0316201
0.0316995
0.0318437
0.0319208
0.0321063
0.0323338
0.0325124
0.0326657
0.0328258
0.0329858
0.0331727
0.0333029
0.0337431
0.0343568
0.0351372
0.0359607
0.0365785
0.0369766
0.0371385
0.0370879
0.0369622
0.0373633
0.0377067
0.0382741
0.0390403
0.0399242
0.0404928
0.041442
0.0426248
0.0438675
0.0456068
0.0476637
0.0504832
0.0528834
0.0562156
0.0592725
0.0631101
0.0652081
0.067141
0.0683113
0.0490619
0.0479372
0.0470161
0.045472
0.0436669
0.0423143
0.0411839
0.0403443
0.039466
0.0388486
0.0383502
0.0378994
0.0372487
0.0365033
0.0357714
0.0350954
0.0347245
0.0345208
0.0343476
0.0342482
0.0340052
0.033505
0.0329023
0.0324608
0.032112
0.0319936
0.0319038
0.031925
0.0318761
0.0319825
0.0321034
0.0322707
0.0322498
0.0322924
0.0321854
0.03196
0.0317775
0.0317066
0.0316013
0.0314964
0.0314623
0.0314267
0.0315346
0.0316253
0.031716
0.0318357
0.0318932
0.0318722
0.0318376
0.0318568
0.0318245
0.0317632
0.0317159
0.0316888
0.0316145
0.0315985
0.0316575
0.0316354
0.0316445
0.0316693
0.0316431
0.0316068
0.0317265
0.0318979
0.031989
0.0321884
0.0324374
0.032589
0.0327289
0.0328823
0.0330357
0.0331946
0.0333398
0.033788
0.0344347
0.0352483
0.0361035
0.0367393
0.0371385
0.03726
0.0371871
0.0370972
0.0375242
0.0379188
0.0385678
0.0393792
0.0402305
0.0408009
0.0417301
0.0428692
0.0440863
0.0458302
0.0478852
0.0507811
0.0532732
0.0566973
0.059851
0.0637421
0.0658229
0.0677472
0.0689031
0.0488628
0.0477215
0.0467989
0.0452588
0.0434641
0.0421401
0.0410433
0.0402291
0.0393729
0.0387701
0.0382919
0.0378485
0.0372112
0.0364536
0.0357035
0.0350398
0.0346929
0.0345014
0.0343532
0.0342905
0.0340354
0.0335111
0.0328903
0.0324365
0.0320758
0.0319823
0.03195
0.0320215
0.0320331
0.0321801
0.0322958
0.0324106
0.0323584
0.0323247
0.0321626
0.0319167
0.0317484
0.0316634
0.03158
0.0314826
0.0314694
0.0314267
0.0315417
0.0316324
0.03173
0.0318286
0.0318722
0.0318376
0.0317894
0.031802
0.0317632
0.0317159
0.0316888
0.0316819
0.031621
0.0316121
0.0316579
0.0316225
0.0316249
0.0316431
0.0316297
0.0316337
0.0317807
0.0319661
0.0320712
0.032292
0.0325139
0.0326522
0.0327855
0.0329322
0.0330577
0.0332315
0.0333846
0.0338659
0.0345458
0.0353911
0.0362643
0.0369012
0.03726
0.0373592
0.0373221
0.0372581
0.0377363
0.0382125
0.0389067
0.0396855
0.0405386
0.041089
0.0419744
0.0430879
0.0443096
0.0460516
0.0481831
0.0511709
0.0537549
0.0572757
0.060483
0.0643569
0.0664754
0.0684006
0.0695474
0.0486495
0.0475106
0.0466052
0.0450756
0.0433095
0.042019
0.0409475
0.0401555
0.039314
0.0387313
0.0382606
0.0378304
0.0371809
0.0364052
0.0356674
0.0350277
0.034693
0.0345264
0.034415
0.0343402
0.034061
0.0335186
0.0328855
0.0324198
0.032084
0.032048
0.032066
0.0321979
0.0322502
0.032392
0.0324551
0.0325387
0.0324102
0.0323213
0.0321389
0.0319072
0.0317247
0.0316616
0.0315857
0.0315092
0.0314889
0.0314533
0.0315682
0.0316659
0.0317424
0.031827
0.0318571
0.0318089
0.0317541
0.0317602
0.0317354
0.0317083
0.0317015
0.0317079
0.031654
0.031632
0.0316644
0.0316224
0.0316181
0.0316492
0.0316761
0.0317074
0.0318683
0.0320677
0.0321943
0.0323881
0.0325966
0.0327282
0.0328549
0.0329737
0.033114
0.0332958
0.0334821
0.0339965
0.0347081
0.0355714
0.0364457
0.0370421
0.0373787
0.0375137
0.0375025
0.0374897
0.0380494
0.0385709
0.0392325
0.0400131
0.0408462
0.0413529
0.0422127
0.0433308
0.0445506
0.046369
0.0485924
0.0516721
0.0543529
0.0579272
0.0611172
0.0650289
0.0642898
0.0654934
0.0654775
0.0484346
0.0473231
0.0464418
0.0449407
0.0432083
0.0419431
0.0408938
0.0401164
0.0392951
0.0387198
0.0382624
0.0378201
0.0371524
0.0363889
0.0356752
0.0350477
0.0347379
0.0346082
0.0344846
0.0343857
0.0340884
0.0335338
0.0328887
0.0324479
0.0321695
0.0321838
0.0322623
0.032435
0.032482
0.0325712
0.0326031
0.0326104
0.0324267
0.0323175
0.0321492
0.0319033
0.0317428
0.0316872
0.0316322
0.0315486
0.0315354
0.0314998
0.0316216
0.0316982
0.0317607
0.0318318
0.0318483
0.0317935
0.0317322
0.0317523
0.0317477
0.0317408
0.0317473
0.0317608
0.0316938
0.0316584
0.0316842
0.0316355
0.0316441
0.0317155
0.0317697
0.031815
0.0319899
0.0322107
0.0323102
0.0324907
0.0326926
0.0328175
0.0329162
0.0330499
0.0331983
0.0334132
0.0336326
0.0341787
0.0349084
0.0357727
0.0366065
0.0371808
0.0375531
0.037714
0.037754
0.0378227
0.0384277
0.0389166
0.03958
0.0403406
0.04113
0.041611
0.0424754
0.0435917
0.0448879
0.0467982
0.0491135
0.05229
0.0550243
0.0585814
0.0618091
0.0627292
0.0591019
0.0588583
0.0564398
0.0482431
0.0471578
0.0462871
0.0448197
0.0431125
0.0418696
0.0408349
0.0400776
0.0392637
0.0387018
0.0382321
0.0377717
0.0371163
0.0363768
0.0356753
0.0350727
0.0347998
0.0346578
0.0345102
0.0343931
0.0340836
0.033517
0.0328969
0.0325135
0.0322855
0.0323603
0.0324795
0.0326468
0.0326413
0.0326993
0.0326549
0.032607
0.032403
0.0323079
0.0321254
0.0319015
0.0317485
0.0317138
0.0316517
0.0315752
0.031562
0.0315333
0.031634
0.0316966
0.0317456
0.0318031
0.031813
0.0317517
0.0317044
0.0317448
0.0317603
0.0317668
0.0317803
0.0317807
0.0317004
0.0316583
0.0316774
0.0316416
0.0316906
0.0317892
0.0318574
0.0319166
0.032113
0.0323068
0.0323929
0.0325667
0.032762
0.032859
0.0329725
0.0331143
0.0332957
0.0335438
0.0337949
0.0343591
0.0350897
0.0359137
0.0367253
0.0373352
0.0377335
0.0379456
0.0380671
0.0381812
0.0387536
0.0392442
0.0398876
0.0406045
0.0413682
0.0418539
0.0427164
0.043909
0.0452972
0.0472994
0.0497114
0.0529415
0.0556585
0.0592534
0.062693
0.0638412
0.0573323
0.0565083
0.048085
0.0470063
0.0461466
0.0447044
0.0430194
0.0417911
0.0407766
0.0400267
0.0392261
0.038652
0.0381643
0.0377161
0.0370847
0.0363574
0.0356808
0.0351151
0.0348299
0.0346639
0.0344981
0.0343689
0.0340474
0.0335057
0.032943
0.03261
0.0324424
0.032558
0.0326718
0.0327867
0.0327499
0.0327316
0.032632
0.0325638
0.0323739
0.0322647
0.0321041
0.0318878
0.0317556
0.0317138
0.0316588
0.0315823
0.031576
0.0315262
0.031613
0.031662
0.0316975
0.0317483
0.0317517
0.0317044
0.0316774
0.0317379
0.0317668
0.0317803
0.0317807
0.0317678
0.0316808
0.031632
0.0316641
0.0316686
0.0317448
0.0318574
0.0319395
0.0320202
0.0321895
0.03237
0.0324495
0.0326166
0.0327839
0.0328958
0.0330174
0.0331922
0.0334068
0.0336866
0.0339557
0.0345209
0.0352112
0.0360129
0.0368603
0.0374962
0.0379456
0.0382392
0.0384061
0.0384875
0.0390617
0.0395323
0.040132
0.0408232
0.0415916
0.0420754
0.0430143
0.0442988
0.0457789
0.0478779
0.0503434
0.0535562
0.056311
0.0601177
0.0637855
0.0652614
0.0593733
0.0479576
0.0468865
0.0460313
0.0446113
0.042941
0.0417328
0.0407257
0.0399892
0.0391764
0.0385842
0.0381086
0.0376845
0.0370653
0.036363
0.0357232
0.0351452
0.0348361
0.0346519
0.0344739
0.0343327
0.0340361
0.0335518
0.0330395
0.0327669
0.0326401
0.0327503
0.0328117
0.0328953
0.0327822
0.0327088
0.0325888
0.0325347
0.0323307
0.0322434
0.0320904
0.0318949
0.0317556
0.0317209
0.0316659
0.0315962
0.0315689
0.0315051
0.0315784
0.0316139
0.0316427
0.0316871
0.0317044
0.0316774
0.0316705
0.0317443
0.0317803
0.0317807
0.0317678
0.0317482
0.0316545
0.0316187
0.031691
0.0317228
0.0318129
0.0319395
0.0320432
0.0320967
0.0322527
0.0324265
0.0324994
0.0326386
0.0328208
0.0329407
0.0330954
0.0333033
0.0335496
0.0338474
0.0341176
0.0346424
0.0353104
0.0361479
0.0370212
0.0377082
0.0382392
0.0385782
0.0387124
0.0387956
0.0393498
0.0397766
0.0403507
0.0410466
0.0418131
0.0423732
0.0434041
0.0447806
0.0463574
0.0485099
0.0509582
0.0542087
0.0571754
0.0612102
0.0652057
0.0673025
0.0623253
0.0621129
0.0445423
0.0443008
0.043956
0.0445329
0.0428827
0.0416819
0.0406881
0.0399394
0.0391085
0.0385285
0.038077
0.0376651
0.0370708
0.0364053
0.0357533
0.0351513
0.034824
0.0346277
0.0344377
0.0343214
0.0340822
0.0336483
0.0331964
0.0329646
0.0328324
0.0328901
0.0329203
0.0329276
0.0327594
0.0326655
0.0325597
0.0324915
0.0323094
0.0322296
0.0320975
0.0318949
0.0317627
0.031728
0.0316799
0.0315891
0.0315478
0.0314705
0.0315302
0.031559
0.0315814
0.0316398
0.0316774
0.0316705
0.0316769
0.0317579
0.0317807
0.0317678
0.0317482
0.0317219
0.0316412
0.0316456
0.0317452
0.0317909
0.0318951
0.0320432
0.0321197
0.03216
0.0323093
0.0324764
0.0325213
0.0326754
0.0328656
0.0330187
0.0332064
0.0334461
0.0337104
0.0340093
0.034239
0.0347416
0.0354454
0.0363088
0.0372333
0.0380019
0.0385782
0.0388845
0.0390205
0.0390837
0.0395941
0.0399954
0.0405741
0.0412681
0.0421109
0.042763
0.0438858
0.045359
0.0469894
0.0491246
0.0516107
0.055073
0.0582679
0.0626305
0.0672467
0.0702544
0.0690571
0.0700723
0.0691959
0.0444337
0.044211
0.0438775
0.0444746
0.0428318
0.0416444
0.0406384
0.0398716
0.0390529
0.0384969
0.0380576
0.0376706
0.0371132
0.0364355
0.0357594
0.0351393
0.0347998
0.0345914
0.0344263
0.0343675
0.0341787
0.0338053
0.0333941
0.0331569
0.0329723
0.0329988
0.0329526
0.0329047
0.0327161
0.0326365
0.0325165
0.0324702
0.0322956
0.0322367
0.0320975
0.031902
0.0317698
0.031742
0.0316728
0.0315681
0.0315132
0.0314224
0.0314754
0.0314978
0.0315341
0.0316127
0.0316705
0.0316769
0.0316905
0.0317583
0.0317678
0.0317482
0.0317219
0.0317086
0.0316681
0.0316998
0.0318134
0.0318731
0.0319987
0.0321197
0.0321829
0.0322165
0.0323592
0.0324984
0.0325582
0.0327203
0.0329436
0.0331297
0.0333493
0.033607
0.0338723
0.0341307
0.0343383
0.0348766
0.0356064
0.0365209
0.0375269
0.0383408
0.0388845
0.0391926
0.0393086
0.039328
0.0398129
0.0402187
0.0407956
0.0415659
0.0425007
0.0432448
0.0444643
0.045991
0.0476041
0.0497772
0.052475
0.0561656
0.0596881
0.0646715
0.0662784
0.0689445
0.0713609
0.072402
0.0710899
0.0373034
0.0383661
0.0389705
0.0392939
0.0399286
0.0406741
0.0399194
0.0391248
0.038581
0.0381667
0.0378165
0.0372469
0.0365451
0.0358509
0.0352186
0.0348671
0.0346837
0.034576
0.0345675
0.0344392
0.0341065
0.03369
0.0334003
0.0331844
0.0331346
0.0330333
0.032965
0.0327906
0.0326967
0.0325987
0.03256
0.0324063
0.0323403
0.0322081
0.0320126
0.0318873
0.0318384
0.0317553
0.031637
0.0315686
0.0314711
0.0315177
0.031554
0.0316106
0.0317093
0.0317805
0.031794
0.0317944
0.0318489
0.0318517
0.0318254
0.0318121
0.031839
0.0318258
0.0318715
0.0319991
0.0320802
0.0321788
0.0322864
0.032343
0.03237
0.0324847
0.0326388
0.0327066
0.0329018
0.0331582
0.0333761
0.0336136
0.0338724
0.0340973
0.0343335
0.0345768
0.0351411
0.0359219
0.0369181
0.0379694
0.0387507
0.0392961
0.0395842
0.0396565
0.0396503
0.0401398
0.0405438
0.041197
0.0420593
0.043086
0.0439268
0.0451998
0.0467092
0.0483602
0.050745
0.0536711
0.0576893
0.0618327
0.0638437
0.0620768
0.0611154
0.0670659
0.066098
0.0673245
0.0349418
0.0349209
0.0364726
0.0370904
0.0393672
0.0399838
0.0407414
0.0400109
0.0392284
0.0387096
0.0383321
0.0379697
0.037376
0.0366561
0.0359497
0.0353054
0.0349788
0.0348528
0.0347955
0.0348475
0.0347599
0.0344219
0.0339529
0.033632
0.0333397
0.0332348
0.033113
0.033059
0.0328704
0.0327985
0.032708
0.0326901
0.0325293
0.0324704
0.0323382
0.0321496
0.0320033
0.0319404
0.0318437
0.0317119
0.0316368
0.0315329
0.0315934
0.03165
0.0317267
0.0318388
0.031917
0.0319174
0.0319045
0.0319523
0.0319485
0.0319351
0.031962
0.0320163
0.032017
0.0320767
0.0322257
0.0322798
0.032365
0.032466
0.0325159
0.0325149
0.0326445
0.0328067
0.0329076
0.0331359
0.0334241
0.0336599
0.0338985
0.0341168
0.0343196
0.0345915
0.0348608
0.0354762
0.0363386
0.03738
0.0383987
0.0391818
0.0397073
0.0399516
0.0399982
0.0399967
0.0404843
0.0409647
0.0417098
0.042664
0.0437875
0.0446818
0.0459376
0.0474848
0.0493475
0.0519606
0.0552143
0.0598534
0.0612446
0.0599355
0.0547289
0.0499675
0.0507831
0.0284676
0.0395372
0.040166
0.0409476
0.0402293
0.0394718
0.0389898
0.0386
0.0382136
0.0376018
0.0368697
0.0361513
0.0355319
0.0352627
0.0351871
0.0351903
0.035283
0.03519
0.0347995
0.0342993
0.0339021
0.0335547
0.0334293
0.0333218
0.0332535
0.0330869
0.0330225
0.0329529
0.0329279
0.0327742
0.0327153
0.03259
0.0323803
0.03222
0.0321436
0.0320334
0.0318949
0.0318134
0.0317234
0.0318041
0.0318809
0.031971
0.0320902
0.0321552
0.0321423
0.0321227
0.0321638
0.0321729
0.0321999
0.0322541
0.0323222
0.032337
0.0324181
0.0325401
0.0325808
0.0326594
0.0327537
0.0327757
0.0327896
0.0329272
0.0331224
0.0332564
0.0335165
0.0338227
0.0340596
0.0342578
0.0344539
0.0346924
0.0349903
0.0353106
0.0360076
0.0369154
0.0379242
0.0389446
0.0397077
0.0401894
0.0404082
0.0404594
0.040456
0.04102
0.0415923
0.0424293
0.0434803
0.0446573
0.0455343
0.0468279
0.048587
0.0482218
0.0484825
0.0492925
0.0511179
0.0493863
0.0471243
0.0409627
0.0328055
0.0285513
0.0327587
0.0353929
0.0396524
0.0403053
0.0410992
0.0404057
0.0396851
0.0391909
0.0387771
0.0383725
0.0377485
0.0370044
0.0363109
0.035749
0.0355302
0.035515
0.0355589
0.0356462
0.0355008
0.0350791
0.0345025
0.0340502
0.0336824
0.0335712
0.0334495
0.0334032
0.0332441
0.0332006
0.0331238
0.0331059
0.0329522
0.0329002
0.0327538
0.0325302
0.0323563
0.0322664
0.0321495
0.0320046
0.031937
0.0318672
0.0319682
0.0320583
0.0321555
0.0322615
0.0323132
0.0322936
0.0322673
0.0323214
0.0323708
0.032425
0.0324932
0.0325753
0.0326115
0.0326656
0.0327742
0.0328083
0.0328802
0.0329466
0.0329835
0.0330054
0.0331761
0.0334044
0.0335702
0.0338483
0.0341555
0.034352
0.034528
0.0347598
0.0350242
0.0353733
0.0357752
0.0365175
0.0373926
0.0384032
0.0394037
0.040123
0.0405791
0.0408025
0.0408518
0.0409248
0.0415807
0.042245
0.0431787
0.0442832
0.0454429
0.0463578
0.0478632
0.0498504
0.049813
0.0476905
0.0459249
0.0445983
0.0396874
0.0338536
0.0308889
0.0337946
0.0380782
0.0387432
0.0395621
0.0389055
0.0399136
0.0393954
0.0389635
0.0385467
0.0379106
0.0371915
0.0365555
0.0360439
0.0358855
0.0359111
0.0359497
0.0359845
0.0358078
0.0353098
0.0346781
0.0342053
0.0338518
0.0337264
0.0336266
0.0335878
0.0334496
0.033399
0.0333294
0.0333114
0.0331646
0.0330915
0.0329312
0.032694
0.0325066
0.03241
0.0322866
0.0321557
0.0321083
0.0320588
0.0321731
0.0322702
0.0323543
0.032447
0.032492
0.0324658
0.0324524
0.0325467
0.0326234
0.0326916
0.0327737
0.0328774
0.0328865
0.0329272
0.0330292
0.0330566
0.0331006
0.0331819
0.0332267
0.0332818
0.0334856
0.0337457
0.0339295
0.0342086
0.0344754
0.0346497
0.0348614
0.0351192
0.0354347
0.0358654
0.0363126
0.0370222
0.0378991
0.0388897
0.0398464
0.0405402
0.0410009
0.0412224
0.0413481
0.041513
0.0422608
0.0430218
0.0440091
0.0450964
0.0462939
0.0474205
0.0491541
0.051469
0.0491661
0.0445096
0.0276006
0.0307322
0.0339153
0.0382429
0.038952
0.0380382
0.0373694
0.0401096
0.0395732
0.0391291
0.0387003
0.0380892
0.0374275
0.0368418
0.0363906
0.036273
0.0362933
0.0362793
0.0362829
0.0360299
0.0354767
0.0348246
0.0343661
0.0339983
0.0338949
0.0338027
0.0337848
0.0336394
0.0335959
0.0335263
0.0335152
0.0333473
0.0332603
0.0330864
0.0328357
0.0326416
0.0325386
0.0324292
0.0323184
0.0322913
0.0322551
0.0323764
0.0324605
0.0325312
0.0326172
0.0326556
0.0326423
0.0326692
0.0327908
0.0328814
0.0329636
0.0330672
0.0331437
0.0331395
0.0331736
0.0332689
0.0332684
0.0333272
0.0334166
0.0334945
0.0335827
0.0338183
0.0340963
0.0342811
0.0345198
0.0347645
0.0349745
0.0352122
0.035521
0.0359182
0.0363941
0.0368087
0.0375202
0.0383771
0.0393239
0.040255
0.0409534
0.0414122
0.04171
0.0419277
0.0421846
0.0430291
0.0438436
0.0448137
0.0459387
0.0473481
0.0487029
0.0507642
0.0508507
0.046126
0.0385727
0.0308607
0.0206401
0.0234576
0.0269122
0.0296114
0.0314772
0.0325737
0.0370851
0.0382423
0.039449
0.0390451
0.0384915
0.0378801
0.0373549
0.0369445
0.0368215
0.0367893
0.0367441
0.0366714
0.0363633
0.0357897
0.0351517
0.034679
0.0343332
0.0342373
0.0341659
0.0341409
0.0340027
0.0339592
0.0338964
0.0338643
0.0336825
0.0335818
0.0333945
0.033137
0.0329365
0.0328474
0.0327582
0.0326677
0.0326539
0.0326248
0.032733
0.0328037
0.0328677
0.0329471
0.0329984
0.0330253
0.0330795
0.0332151
0.0333197
0.0334234
0.0334999
0.0335631
0.0335522
0.0335797
0.033647
0.0336614
0.0337283
0.0338507
0.0339618
0.0340817
0.0343353
0.0346144
0.0347588
0.0349753
0.0352556
0.0354916
0.0357804
0.0361709
0.0366133
0.0370566
0.037473
0.0381644
0.0389776
0.0398988
0.0408345
0.041531
0.0420662
0.042456
0.0427657
0.0431192
0.0440173
0.0448145
0.0437661
0.0451029
0.0467405
0.048423
0.0482832
0.0480231
0.0404955
0.0299464
0.0198361
0.02089
0.0248021
0.0276883
0.0339954
0.0368647
0.0397716
0.0394252
0.0389219
0.038371
0.0378865
0.0374707
0.0372953
0.0372318
0.0371103
0.0369825
0.0366539
0.0360945
0.0354424
0.0349916
0.0346534
0.0345783
0.0344999
0.0344819
0.0343437
0.0343071
0.0342232
0.0341772
0.0339818
0.0338676
0.0336736
0.0334097
0.0332232
0.0331543
0.0330853
0.0330081
0.0330014
0.0329591
0.033054
0.033118
0.0331754
0.0332677
0.0333593
0.0334135
0.0334816
0.0336312
0.0337573
0.0338338
0.033897
0.0339536
0.0339361
0.0339356
0.0340178
0.0340402
0.0341402
0.0342957
0.0344385
0.0345764
0.0348311
0.0350698
0.0351919
0.0354441
0.0357505
0.0360375
0.036408
0.0368437
0.0372535
0.0376986
0.038095
0.0387427
0.0395303
0.0404561
0.04139
0.0421628
0.0427899
0.0432717
0.043678
0.0440851
0.0449659
0.045801
0.0427156
0.0419575
0.04148
0.0410187
0.0385181
0.0377376
0.0321018
0.0342185
0.0371128
0.0384708
0.036596
0.0345812
0.0340711
0.0335812
0.0347193
0.0360913
0.0375235
0.0373469
0.0371986
0.0368843
0.0363107
0.0356805
0.0352373
0.0349199
0.0348377
0.0347663
0.0347484
0.034617
0.0345594
0.0344616
0.034402
0.034193
0.0340722
0.0338717
0.0336218
0.0334555
0.0334068
0.0333512
0.033281
0.0332612
0.0332055
0.0332938
0.0333511
0.0334214
0.033554
0.0336729
0.033741
0.0338232
0.0339942
0.0340932
0.0341564
0.034213
0.0342629
0.0342174
0.0342318
0.0343221
0.0343776
0.0345106
0.0346979
0.0348587
0.0349977
0.0352119
0.0354284
0.0355863
0.0358645
0.0362219
0.0365906
0.0370063
0.0374094
0.037821
0.0382461
0.0385988
0.0392209
0.040013
0.040937
0.0419472
0.042812
0.0435311
0.0441095
0.0445694
0.0449592
0.0458779
0.0469247
0.0440675
0.0436371
0.04423
0.0390451
0.0387619
0.0261744
0.0308258
0.033891
0.0321009
0.0317823
0.0329224
0.03238
0.0334869
0.0363951
0.0377721
0.0375751
0.0374411
0.0371125
0.0365609
0.0359383
0.0355159
0.0351914
0.0351163
0.0350449
0.0350339
0.0348814
0.0348098
0.0346985
0.0346253
0.0344097
0.0342824
0.0340959
0.0338662
0.0337201
0.0336847
0.0336362
0.0335529
0.0335197
0.0334574
0.033539
0.0336093
0.0337198
0.0338797
0.0340125
0.0340947
0.0341983
0.0343422
0.0344279
0.0344844
0.0345343
0.0345563
0.0345257
0.0345481
0.0346715
0.0347601
0.034925
0.0351302
0.0352921
0.0353906
0.0355826
0.0358348
0.0360187
0.036348
0.0367871
0.037201
0.0375841
0.037989
0.0383806
0.0387619
0.039089
0.0397157
0.040506
0.0415063
0.0426085
0.0435652
0.044381
0.045013
0.0454556
0.0458833
0.0470137
0.0482887
0.0457592
0.0459496
0.00823139
0.0131625
0.0180673
0.0244688
0.027624
0.0259124
0.0321107
0.0365687
0.0379253
0.0377425
0.0375942
0.0372877
0.0367436
0.0361418
0.0357123
0.0353949
0.0353198
0.0352553
0.0352232
0.0350568
0.0349716
0.0348468
0.0347669
0.0345449
0.0344316
0.0342652
0.0340558
0.033923
0.0338947
0.033833
0.0337364
0.0336965
0.0336276
0.0337221
0.0338326
0.0339705
0.0341443
0.0342911
0.0343947
0.0344713
0.0346019
0.0346809
0.0347308
0.0347527
0.0347896
0.034767
0.0348226
0.034979
0.0350994
0.0352822
0.0354885
0.03561
0.0356863
0.035914
0.0361922
0.0364272
0.0368381
0.0373224
0.0377038
0.0380886
0.0384736
0.0388214
0.0391771
0.0395088
0.0401336
0.0410003
0.0420926
0.0432867
0.0443401
0.0452095
0.0458242
0.0463046
0.046944
0.0483026
0.0499054
0.0479967
0.049098
0.0508627
0.0525201
0.044898
0.0474926
0.0323675
0.0179056
0.0208927
0.0263117
0.0305521
0.0365864
0.0379572
0.0377602
0.0376339
0.0373348
0.0368116
0.0362027
0.0357803
0.0354629
0.0353947
0.0353092
0.0352631
0.0350831
0.0349844
0.0348529
0.0347666
0.0345585
0.0344654
0.0343193
0.0341231
0.0339974
0.033956
0.033881
0.0337777
0.0337312
0.0336752
0.0338099
0.0339478
0.0340996
0.0342874
0.0344557
0.0345322
0.0345954
0.0347193
0.0347917
0.0348137
0.0348505
0.0348954
0.0349059
0.0349945
0.0351828
0.0353211
0.035505
0.0356709
0.0357702
0.0358822
0.0361359
0.0364652
0.0367818
0.037238
0.0376897
0.0380728
0.0384377
0.0387788
0.0391011
0.0394614
0.0397912
0.0404924
0.041451
0.0426352
0.0439261
0.045033
0.0458851
0.0465376
0.0472299
0.0480975
0.0497838
0.0520073
0.0530658
0.0548776
0.0571396
0.0591217
0.0540255
0.0571172
0.0437503
0.0308747
0.0113659
0.0230489
0.0272688
0.0349018
0.0378214
0.0376463
0.0375276
0.0372494
0.036719
0.0361173
0.0356949
0.0353844
0.0352951
0.0351956
0.035136
0.0349425
0.0348371
0.0346991
0.0346268
0.0344389
0.034366
0.0342332
0.0340442
0.0339053
0.0338506
0.0337689
0.0336589
0.0336253
0.0336096
0.0337716
0.0339234
0.0340892
0.0342985
0.0344397
0.0345029
0.0345594
0.0346767
0.0347211
0.034758
0.0348028
0.0348808
0.0349245
0.0350449
0.0352511
0.0353905
0.0355339
0.0356776
0.0358126
0.0359506
0.0362554
0.0366664
0.0370282
0.0374518
0.0379052
0.0382684
0.0385895
0.0389051
0.0392319
0.0395904
0.0399965
0.0407897
0.0418402
0.0431212
0.0444655
0.0455552
0.0464451
0.0473094
0.0482299
0.0494252
0.0517323
0.0548667
0.0588845
0.0635167
0.0685461
0.0729969
0.0704119
0.0738533
0.0745695
0.0642171
0.0541105
0.0278221
0.0304498
0.03649
0.0378596
0.0376921
0.0375942
0.0373089
0.0367856
0.0361838
0.0357683
0.0354367
0.0353335
0.0352204
0.0351473
0.0349471
0.0348353
0.0347112
0.0346591
0.0344915
0.0344319
0.0343062
0.034104
0.0339518
0.0338904
0.033802
0.0337051
0.0337117
0.0337232
0.0338992
0.034065
0.0342523
0.0344345
0.0345623
0.0346189
0.0346688
0.0347581
0.0348174
0.0348623
0.0349403
0.0350513
0.0351268
0.0352651
0.0354724
0.0355714
0.0356927
0.0358721
0.036033
0.0362221
0.0366086
0.0370647
0.037394
0.0378193
0.0382528
0.0385722
0.0388677
0.0391879
0.0395129
0.0399477
0.0404458
0.0413309
0.0424781
0.0438126
0.0451397
0.0462673
0.0473689
0.0484614
0.0497095
0.0515257
0.0547437
0.0585886
0.0631036
0.0680606
0.072794
0.0764843
0.0764128
0.0756728
0.0808182
0.0700225
0.0595859
0.0143165
0.0320815
0.0365311
0.0379083
0.0377616
0.0376566
0.0373784
0.0368551
0.0362602
0.0358237
0.0354781
0.0353614
0.0352347
0.0351549
0.0349483
0.0348504
0.0347466
0.0347147
0.0345604
0.0345079
0.034369
0.0341535
0.0339947
0.0339266
0.0338511
0.0337944
0.0338283
0.0338538
0.0340438
0.0342311
0.0343912
0.0345601
0.0346813
0.0347312
0.0347532
0.0348574
0.0349247
0.0350027
0.0351138
0.0352566
0.03535
0.0354894
0.0356563
0.0357331
0.03589
0.0360955
0.0363075
0.0365782
0.0370099
0.0374335
0.0377645
0.0381699
0.0385596
0.0388534
0.0391535
0.0394718
0.0398732
0.0403999
0.04099
0.0419718
0.0431726
0.0444898
0.0458547
0.047194
0.0485239
0.0499441
0.051813
0.05454
0.0584685
0.0628107
0.0676505
0.0723114
0.0762844
0.0790934
0.0828124
0.0779753
0.0793049
0.0681785
0.0575587
0.0392207
0.0286248
0.0126954
0.0188182
0.0263337
0.0305969
0.0350587
0.0364566
0.0378564
0.0377585
0.0374803
0.0369639
0.036348
0.0358974
0.0355383
0.035408
0.0352748
0.0351885
0.0349958
0.0349182
0.0348345
0.034816
0.0346687
0.0346031
0.0344509
0.0342287
0.0340632
0.0340081
0.0339729
0.0339434
0.0339913
0.0340308
0.0342423
0.0344024
0.0345493
0.0347115
0.0348261
0.034848
0.0348848
0.0349971
0.0350975
0.0352086
0.0353514
0.0355123
0.0356067
0.0357057
0.0358504
0.0359629
0.0361458
0.0364023
0.036696
0.037012
0.0374111
0.0378364
0.0381475
0.0385091
0.0388732
0.0391716
0.0394698
0.0398645
0.0403578
0.0409765
0.0416633
0.0426986
0.0438821
0.0452372
0.0468139
0.0483814
0.0500389
0.0520799
0.0548597
0.0582973
0.062723
0.06739
0.0719338
0.0758343
0.078926
0.0822662
0.0870544
0.0841882
0.0814906
0.0581428
0.0157094
0.0232653
0.0275621
0.0304971
0.0335036
0.0364845
0.0363866
0.0361153
0.0371591
0.0365291
0.0360651
0.0356924
0.0355555
0.0354157
0.0353434
0.035171
0.0351135
0.0350432
0.0350318
0.0348714
0.0347924
0.0346336
0.0344047
0.0342521
0.0342372
0.0342293
0.0342138
0.0342757
0.0343367
0.034521
0.0346679
0.0348081
0.0349636
0.0350502
0.0350871
0.0351319
0.0352773
0.0354108
0.0355537
0.0357145
0.0358764
0.0359304
0.0360072
0.0361876
0.0363261
0.0365601
0.0368982
0.0372372
0.0375205
0.0379214
0.0383268
0.038594
0.03893
0.0392988
0.0395953
0.0399699
0.0404565
0.0410418
0.0417572
0.0424975
0.0435155
0.0447369
0.0440495
0.0458544
0.0477496
0.0500279
0.0529799
0.0587244
0.0626592
0.0674097
0.0717807
0.075564
0.0785832
0.0822061
0.0866155
0.0933747
0.0865058
0.0799008
0.0202072
0.0276049
0.0290899
0.0336677
0.0335767
0.0332843
0.035918
0.0368714
0.0363938
0.0360145
0.0358711
0.0357453
0.0356932
0.035541
0.0354968
0.0354336
0.035409
0.0352353
0.0351497
0.0349842
0.0347682
0.0346559
0.0346683
0.0346744
0.0346729
0.0347562
0.0347901
0.0349611
0.0351013
0.0352348
0.0353624
0.0354639
0.0355088
0.0355868
0.0357652
0.0359305
0.0360914
0.0362532
0.0363747
0.0364065
0.036519
0.0367254
0.036915
0.0372307
0.037614
0.0379203
0.0382055
0.0385864
0.038948
0.0391897
0.0395303
0.0398971
0.04027
0.0407366
0.0413152
0.0419971
0.0427661
0.0434891
0.044545
0.0459781
0.043199
0.0453316
0.0478476
0.0510368
0.0546992
0.0632609
0.0675205
0.071975
0.0755856
0.0784876
0.0774034
0.0820955
0.0884759
0.0912702
0.0805233
0.0723256
0.0523398
0.0200015
0.0215209
0.0276787
0.0290196
0.0333178
0.0359357
0.0370918
0.0367061
0.0365766
0.0364711
0.0364392
0.0363003
0.0362632
0.0361869
0.0361489
0.0359685
0.0358763
0.0357237
0.035548
0.035463
0.0354893
0.0355094
0.0355294
0.0355856
0.0356061
0.0357705
0.0359041
0.0360097
0.0361521
0.0362617
0.0363396
0.0364507
0.0366609
0.0368442
0.0370061
0.0371276
0.0372268
0.0372944
0.0374329
0.0376903
0.0379615
0.0383224
0.0386732
0.0389813
0.0392465
0.0395836
0.0399196
0.0401659
0.0405046
0.0409478
0.0414127
0.0419712
0.0426465
0.0433819
0.0441336
0.0448945
0.0438692
0.0455305
0.0405811
0.0404842
0.0501039
0.0542635
0.065648
0.0724618
0.0725562
0.0752854
0.0740343
0.0688624
0.0697775
0.0757873
0.0746829
0.0670769
0.0568456
0.0123357
0.0138964
0.0231034
0.0291102
0.0334367
0.0362777
0.0375694
0.0374601
0.0373748
0.0373562
0.0372244
0.0371742
0.0370845
0.0370399
0.0368529
0.0367735
0.0366612
0.0365128
0.0364417
0.0364821
0.0365236
0.0365165
0.0365594
0.0365733
0.036731
0.0368366
0.0369571
0.0371076
0.0372502
0.0373613
0.0375041
0.0377323
0.0379167
0.0380381
0.0381374
0.0382723
0.0383659
0.0385555
0.0388946
0.039211
0.0395393
0.0398919
0.04018
0.0404014
0.0407129
0.0410535
0.041298
0.0417131
0.0422482
0.042805
0.0434602
0.0441891
0.0449073
0.0456968
0.0466694
0.0434923
0.0429817
0.0357776
0.033266
0.0464734
0.0534575
0.0674214
0.0732016
0.0687709
0.0673128
0.0619614
0.0529913
0.0534793
0.0566403
0.0521877
0.0232567
0.0292988
0.0338382
0.0368069
0.0383314
0.0382594
0.0382479
0.038103
0.0380395
0.0379431
0.0378918
0.0377177
0.0376786
0.0375936
0.0374591
0.037402
0.0374639
0.0374783
0.0374578
0.0374941
0.0375014
0.0376311
0.0377516
0.0378801
0.0380637
0.0382395
0.0383823
0.0385431
0.0387724
0.0389163
0.0390156
0.0391505
0.0393115
0.0394561
0.0397273
0.0401117
0.0403955
0.0407256
0.0410582
0.0413025
0.0414984
0.0418145
0.0421532
0.042474
0.0429811
0.0436082
0.0442617
0.0449704
0.045682
0.046438
0.0474393
0.0486401
0.0433138
0.040591
0.0257168
0.0517442
0.0682545
0.0766265
0.0680084
0.0624599
0.0403684
0.025092
0.0313537
0.0360237
0.0391995
0.0391346
0.0391099
0.0389516
0.0388815
0.0387784
0.0387401
0.0386062
0.0385944
0.0385233
0.0384029
0.0383673
0.038402
0.0384031
0.038376
0.0384056
0.0383849
0.0385296
0.0386581
0.0388197
0.0390364
0.0392439
0.0394047
0.0395666
0.0397555
0.0398772
0.0400121
0.0401731
0.0403851
0.0406114
0.0409279
0.0412796
0.0415652
0.0418753
0.0421641
0.0423829
0.0425833
0.0428976
0.0433127
0.0437254
0.0443244
0.0450482
0.0457553
0.0464467
0.0471961
0.0481639
0.0470476
0.0485761
0.041036
0.0359354
0.0481627
0.0650161
0.0772693
0.0678332
0.028854
0.0352446
0.0400914
0.0400133
0.0399753
0.0398104
0.0397335
0.0396434
0.0396453
0.0395388
0.0395409
0.0394838
0.0393848
0.0393221
0.0393435
0.039338
0.0393042
0.0393059
0.0393001
0.0394528
0.0396144
0.0398091
0.0400576
0.0402831
0.0404449
0.0405664
0.040733
0.0408905
0.0410514
0.0412635
0.0415571
0.0418287
0.0421125
0.042466
0.0427317
0.042998
0.0432612
0.0434846
0.0436831
0.0421479
0.0426549
0.0431596
0.0438553
0.0446327
0.0472483
0.0479776
0.0489388
0.0501348
0.0468774
0.0490267
0.0391054
0.031253
0.0438515
0.0622735
0.0738068
0.0638862
0.0505441
0.02471
0.0330222
0.0397339
0.0415094
0.0414648
0.0412932
0.0412293
0.0411794
0.0412086
0.041116
0.0411322
0.0410965
0.0409705
0.0408944
0.0409092
0.040897
0.0408353
0.0408518
0.0408541
0.0391509
0.0393456
0.0395721
0.0398385
0.0400651
0.0420755
0.0421747
0.0423771
0.0425605
0.0427726
0.0430662
0.0434052
0.0436441
0.0439297
0.0442632
0.0444851
0.0447259
0.0449937
0.0431524
0.0413081
0.0377125
0.0361542
0.0367556
0.0373691
0.0379935
0.0404643
0.0410485
0.0422378
0.0433008
0.0399095
0.0418695
0.0229416
0.0594832
0.0677799
0.0610876
0.0475382
0.0202559
0.0289101
0.0375839
0.041317
0.0432143
0.0430556
0.0410744
0.0390943
0.0391375
0.0390588
0.0390964
0.0409913
0.0428094
0.0427268
0.0427349
0.0426947
0.0426479
0.0426725
0.0427078
0.0390514
0.0392778
0.0395223
0.0397898
0.0399759
0.0439505
0.0440855
0.042264
0.0424985
0.0427922
0.0431311
0.0434375
0.0457279
0.0459936
0.0462833
0.0464796
0.046725
0.0469909
0.045226
0.041238
0.0354846
0.0317484
0.0306574
0.0311229
0.033449
0.0338816
0.0353986
0.0363343
0.0327479
0.0343447
0.0165566
0.0522673
0.060564
0.0572916
0.0285165
0.0376019
0.0433492
0.0452595
0.045141
0.0431871
0.0392068
0.039264
0.0392068
0.0392173
0.0410988
0.0449245
0.0448351
0.0448153
0.04479
0.0447512
0.0448089
0.0448773
0.0392184
0.0394629
0.0399355
0.0400994
0.0440422
0.0442032
0.0403265
0.0385181
0.038857
0.0412651
0.0415732
0.04595
0.0482964
0.0485606
0.0487615
0.049005
0.0493473
0.0476743
0.0437783
0.021841
0.0225039
0.0435487
0.0435487
0.0344215
0.0426547
0.0421258
0.0445036
0.0425597
0.0361141
0.0360983
0.0404526
0.046751
0.0491204
0.0491154
0.0490982
0.0490925
0.0491833
0.0468014
0.0386523
0.0388978
0.0367859
0.0369051
0.040815
0.0410271
0.0346376
0.0328065
0.0354272
0.0357153
0.0426427
0.0475534
0.0504196
0.0532463
0.0508322
0.048509
0.046928
0.0431287
0.0351991
0.0151141
0.0141196
0.0283156
0.017882
0.0296221
0.0378842
0.0373669
0.0432032
0.0412694
0.0313896
0.0289594
0.0347801
0.0425761
0.0523022
0.0581349
0.058138
0.0581539
0.0581813
0.0583038
0.0524801
0.0408636
0.0376004
0.0284841
0.0285575
0.032451
0.032663
0.0243388
0.0270396
0.0375049
0.045991
0.0487874
0.0515712
0.0491149
0.0431571
0.0379307
0.0340772
0.0317591
0.0254234
0.0123312
0.0281281
0.0339934
0.0221717
0.0453541
0.0591165
0.068986
0.0690222
0.0690712
0.0691303
0.0692709
0.0634482
0.0536802
0.0290759
0.0250958
0.0147755
0.0361375
0.0388774
0.0416277
0.0391292
0.033123
0.0277329
0.0234011
0.021245
0.0184025
0.0163615
0.0461062
0.0622
0.0763836
0.0764528
0.0765335
0.0808714
0.0810129
0.0751499
0.067346
0.0284426
0.0311596
0.0167514
0.0430304
0.062071
0.0812154
0.086212
0.0863107
0.0955649
0.0956661
0.0897808
0.0790388
0.0624041
0.0457616
0.0356697
0.0522641
0.0932036
0.0932994
0.10253
0.102595
0.0895343
0.0716162
0.0549483
0.0382891
0.0385741
0.0868123
0.0868801
0.0960869
0.096124
0.0864991
0.0612703
0.0480539
0.0835173
0.095007
0.091051
