Case #1: 0 1
Case #2: 0 0 0 1 0 0 0 0 0 0
Case #3: 0 0 0 0 0
Case #4: 0
Case #5: 0 0
Case #6: 1 0
Case #7: 0 0 0 0 0 0 1 0 0
Case #8: 0 0 0 1 0
Case #9: 1 0 0 0
Case #10: 0 0 0 0 0 1 0 0 0 0
Case #11: 0 0 0 1 0 0
Case #12: IMPOSSIBLE
Case #13: 1 0
Case #14: 0 0 1
Case #15: 0 0 0 0 0 0 0 0 0 1
Case #16: 0 0 0 1
Case #17: 0 0
Case #18: 0 0
Case #19: 0 1 1 1 0
Case #20: 0 1 1 0 0
Case #21: 1 1 0 1 1 1 0 1 1 1
Case #22: 1 0 0 0
Case #23: 0 0 0 1 0
Case #24: 1
Case #25: 0 0
Case #26: 0 0
Case #27: IMPOSSIBLE
Case #28: IMPOSSIBLE
Case #29: 0 0 0 0 1 0 0
Case #30: 1 1 0 0
Case #31: 0 0 0 0 1 1 1 1 1 1
Case #32: 0 1 0
Case #33: 0 0
Case #34: 0 1 1 0 0 0 0 1
Case #35: 0 1 0 0
Case #36: IMPOSSIBLE
Case #37: 0 0
Case #38: 0 1 0
Case #39: IMPOSSIBLE
Case #40: 0 0 1 0
Case #41: 1 0 0
Case #42: 1 0 1 0 0
Case #43: IMPOSSIBLE
Case #44: 0 0 1 1
Case #45: 0 1 0 0 1 1 1 1
Case #46: 0 0
Case #47: 0 0
Case #48: 0 1 1 1 0 1 0 0 0
Case #49: IMPOSSIBLE
Case #50: IMPOSSIBLE
Case #51: 0 1 1 0
Case #52: 0 1 0 0
Case #53: 0 0 0 1 0 0 0
Case #54: 0 0
Case #55: 1 0 1 0 0 1
Case #56: 0 1 0
Case #57: 0 0 1 0 0 0 0
Case #58: 0 0 0 1 0 1
Case #59: IMPOSSIBLE
Case #60: 1 0 0 0 1 0 0 0 0 1
Case #61: 1 0 0 0 0
Case #62: 0 0
Case #63: 1 1
Case #64: 1 0 0 0 0 0 0
Case #65: 0 0 0 0 0 1 0 0 0
Case #66: 1 0
Case #67: IMPOSSIBLE
Case #68: 0 0 0 0 0
Case #69: IMPOSSIBLE
Case #70: 0 1
Case #71: IMPOSSIBLE
Case #72: 0 0 0 0 0 0 1 0 0 0
Case #73: IMPOSSIBLE
Case #74: 1 0 0
Case #75: IMPOSSIBLE
Case #76: 0 1 0 0 1 0 1
Case #77: 0 0
Case #78: 0 0 1 0 0 1 1
Case #79: 0 1 0 0 0 0
Case #80: 1 1
Case #81: 1 1
Case #82: IMPOSSIBLE
Case #83: 1 0 1 0 0
Case #84: 1 1 1 1 1 1 1 1 1 1
Case #85: 1 0 0
Case #86: 0 1 0 0 0 0 0
Case #87: 1 0 1 1 1 1 1 0 0
Case #88: 0 0 0 1 0 0 0 1 0
Case #89: 0 0
Case #90: 1 0
Case #91: 0 0
Case #92: IMPOSSIBLE
Case #93: 0 0
Case #94: 1 0 1 1 1 0 1 1
Case #95: 0 0 0 1 1 0 1
Case #96: 1 0 0 0 0 0 0
Case #97: 0 0 0 1
Case #98: 0 1 0 0
Case #99: 0 1
Case #100: 1 0
