Case #1: 0 2
Case #2: 1 0
Case #3: 3 2
Case #4: 1 1
Case #5: 3 2
Case #6: 3 1
Case #7: 2 5
Case #8: 6 8
Case #9: 3 9
Case #10: 0 44
Case #11: 6 38
Case #12: 12 26
Case #13: 84 4
Case #14: 1 11
Case #15: 22 1
Case #16: 6 10
Case #17: 15 0
Case #18: 0 9
Case #19: 3 12
Case #20: 1 3
Case #21: 4 3
Case #22: 5 7
Case #23: 50 50
Case #24: 40 39
Case #25: 27 37
Case #26: 20 32
Case #27: 10 31
Case #28: 9 22
Case #29: 12 19
Case #30: 14 21
Case #31: 8 25
Case #32: 7 25
Case #33: 9 30
Case #34: 8 27
Case #35: 7 26
Case #36: 3 31
Case #37: 5 39
Case #38: 6 36
Case #39: 4 36
Case #40: 4 39
Case #41: 6 39
Case #42: 7 39
Case #43: 5 33
Case #44: 7 34
Case #45: 2 39
Case #46: 7 37
Case #47: 11 39
Case #48: 3 47
Case #49: 9 44
Case #50: 7 52
Case #51: 8 50
Case #52: 7 49
Case #53: 9 53
Case #54: 7 61
Case #55: 7 60
Case #56: 9 63
Case #57: 5 68
Case #58: 9 66
Case #59: 13 65
Case #60: 9 75
Case #61: 13 77
Case #62: 14 81
Case #63: 50 49
Case #64: 25 26
Case #65: 17 21
Case #66: 19 12
Case #67: 14 18
Case #68: 12 12
Case #69: 14 11
Case #70: 11 10
Case #71: 12 7
Case #72: 15 10
Case #73: 13 10
Case #74: 15 8
Case #75: 10 10
Case #76: 13 6
Case #77: 7 7
Case #78: 8 7
Case #79: 10 6
Case #80: 7 6
Case #81: 8 5
Case #82: 7 7
Case #83: 2 1
Case #84: 2 1
Case #85: 2 2
Case #86: 1 2
Case #87: 2 1
Case #88: 1 2
Case #89: 2 2
Case #90: 2 1
Case #91: 2 1
Case #92: 2 1
Case #93: 2 2
Case #94: 2 3
Case #95: 1 3
Case #96: 1 4
Case #97: 4 2
Case #98: 3 2
Case #99: 3 2
Case #100: 7 8
