Case #1: 15 25
Case #2: 0 0
Case #3: 81 567
Case #4: 181 244
Case #5: 0 0
Case #6: 500 500
Case #7: 100 900
Case #8: 60 177
Case #9: 89 220
Case #10: 63 248
Case #11: 100 274
Case #12: 138 447
Case #13: 141 289
Case #14: 132 420
Case #15: 108 360
Case #16: 231 418
Case #17: 212 414
Case #18: 205 404
Case #19: 188 371
Case #20: 149 370
Case #21: 123 537
Case #22: 120 440
Case #23: 109 399
Case #24: 143 483
Case #25: 180 331
Case #26: 214 364
Case #27: 217 427
Case #28: 128 464
Case #29: 145 513
Case #30: 170 427
Case #31: 122 421
Case #32: 186 376
Case #33: 113 426
Case #34: 184 549
Case #35: 168 333
Case #36: 156 492
Case #37: 145 529
Case #38: 148 450
Case #39: 35 153
Case #40: 244 453
Case #41: 85 419
Case #42: 214 534
Case #43: 195 504
Case #44: 198 323
Case #45: 169 311
Case #46: 177 516
Case #47: 186 373
Case #48: 103 346
Case #49: 168 555
Case #50: 165 502
Case #51: 185 264
Case #52: 213 375
Case #53: 142 523
Case #54: 116 285
Case #55: 95 256
Case #56: 235 430
Case #57: 211 475
Case #58: 217 462
Case #59: 53 445
Case #60: 193 513
Case #61: 142 578
Case #62: 187 486
Case #63: 130 548
Case #64: 147 496
Case #65: 97 600
Case #66: 202 407
Case #67: 120 487
Case #68: 150 444
Case #69: 145 406
Case #70: 163 428
Case #71: 121 441
Case #72: 141 351
Case #73: 143 504
Case #74: 181 340
Case #75: 213 379
Case #76: 115 327
Case #77: 165 380
Case #78: 91 479
Case #79: 175 530
Case #80: 179 417
Case #81: 146 394
Case #82: 108 340
Case #83: 229 434
Case #84: 182 278
Case #85: 212 439
Case #86: 162 423
Case #87: 114 327
Case #88: 138 447
Case #89: 107 334
Case #90: 125 332
Case #91: 142 319
Case #92: 168 493
Case #93: 134 430
Case #94: 198 458
Case #95: 101 341
Case #96: 119 447
Case #97: 215 480
Case #98: 132 432
Case #99: 178 621
Case #100: 188 478
