Case #1: 15 25
Case #2: 0 0
Case #3: 81 567
Case #4: 181 244
Case #5: 0 0
Case #6: 500 500
Case #7: 100 900
Case #8: 33 113
Case #9: 85 170
Case #10: 48 209
Case #11: 82 312
Case #12: 209 431
Case #13: 87 392
Case #14: 197 351
Case #15: 152 459
Case #16: 159 422
Case #17: 217 476
Case #18: 120 384
Case #19: 79 344
Case #20: 240 423
Case #21: 106 353
Case #22: 144 481
Case #23: 207 414
Case #24: 206 342
Case #25: 110 324
Case #26: 96 192
Case #27: 101 309
Case #28: 196 559
Case #29: 110 408
Case #30: 117 303
Case #31: 159 413
Case #32: 195 365
Case #33: 85 280
Case #34: 193 465
Case #35: 110 474
Case #36: 142 354
Case #37: 146 326
Case #38: 137 630
Case #39: 135 323
Case #40: 105 244
Case #41: 212 415
Case #42: 203 503
Case #43: 159 395
Case #44: 115 337
Case #45: 154 324
Case #46: 244 523
Case #47: 145 376
Case #48: 191 512
Case #49: 209 413
Case #50: 194 417
Case #51: 169 328
Case #52: 197 415
Case #53: 181 352
Case #54: 151 389
Case #55: 175 373
Case #56: 161 231
Case #57: 155 377
Case #58: 165 309
Case #59: 120 306
Case #60: 132 408
Case #61: 120 326
Case #62: 179 404
Case #63: 129 379
Case #64: 137 485
Case #65: 190 466
Case #66: 240 557
Case #67: 183 413
Case #68: 150 461
Case #69: 121 411
Case #70: 129 440
Case #71: 141 248
Case #72: 131 321
Case #73: 109 364
Case #74: 303 389
Case #75: 227 355
Case #76: 91 377
Case #77: 113 362
Case #78: 244 550
Case #79: 77 237
Case #80: 127 357
Case #81: 202 371
Case #82: 191 454
Case #83: 150 450
Case #84: 199 464
Case #85: 120 428
Case #86: 266 411
Case #87: 132 321
Case #88: 109 371
Case #89: 120 303
Case #90: 158 417
Case #91: 158 524
Case #92: 188 254
Case #93: 107 163
Case #94: 183 315
Case #95: 85 357
Case #96: 139 316
Case #97: 158 343
Case #98: 116 307
Case #99: 246 342
Case #100: 126 303
