12.81 1
26.31 3
18.97 2
18.97 3
10.77 2
12.73 3
21.59 5
12.81 1
20.00 2
10.77 2

14.14 4
24.41 6
14.14 3
17.89 1
17.89 4
13.89 1
3.61 1
3.61 1
13.89 1
29.27 7

114.00 1
493.08 18
503.12 10
245.02 6
134.35 3
343.40 3
389.20 5
133.00 2
182.15 1
157.55 5
183.45 3
196.94 1
52.00 1
217.49 6
336.59 4
224.88 4
265.93 4
330.30 2
217.75 3
63.64 2
159.05 2
207.69 4
480.61 12
113.77 1
289.40 7
214.58 2
249.87 5
153.18 1
259.45 2
96.25 2
181.62 1
291.36 6
263.59 3
401.06 13
74.32 2
265.93 2
167.54 2
25.50 1
159.77 1
234.18 2
282.20 4
301.90 7
126.32 2
82.10 1
158.43 2
344.14 5
123.97 2
196.84 2
137.71 1
234.18 3
112.71 6
215.87 4
169.92 2
290.66 5
126.32 2
67.27 1
231.31 1
282.20 4
324.28 7
294.29 3
146.69 2
158.40 1
111.79 2
323.56 4
380.40 11
165.47 3
266.31 4
210.12 4
246.84 3
258.79 6
163.98 3
530.53 20
246.16 3
481.93 21
86.02 1
118.70 1
86.02 1
326.01 5
317.91 5
308.16 8
68.25 1
219.02 1
271.16 3
417.27 11
274.34 8
470.97 3
172.63 4
196.02 6
368.13 14
363.25 6
249.90 5
167.54 2
146.69 2
274.18 6
245.60 4
97.62 2
97.62 2
100.42 3
158.22 3
174.47 4
224.88 4
207.87 2
206.16 3
29.68 1
175.33 2
130.92 2
203.79 6
312.97 8
150.33 2
350.85 5
129.02 3
319.51 7
166.01 3
268.17 4
289.81 9
231.31 4
148.07 1
467.87 8
207.48 5
68.25 1
99.20 1
279.90 4
237.00 2
226.97 4
237.00 3
129.40 3
278.64 4
213.85 3
185.63 6
400.96 10
402.60 11
160.05 3
382.91 9
158.40 3
353.00 8
88.01 1
196.94 1
81.22 1
218.15 3
72.95 1
268.70 8
142.00 2
76.97 1
107.20 1
77.37 1
336.04 4
160.98 2
258.79 6
212.23 4
279.65 7
250.74 5
127.61 1
100.08 2
112.68 3
226.42 3
180.61 4
285.28 7
147.28 3
330.30 4
154.26 1
416.74 11
374.04 9
202.41 5
163.92 4
299.82 9
194.05 6
140.94 3
221.65 4
70.18 1
168.07 3
160.05 2
167.84 4
221.46 3
480.05 10
210.12 2
290.13 5
61.52 1
253.30 2
159.77 2
244.12 5
222.00 4
175.96 2
276.15 8
513.01 9
344.58 9
81.22 1
266.59 8
224.45 4
163.20 1
191.64 4
91.92 1
158.98 2
247.59 5
275.77 4
91.14 3
146.11 4
100.66 1
212.06 2
208.90 4
63.39 2
317.17 8
217.15 4
155.91 2
221.65 2
190.34 1
366.77 5
117.95 1
78.16 1
284.94 6
61.52 1
242.71 3
213.90 5
114.00 1
283.10 5
345.41 3
339.08 6
227.79 4
385.08 12
323.56 4
267.38 1
133.24 2
363.01 11
175.33 2
136.42 3
438.05 16
164.81 3
246.15 4
222.00 3
197.59 3
271.66 5
160.98 2
104.74 1
27.02 1
196.02 4
329.71 11
141.91 2
92.66 3
155.91 2
258.94 7
326.73 6
218.96 7
18.38 1
99.20 2
199.45 4
140.90 2
274.18 3
100.08 2
289.40 3
201.99 4
171.59 2
108.68 1
177.37 2
290.90 6
192.77 4
185.63 4
80.92 1
175.51 3
197.09 2
161.40 6
234.05 3
29.68 1
435.07 13
249.90 7
150.79 1
358.67 10
163.20 1
101.67 1
214.58 3
149.47 2
150.79 2
241.17 2
172.04 5
259.45 2
255.84 6
491.07 10
396.55 11
183.13 3
72.95 1
217.00 4
544.03 15
326.19 9
42.45 2
209.01 6
201.01 4
294.29 4
66.12 1
169.92 1
107.20 2
228.97 4
118.70 2
279.54 3
145.67 4
363.11 4
112.71 6
159.05 2
49.19 1
411.35 9
403.98 8
88.01 2
234.75 7
284.86 4
137.71 3
375.84 6
150.05 2
81.01 1
384.21 12
300.72 8
101.97 3
234.27 4
208.39 1
119.27 2
294.82 3
414.67 9
297.57 8
245.02 2
413.98 9
352.92 9
326.01 7
621.53 5
154.26 1
162.61 1
210.98 6
83.35 2
85.44 2
163.98 4
18.38 1
341.97 4
88.54 1
180.29 2
163.05 1
296.23 12
68.96 2
150.05 1
219.02 2
82.10 1
131.32 3
127.80 2
366.77 3
225.42 4
279.51 2
414.25 9
207.69 6
398.84 8
163.92 3
304.20 10
182.15 4
88.87 1
264.55 6
208.39 1
150.33 2
354.11 11
76.97 1
285.28 4
341.58 5
208.06 2
614.69 15
235.34 3
335.31 6
201.99 4
253.30 3
223.40 7
278.82 6
194.74 2
27.02 1
104.74 1
42.45 2
196.84 3
134.41 4
158.22 2
197.09 2
210.34 2
386.96 5
133.33 2
121.34 2
160.70 2
235.34 5
75.93 1
259.20 2
256.81 3
321.62 6
100.42 1
111.79 2
123.47 2
159.93 1
117.95 2
218.15 3
96.25 1
213.90 3
147.43 4
325.27 4
292.04 5
49.19 1
78.16 1
363.25 1
190.34 2
267.38 2
136.94 2
69.30 2
306.14 4
149.21 2
233.02 1
418.50 9
112.68 3
482.65 14
255.56 5
228.33 3
85.44 3
38.00 1
175.96 3
210.12 2
104.20 2
95.59 2
250.58 2
330.26 6
293.82 3
91.92 1
387.29 4
70.38 2
209.00 4
294.08 3
312.97 4
348.42 8
280.12 6
212.85 3
326.17 5
183.45 4
180.29 3
123.47 2
166.01 3
233.02 6
39.01 1
103.86 1
323.15 6
209.66 3
199.82 4
454.10 9
75.93 1
293.74 2
44.91 2
215.87 4
303.20 9
214.28 9
301.90 4
52.00 1
158.98 2
67.20 1
228.33 3
145.67 3
276.09 3
296.10 1
303.08 7
226.42 2
163.05 1
266.31 6
262.79 3
77.37 1
222.27 2
172.57 3
292.04 10
257.33 8
190.18 2
387.33 8
103.86 1
167.29 1
380.40 6
222.27 6
233.02 3
38.00 1
322.88 5
95.59 2
327.18 5
280.69 6
433.00 5
119.27 2
100.66 1
240.35 4
70.18 2
148.64 4
332.30 9
518.93 10
70.38 1
127.80 2
65.80 1
121.34 3
185.54 3
371.10 8
323.84 8
129.02 5
215.78 6
435.99 16
172.57 3
190.42 3
175.09 2
241.17 4
101.67 1
162.61 3
67.27 1
519.30 17
278.64 5
246.84 3
39.01 1
149.47 2
255.20 6
296.30 4
412.46 13
275.57 5
133.33 1
199.45 2
183.13 5
153.18 1
173.92 4
244.97 6
25.50 1
118.14 4
198.46 1
88.54 1
69.30 1
214.17 5
25.50 1
225.38 2
263.59 4
63.39 2
113.77 1
220.77 3
383.74 7
181.62 3
210.12 2
212.23 3
245.60 7
272.00 11
296.10 3
208.90 5
190.18 1
284.86 1
231.58 6
227.37 6
86.41 1
25.50 1
207.87 2
140.90 1
255.52 7
426.57 11
44.01 1
133.00 1
350.85 5
159.93 1
108.68 1
255.20 7
81.01 1
98.86 2
449.81 7
67.20 1
246.16 2
249.21 5
164.81 3
198.46 1
44.01 1
279.51 5
171.59 3
66.12 2
256.81 3
86.41 1
83.35 1
245.80 7
292.91 6
167.29 2
320.76 9
155.29 5
287.89 4
407.71 12
194.74 2
405.01 4
323.01 7
192.07 3
227.37 8
294.08 3
210.34 2
271.16 4
80.92 2
88.87 1
85.73 3
319.25 9
92.66 2
148.07 1
345.86 6
63.64 2
227.79 3
201.56 3
225.38 2
296.97 9
333.79 9
372.07 4
149.21 2
136.94 1
98.86 1
169.81 7
345.41 7
202.83 5
65.80 1
127.61 2

58.94 1
254.58 3
268.41 8
234.88 8
135.79 3
118.23 3
155.03 3
106.92 3
124.02 5
134.20 2
224.89 6
262.49 6
127.24 3
118.23 3
305.41 9
141.69 9
59.91 1
85.59 2
181.60 2
149.04 3
224.11 4
121.84 1
113.78 1
176.03 6
154.99 3
41.48 1
320.50 7
16.12 1
206.41 6
89.89 2
223.64 11
484.55 25
149.04 3
148.95 3
171.96 4
129.44 2
189.99 4
166.46 4
154.55 4
219.66 7
147.49 5
89.29 3
205.55 2
242.24 10
145.60 4
292.21 6
200.77 6
203.97 4
31.83 1
34.06 1
173.37 4
83.95 3
106.89 3
115.11 3
94.67 1
59.54 1
193.85 4
311.19 10
93.24 2
243.90 8
57.56 1
129.50 1
182.62 4
170.60 5
164.71 4
242.17 6
88.10 2
184.97 2
54.74 1
208.93 6
211.81 4
43.86 2
205.00 2
18.03 1
248.17 10
22.14 1
144.20 1
115.69 3
270.57 6
147.49 3
238.07 5
214.98 6
262.39 4
110.07 3
86.37 1
173.07 2
150.24 2
60.17 1
152.78 1
181.60 2
254.01 8
217.20 7
446.70 26
86.68 2
156.59 4
162.11 4
198.01 5
318.00 7
79.98 1
296.77 11
210.26 3
281.68 10
179.11 2
115.73 1
147.68 3
240.71 2
249.72 4
252.03 7
126.06 3
220.51 5
234.44 8
43.97 1
88.10 1
127.58 3
83.73 3
134.77 2
114.86 2
117.69 3
126.12 1
71.34 1
268.33 5
34.71 1
109.66 4
168.60 7
137.35 5
34.06 1
279.26 7
69.35 1
188.48 5
54.74 1
148.05 3
126.57 4
219.18 4
121.51 2
79.40 3
247.62 8
236.18 5
107.67 1
279.69 6
228.04 2
116.00 2
46.17 1
150.57 2
135.92 4
80.11 1
164.65 6
122.09 3
107.67 1
135.64 3
224.62 7
254.80 6
94.67 1
163.78 6
142.23 3
193.24 8
340.60 12
93.24 1
302.95 11
417.26 18
369.76 9
133.30 4
182.83 3
211.47 3
158.40 1
160.70 4
22.20 1
167.55 3
113.30 1
46.17 1
18.03 1
290.70 5
130.42 2
229.61 4
184.97 2
278.72 7
348.04 16
167.60 4
147.80 4
224.54 4
182.33 8
78.01 1
139.63 4
289.08 9
109.49 2
302.33 8
100.62 1
81.79 1
231.72 8
190.18 6
146.81 5
154.99 4
77.88 1
145.91 2
194.28 6
17.00 1
209.03 5
234.80 6
208.69 6
181.22 3
370.57 17
8.54 1
114.42 4
172.99 4
98.29 2
338.07 7
246.42 10
184.55 5
124.62 3
126.18 2
355.68 18
22.14 1
192.31 6
186.63 3
60.21 1
349.60 7
156.22 2
211.01 4
141.41 4
281.78 9
176.67 3
226.52 8
200.28 5
203.31 8
121.84 1
180.51 5
115.11 2
146.70 3
89.14 2
213.25 6
14.56 1
100.17 2
80.23 1
229.46 7
160.70 2
143.96 2
193.22 4
129.44 3
134.77 1
72.03 1
80.11 1
197.37 2
297.13 9
233.42 7
98.11 4
193.40 6
185.33 6
155.80 5
98.62 1
74.25 1
337.54 11
96.01 1
171.68 1
228.04 3
228.30 9
165.60 2
152.78 2
168.60 5
139.63 3
31.83 1
194.00 3
16.12 1
113.22 2
136.00 2
254.80 5
237.43 7
92.65 2
175.18 4
249.72 4
34.06 1
114.86 2
284.60 7
219.80 8
247.42 6
180.04 3
54.71 1
77.10 1
34.48 1
151.34 6
70.83 1
106.94 4
272.62 6
31.32 1
266.54 5
130.38 1
18.44 1
113.30 1
17.12 1
83.24 2
106.44 1
33.14 1
446.48 10
117.69 2
18.79 1
160.59 1
113.72 2
364.18 14
209.03 4
91.21 3
60.21 1
158.05 5
68.80 2
8.54 1
122.78 3
204.48 5
329.67 11
78.75 2
78.75 2
42.30 1
144.20 1
158.40 3
115.97 4
180.51 2
186.70 4
188.82 4
93.41 1
132.67 2
109.04 1
197.77 5
69.29 2
72.03 1
148.12 3
247.21 8
206.19 4
184.45 5
121.81 1
84.17 2
132.44 4
21.02 1
41.48 2
244.08 4
162.11 1
133.82 1
107.63 2
165.00 2
247.62 9
53.34 1
396.83 17
203.19 1
123.11 3
142.24 2
160.06 4
235.44 6
110.11 3
66.03 1
294.03 6
320.11 10
58.86 2
168.77 6
77.47 2
120.00 5
104.22 2
170.07 4
59.91 1
118.98 3
244.82 6
170.70 4
249.93 5
114.42 4
143.63 4
222.10 5
330.55 16
259.63 10
221.84 4
78.01 1
77.62 4
103.00 2
186.63 4
270.57 5
328.98 4
188.81 6
145.66 5
110.07 3
80.23 1
120.54 5
199.96 6
124.52 5
209.80 7
167.55 3
179.11 5
147.80 3
224.21 3
203.38 4
299.30 7
43.29 1
152.95 3
106.89 2
123.49 2
334.64 9
124.33 3
104.04 1
156.59 2
225.00 4
196.23 3
154.94 4
107.91 2
339.38 11
182.46 3
180.83 4
342.71 10
73.25 1
210.26 2
214.39 6
185.81 4
91.21 3
182.78 6
193.83 6
61.98 1
111.25 1
131.91 1
148.65 4
113.72 1
51.24 1
199.96 5
327.22 7
197.57 6
191.78 6
251.00 4
241.85 4
205.66 3
95.08 2
206.29 7
87.68 1
193.66 6
258.37 6
49.66 1
190.06 5
102.84 2
133.82 1
286.11 7
203.39 13
217.37 5
245.13 7
152.50 3
125.30 3
173.07 1
311.25 6
176.12 4
121.81 2
298.46 8
113.89 2
113.22 1
212.36 5
155.80 4
43.86 2
328.98 7
21.10 1
311.73 13
121.92 3
195.07 6
186.45 3
195.14 4
115.69 1
145.66 2
238.38 4
239.17 5
123.11 2
174.04 4
78.23 1
224.54 3
223.29 8
119.50 2
79.40 3
73.76 4
214.39 5
108.78 1
165.60 3
31.32 1
139.18 3
70.83 1
69.35 2
42.30 1
200.42 10
85.63 1
202.07 3
21.10 1
83.24 2
78.23 1
93.41 1
76.69 1
166.01 3
97.94 2
18.03 1
135.72 2
268.75 4
53.34 1
21.02 1
465.00 20
181.66 5
233.93 5
181.82 2
109.66 4
71.34 1
251.45 11
113.89 2
232.59 5
205.29 6
96.01 1
167.60 4
172.53 5
142.24 5
128.72 4
130.42 1
378.76 13
130.98 1
33.14 1
463.42 12
36.50 1
127.29 2
108.78 1
134.20 1
89.56 1
300.17 9
219.80 6
218.41 6
100.17 3
90.87 1
182.83 4
89.16 2
135.72 2
100.96 1
183.77 7
107.91 1
109.42 2
193.85 6
10.30 1
109.40 1
183.77 6
289.86 3
58.86 1
261.28 9
383.42 9
102.96 2
58.94 1
110.02 1
252.67 6
300.19 11
253.14 10
47.54 1
165.11 3
310.58 15
89.16 3
338.20 13
163.60 2
126.12 2
114.48 1
201.30 3
229.21 4
261.22 6
73.25 1
121.92 2
127.04 2
337.85 13
65.92 1
30.36 1
200.94 2
54.71 1
165.30 3
116.00 2
200.94 2
100.62 2
129.50 2
163.59 2
233.81 8
109.40 1
315.83 18
181.46 4
200.44 4
123.49 2
116.62 4
241.85 4
241.05 7
156.28 2
107.91 2
155.60 2
101.39 2
144.78 3
298.46 11
304.00 9
134.63 5
19.24 1
256.90 7
21.02 1
106.44 1
216.06 5
74.11 1
188.48 3
258.28 10
124.62 1
92.65 1
225.02 6
75.54 1
237.07 4
143.96 3
60.17 1
139.47 5
50.80 1
65.25 1
150.24 2
162.19 6
85.42 2
59.54 1
51.24 1
406.43 21
238.00 3
101.12 1
55.04 1
197.61 4
141.15 3
223.29 6
109.42 1
92.63 2
183.77 5
36.50 1
74.25 1
298.90 8
178.31 3
50.09 1
170.06 3
17.00 1
251.98 6
242.54 5
85.63 1
86.68 1
275.69 8
142.06 4
162.01 1
340.28 9
110.15 4
191.44 4
145.91 3
139.29 1
180.83 8
272.03 10
118.60 1
109.49 2
234.09 4
254.49 9
184.29 4
211.90 4
188.90 6
334.98 15
97.94 2
30.46 1
383.11 7
141.41 2
77.10 2
114.48 3
107.91 5
117.20 3
131.71 4
224.20 4
138.60 4
150.57 2
260.57 9
144.94 3
109.79 2
201.48 5
79.40 3
265.51 6
97.51 1
173.08 6
17.00 1
241.93 7
192.31 4
66.03 1
208.02 4
263.25 7
290.80 7
127.29 3
92.44 1
127.04 2
426.19 11
554.39 15
221.05 5
341.88 14
128.72 4
395.04 14
101.00 2
477.85 23
111.16 4
50.09 1
131.91 2
204.13 3
171.68 2
28.02 1
17.00 1
242.25 7
111.25 1
268.33 8
305.50 12
132.67 3
87.32 1
165.00 1
156.28 2
124.62 2
43.97 2
160.43 1
137.42 3
252.42 8
164.65 3
74.11 1
65.92 1
67.54 2
22.20 1
90.80 2
258.28 13
65.25 1
163.78 4
111.23 3
199.36 3
184.29 5
217.37 5
447.33 31
58.82 1
77.88 1
111.52 4
75.54 1
117.60 2
79.62 1
296.54 6
87.68 1
30.36 1
172.99 3
122.78 3
245.77 5
147.80 5
188.94 4
17.12 1
209.03 4
211.01 3
264.62 6
181.89 7
160.59 2
122.09 1
113.78 2
180.02 4
203.19 3
127.58 3
291.38 5
267.88 3
71.85 2
115.73 2
162.81 4
89.14 3
114.48 2
172.54 5
199.38 5
204.88 6
278.72 11
77.47 1
323.59 9
58.82 1
209.61 12
217.97 7
176.12 1
146.70 3
87.80 2
14.56 1
105.99 2
127.35 1
154.94 6
18.44 1
369.40 5
175.41 7
302.29 11
100.96 1
244.08 6
205.00 6
184.63 6
263.02 8
49.20 2
267.62 11
366.20 11
140.94 3
149.05 2
49.66 1
84.17 1
293.47 9
160.43 4
144.94 2
79.98 1
302.32 6
230.60 6
130.98 2
179.20 6
324.78 13
185.91 2
34.06 1
214.28 6
105.99 1
265.51 10
193.83 2
253.79 10
198.88 6
206.09 2
85.59 1
176.69 5
34.71 1
193.22 3
224.11 5
134.08 2
308.08 18
180.04 4
229.54 5
398.25 19
137.42 3
248.20 9
224.21 2
30.46 1
111.99 1
85.70 1
155.03 3
135.92 4
68.66 2
49.20 1
211.81 4
106.04 1
162.01 3
171.21 2
203.81 6
226.08 5
284.71 6
215.39 6
221.98 10
227.11 6
79.62 1
297.28 10
110.02 2
111.23 3
55.04 1
79.40 2
256.73 12
397.48 17
329.67 6
89.56 2
165.11 3
27.80 1
197.31 3
111.99 1
186.45 5
174.24 5
358.15 13
251.44 2
245.13 5
154.94 2
125.99 5
64.56 1
34.48 1
67.54 2
195.21 8
92.44 2
127.32 3
127.20 4
57.63 2
232.59 3
28.02 1
97.51 1
142.23 3
206.09 2
284.60 9
318.76 7
224.20 2
171.21 3
104.22 2
120.54 5
84.02 2
101.12 1
164.66 4
151.08 7
176.98 4
252.77 3
79.71 2
160.06 3
164.66 6
124.62 1
197.31 3
245.82 8
241.30 2
60.17 2
145.60 4
130.38 1
152.50 2
138.51 3
203.39 9
226.42 5
87.80 1
111.16 3
207.95 6
67.12 1
238.47 6
258.31 9
151.49 3
50.93 1
371.98 20
205.66 5
231.22 10
448.74 14
85.43 4
181.82 3
238.07 3
18.79 1
104.04 2
219.18 3
21.10 1
79.71 1
57.56 1
114.48 3
370.84 11
106.04 2
196.79 4
153.83 3
344.36 16
200.44 6
67.12 3
10.30 1
147.68 2
106.93 3
193.66 3
186.70 3
100.22 3
170.07 3
98.62 1
217.97 6
137.30 1
94.20 3
109.79 1
295.45 12
225.00 5
224.89 5
119.50 3
286.92 10
166.46 3
154.55 2
43.29 1
45.61 2
138.31 5
76.92 1
81.79 1
146.81 5
148.95 4
211.47 3
383.30 18
118.60 1
124.02 3
206.19 5
176.83 6
21.02 1
210.40 6
19.24 1
61.98 1
185.87 12
71.85 2
167.26 4
210.30 7
108.06 3
68.80 1
102.96 3
18.03 1
120.30 3
185.40 4
310.39 8
136.00 2
50.80 1
50.93 1
85.70 1
246.08 8
137.30 2
240.30 3
64.56 1
106.92 2
87.32 1
186.04 3
68.66 2
250.89 5
260.60 9
101.39 1
127.35 1
140.94 2
264.49 9
298.97 12
103.00 2
235.54 6
134.08 2
226.52 9
47.54 1
89.89 2
307.43 7
139.29 2
90.87 1
212.29 7
76.69 1
86.37 1
21.10 1
76.92 1
188.90 5
278.80 13
228.63 5
99.62 3
27.80 1
109.04 2

243.50 6
329.53 14
250.07 4
214.90 2
210.95 2
185.05 5
333.40 8
421.43 15
128.14 2
143.25 2
156.31 6
451.07 13
73.76 1
87.93 1
66.27 1
46.27 1
255.38 5
107.70 2
49.24 1
272.92 5
152.33 4
92.66 2
237.81 8
294.06 13
85.04 2
166.72 4
318.94 6
192.50 6
370.32 17
393.01 17
140.09 2
90.35 2
121.20 1
222.25 5
188.13 4
87.73 1
281.94 12
117.65 5
100.50 1
177.37 3
382.59 18
131.32 2
34.93 1
12.17 1
26.40 1
103.31 2
202.43 3
214.90 4
158.24 3
203.93 5
27.46 1
193.63 6
96.88 2
95.77 2
167.17 2
182.78 2
282.18 10
225.89 1
176.14 3
115.52 2
237.74 10
182.24 1
115.43 3
222.28 8
98.43 1
211.44 8
215.20 8
218.34 3
55.47 1
229.37 5
35.47 1
250.07 3
181.84 2
81.02 2
164.68 1
483.10 7
106.53 1
77.10 1
37.36 1
64.35 1
147.34 4
152.50 3
173.17 4
203.69 7
64.38 2
258.54 3
219.18 6
214.25 8
42.54 1
250.42 9
189.21 3
79.92 2
147.61 4
45.61 3
185.83 4
244.70 4
112.45 1
185.13 5
232.95 5
58.94 1
114.74 2
197.31 3
225.58 5
126.83 5
172.70 2
94.15 2
180.71 3
255.38 6
180.83 3
214.02 7
117.39 1
100.50 2
145.00 6
220.23 5
87.73 1
63.56 2
234.47 5
31.38 1
211.75 4
130.36 2
180.00 3
199.86 6
213.14 2
297.83 9
126.91 3
67.05 2
185.61 1
164.98 2
95.63 3
34.93 1
309.26 13
147.61 2
217.46 7
142.13 4
90.35 3
265.05 8
93.92 2
67.47 2
167.17 3
241.31 5
155.82 2
152.50 3
200.35 1
163.22 6
191.60 4
214.40 8
267.53 9
197.31 3
131.37 4
83.73 1
46.27 1
123.98 3
246.15 8
115.38 3
198.08 2
263.33 10
159.13 4
132.19 1
161.64 4
185.61 4
222.25 4
259.40 4
108.23 1
147.11 3
146.33 1
155.05 3
305.36 6
46.10 1
149.69 4
149.26 1
197.85 4
106.53 2
241.90 6
102.46 1
126.83 1
208.29 5
208.00 4
68.25 2
204.24 7
105.85 2
270.03 9
124.45 2
143.59 2
185.30 4
73.33 1
120.62 2
41.76 1
88.96 3
442.80 23
161.31 4
123.56 3
26.08 1
131.37 1
81.02 1
259.94 5
84.86 1
86.01 1
138.08 1
89.27 1
102.20 1
185.61 5
83.86 3
91.39 2
113.53 1
375.21 10
210.77 4
82.68 2
108.37 2
33.11 1
139.71 1
290.72 6
16.16 1
68.60 1
143.25 2
161.31 5
182.00 4
26.40 1
42.54 1
144.05 3
107.04 1
236.69 7
98.01 1
280.40 6
129.71 4
100.42 1
441.55 18
259.47 10
35.47 1
64.03 1
145.67 1
87.97 3
287.08 4
95.71 3
301.30 12
85.59 2
231.46 4
196.77 4
164.40 3
132.19 1
196.77 5
89.14 2
44.38 1
154.15 2
229.37 3
163.88 2
158.15 2
240.96 10
78.45 1
218.63 6
169.64 3
159.05 2
114.34 3
77.10 2
242.84 9
78.24 1
305.47 6
143.59 3
118.14 1
123.00 3
149.88 3
58.94 1
136.57 1
149.88 3
55.32 1
130.00 2
182.24 3
341.50 12
160.16 4
130.38 1
117.39 3
76.61 1
292.49 14
142.89 4
289.56 6
146.01 4
117.48 2
68.01 1
154.00 2
233.03 6
160.21 4
12.17 1
68.25 2
160.38 5
68.01 1
99.13 1
176.92 3
108.23 1
34.54 1
61.00 1
108.37 1
243.99 6
273.15 8
51.61 2
117.15 1
339.40 15
125.59 3
348.58 8
98.72 3
179.34 5
226.00 4
37.22 1
256.91 3
101.26 2
247.23 7
45.28 1
254.87 11
259.09 5
293.78 9
238.65 4
264.78 5
346.59 14
229.75 4
263.80 2
40.61 1
199.46 5
276.40 6
193.34 5
45.28 1
102.22 1
163.49 2
64.40 1
473.05 28
121.66 3
246.45 6
139.71 1
349.21 11
169.25 5
311.26 10
212.04 8
87.93 1
249.59 6
162.61 3
62.65 1
82.49 2
204.69 8
134.46 4
16.16 1
357.51 10
162.94 5
201.46 8
299.87 12
62.20 2
68.24 2
433.87 19
232.83 9
94.51 2
203.53 7
169.64 3
252.24 3
209.72 3
112.01 2
163.88 4
62.94 2
98.01 1
162.96 6
124.42 3
79.91 1
115.12 1
170.79 3
156.60 3
199.90 7
302.91 7
366.11 21
20.25 1
108.37 1
33.54 3
271.25 9
228.56 5
352.90 9
170.79 1
188.81 3
120.04 4
162.81 1
72.18 2
46.10 1
146.37 3
142.13 2
301.98 14
109.64 2
95.34 2
262.13 4
115.12 1
123.00 2
164.98 2
82.00 1
377.90 10
6.08 1
69.07 2
214.80 5
98.43 1
21.47 2
352.94 12
95.60 3
112.01 2
229.96 10
50.01 1
166.71 3
262.59 7
97.86 1
127.48 4
129.39 4
118.27 2
206.93 3
87.24 1
122.48 1
216.82 5
33.00 1
164.98 2
257.26 4
263.80 5
118.88 2
61.00 1
200.35 2
98.08 2
143.93 2
108.08 4
248.50 8
99.70 3
131.53 2
335.86 12
210.95 3
163.51 3
131.55 5
158.15 1
164.68 1
20.25 1
218.76 6
116.30 4
156.01 4
108.08 2
310.41 18
99.33 1
91.93 1
168.00 6
86.01 1
476.83 11
212.96 11
186.53 3
52.81 1
50.93 1
102.86 1
94.15 2
124.17 2
247.23 8
234.47 3
310.19 20
405.36 18
170.56 2
199.62 5
24.19 1
257.05 6
128.27 2
69.03 1
186.80 2
327.22 8
258.19 7
17.00 1
117.15 1
138.08 1
223.14 5
237.81 8
90.80 1
97.86 1
123.56 3
252.12 8
90.80 1
178.55 4
47.80 1
173.66 3
159.10 5
110.63 1
197.71 8
97.62 2
145.99 3
59.00 1
250.30 7
189.21 2
134.24 2
116.71 4
72.18 1
457.80 13
144.51 3
62.94 1
34.54 1
328.55 10
246.60 7
109.49 3
77.10 1
130.36 3
228.40 6
118.14 3
92.05 1
141.01 4
247.39 3
153.77 3
171.49 5
78.24 2
146.73 4
169.96 2
196.49 5
241.75 8
180.83 3
213.14 5
147.85 3
109.49 3
189.55 2
215.11 7
154.15 5
155.26 3
120.04 3
91.93 1
98.41 2
220.23 5
144.53 4
25.06 1
278.02 7
154.05 5
376.64 21
121.33 2
203.59 2
180.35 3
123.98 3
31.38 1
82.49 1
297.22 19
146.37 3
121.20 2
176.91 3
81.69 1
146.44 3
110.63 2
73.76 1
260.86 9
186.80 6
89.50 1
205.01 2
121.62 1
70.09 1
79.01 2
38.28 1
102.42 5
241.75 9
177.79 4
183.37 5
229.63 4
225.80 7
144.05 3
151.05 4
262.53 6
195.72 4
194.79 6
173.33 6
109.60 1
232.59 5
121.62 1
161.31 3
258.63 9
136.03 4
130.00 2
56.30 1
291.23 3
332.77 15
22.67 1
338.34 8
92.18 1
36.25 1
50.70 1
117.65 4
77.10 2
84.48 2
99.54 2
118.85 3
51.61 1
85.00 3
140.09 1
108.37 2
230.71 5
214.76 6
303.90 6
102.20 4
334.25 12
82.98 1
115.43 2
147.34 4
202.43 3
143.93 2
92.18 1
243.99 4
238.42 5
293.34 13
94.15 1
71.59 3
183.87 3
93.54 4
147.76 3
181.84 6
129.87 2
163.49 2
107.04 1
106.10 1
59.77 1
145.17 2
166.23 2
319.26 14
313.52 5
206.16 3
342.58 5
136.93 2
128.27 2
276.45 10
226.00 4
105.85 1
113.64 1
102.86 1
83.73 1
417.02 11
136.93 1
120.07 2
206.16 4
26.08 1
50.01 2
148.22 4
105.26 2
40.20 1
203.49 4
167.69 4
214.80 5
177.10 3
252.12 7
84.86 1
369.91 3
274.12 8
170.05 8
17.00 1
141.89 4
197.95 4
163.88 2
303.64 10
106.10 1
179.33 5
101.39 2
211.75 3
166.23 2
148.22 3
197.95 6
37.22 1
404.36 7
180.71 3
129.39 4
300.56 8
89.27 2
52.81 2
63.56 1
82.00 1
124.87 3
156.49 3
161.30 3
218.76 7
155.05 6
55.47 1
132.00 3
196.94 10
64.38 2
170.56 2
133.84 4
281.00 4
131.53 2
194.20 4
206.53 8
129.87 2
156.01 5
59.77 1
121.38 3
99.33 2
33.00 1
124.42 4
195.73 5
130.92 1
166.72 3
333.71 8
128.14 1
222.97 6
85.59 4
145.67 2
21.47 2
203.65 4
183.62 6
124.52 2
83.36 2
25.06 1
314.52 8
70.09 1
225.89 3
145.34 4
67.05 1
93.92 2
76.61 2
176.14 3
62.03 2
111.16 1
140.04 4
47.80 1
113.64 1
98.74 4
154.95 3
81.69 2
110.45 2
81.61 1
108.56 3
27.46 1
111.16 4
290.42 8
235.31 5
172.70 1
68.60 2
257.16 5
168.43 3
193.21 7
162.61 1
62.20 1
169.11 5
124.45 4
120.07 2
227.09 7
170.99 4
58.69 2
181.18 5
58.69 2
64.35 1
159.06 4
224.74 5
121.66 5
116.25 1
162.81 2
252.51 5
166.71 2
159.66 3
164.40 4
196.21 3
328.31 12
55.32 1
270.10 14
186.34 4
369.91 4
62.03 2
99.70 2
214.40 6
136.89 3
189.55 4
56.30 1
197.10 5
313.91 9
40.80 1
177.72 6
91.39 1
130.38 3
212.20 7
155.82 3
348.69 7
195.53 10
81.39 2
31.06 1
135.00 4
188.13 6
292.96 10
203.49 8
221.77 7
168.32 3
195.21 4
113.53 3
389.87 6
103.31 1
104.00 3
104.00 5
247.39 9
149.26 2
250.20 7
244.05 3
102.22 1
126.15 3
64.03 1
183.48 6
109.60 2
297.22 13
249.37 12
251.28 7
146.33 2
236.92 3
112.45 1
69.03 2
156.01 4
326.04 15
257.26 6
24.19 1
227.26 5
270.00 5
83.86 2
205.06 7
146.44 3
68.24 2
59.51 1
108.89 2
81.61 1
162.54 4
142.13 1
179.33 4
118.88 1
213.01 5
266.91 3
219.99 6
77.03 1
124.52 1
115.38 2
267.48 7
710.03 20
298.75 12
71.03 1
118.97 4
152.33 2
114.34 2
123.23 2
235.76 4
338.40 6
229.63 5
248.50 7
163.23 4
131.32 3
294.64 8
130.92 1
198.95 8
288.51 10
384.10 13
245.78 6
33.11 1
208.29 4
100.00 2
326.27 12
22.67 1
50.93 1
414.04 20
66.27 1
104.06 1
231.46 2
79.92 2
6.08 1
185.61 4
40.80 1
36.25 1
71.03 3
48.76 1
77.90 1
119.67 1
362.84 11
62.65 2
487.23 14
294.77 9
173.66 3
198.12 7
104.32 4
299.83 6
203.59 3
31.06 1
138.29 3
217.71 6
219.86 5
289.56 2
104.06 1
69.07 1
228.96 8
108.56 2
205.14 6
40.61 1
310.31 9
122.48 2
122.33 4
169.96 3
108.89 2
158.93 3
178.55 3
278.03 8
232.40 6
230.20 8
196.21 2
224.74 3
188.81 3
197.95 5
127.44 3
233.81 6
77.90 2
135.00 6
161.30 5
285.49 7
87.24 1
110.45 2
227.40 8
347.98 6
157.09 3
71.03 2
150.57 4
210.95 8
138.00 1
266.91 10
95.77 2
320.66 12
218.34 8
118.27 3
352.40 11
108.17 1
232.85 5
89.50 1
251.28 8
217.38 6
102.46 3
159.84 4
181.73 4
98.72 2
40.20 2
149.69 5
147.00 4
156.60 1
295.48 6
142.56 2
355.19 11
102.20 1
59.51 1
200.93 6
99.13 1
245.78 6
108.17 1
270.84 8
228.56 4
138.42 2
146.99 4
41.76 1
38.28 1
84.48 2
138.00 1
104.24 2
147.85 3
203.53 3
107.20 4
276.40 7
142.17 5
368.49 8
191.55 3
78.45 1
50.70 1
136.57 1
205.01 4
73.33 2
82.98 1
116.25 3
100.18 3
210.95 8
236.69 3
48.76 1
250.53 5
123.23 2
355.49 12
306.37 7
224.40 8
37.36 1
176.16 4
107.70 2
49.24 1
343.45 9
269.36 9
85.00 2
156.49 1
153.77 2
338.40 13
73.03 1
168.32 3
59.00 1
214.67 4
92.05 1
136.03 3
95.34 1
109.64 1
99.54 1
44.38 1
77.03 1
191.11 7
85.04 1
191.23 7
96.88 1
202.61 4
119.67 1
64.40 1
164.22 6
73.03 2
169.04 4
169.31 5
264.05 10
81.39 2
295.48 6
100.42 2
263.23 8
79.91 1
191.44 5

